[0.019s] Invoking command in '/home/u24/Documents/sw/carryall/build/carryall_bringup': AMENT_PREFIX_PATH=/home/u24/Documents/sw/carryall/install/carryall_navigation:/home/u24/Documents/sw/carryall/install/carryall_description:/home/u24/Documents/sw/carryall/install/carryall_controller:${AMENT_PREFIX_PATH} CMAKE_PREFIX_PATH=/home/u24/Documents/sw/carryall/install/carryall_navigation:/home/u24/Documents/sw/carryall/install/carryall_description:/opt/ros/jazzy/opt/gz_sim_vendor:/opt/ros/jazzy/opt/gz_sensors_vendor:/opt/ros/jazzy/opt/gz_physics_vendor:/opt/ros/jazzy/opt/sdformat_vendor:/opt/ros/jazzy/opt/gz_gui_vendor:/opt/ros/jazzy/opt/gz_transport_vendor:/opt/ros/jazzy/opt/gz_rendering_vendor:/opt/ros/jazzy/opt/gz_plugin_vendor:/opt/ros/jazzy/opt/gz_fuel_tools_vendor:/opt/ros/jazzy/opt/gz_msgs_vendor:/opt/ros/jazzy/opt/gz_common_vendor:/opt/ros/jazzy/opt/gz_math_vendor:/opt/ros/jazzy/opt/gz_utils_vendor:/opt/ros/jazzy/opt/gz_tools_vendor:/opt/ros/jazzy/opt/gz_ogre_next_vendor:/opt/ros/jazzy/opt/gz_dartsim_vendor:/opt/ros/jazzy/opt/gz_cmake_vendor:/opt/ros/jazzy DEBUGINFOD_URLS=https://debuginfod.ubuntu.com PATH=/home/u24/Documents/sw/carryall/install/carryall_controller/bin:${PATH} PYTHONPATH=/home/u24/Documents/sw/carryall/build/carryall_controller:/home/u24/Documents/sw/carryall/install/carryall_controller/lib/python3.12/site-packages:${PYTHONPATH} /usr/bin/cmake /home/u24/Documents/sw/carryall/src/carryall_bringup -DAMENT_CMAKE_SYMLINK_INSTALL=1 -DCMAKE_INSTALL_PREFIX=/home/u24/Documents/sw/carryall/install/carryall_bringup
[0.128s] -- The C compiler identification is GNU 13.3.0
[0.238s] -- The CXX compiler identification is GNU 13.3.0
[0.268s] -- Detecting C compiler ABI info
[0.456s] -- Detecting C compiler ABI info - done
[0.474s] -- Check for working C compiler: /usr/bin/cc - skipped
[0.475s] -- Detecting C compile features
[0.476s] -- Detecting C compile features - done
[0.494s] -- Detecting CXX compiler ABI info
[0.675s] -- Detecting CXX compiler ABI info - done
[0.696s] -- Check for working CXX compiler: /usr/bin/c++ - skipped
[0.697s] -- Detecting CXX compile features
[0.698s] -- Detecting CXX compile features - done
[0.706s] -- Found ament_cmake: 2.5.5 (/opt/ros/jazzy/share/ament_cmake/cmake)
[1.033s] -- Found Python3: /usr/bin/python3 (found version "3.12.3") found components: Interpreter 
[1.174s] -- Override CMake install command with custom implementation using symlinks instead of copying resources
[1.475s] -- Configuring done (1.4s)
[1.481s] -- Generating done (0.0s)
[1.484s] -- Build files have been written to: /home/u24/Documents/sw/carryall/build/carryall_bringup
[1.493s] Invoked command in '/home/u24/Documents/sw/carryall/build/carryall_bringup' returned '0': AMENT_PREFIX_PATH=/home/u24/Documents/sw/carryall/install/carryall_navigation:/home/u24/Documents/sw/carryall/install/carryall_description:/home/u24/Documents/sw/carryall/install/carryall_controller:${AMENT_PREFIX_PATH} CMAKE_PREFIX_PATH=/home/u24/Documents/sw/carryall/install/carryall_navigation:/home/u24/Documents/sw/carryall/install/carryall_description:/opt/ros/jazzy/opt/gz_sim_vendor:/opt/ros/jazzy/opt/gz_sensors_vendor:/opt/ros/jazzy/opt/gz_physics_vendor:/opt/ros/jazzy/opt/sdformat_vendor:/opt/ros/jazzy/opt/gz_gui_vendor:/opt/ros/jazzy/opt/gz_transport_vendor:/opt/ros/jazzy/opt/gz_rendering_vendor:/opt/ros/jazzy/opt/gz_plugin_vendor:/opt/ros/jazzy/opt/gz_fuel_tools_vendor:/opt/ros/jazzy/opt/gz_msgs_vendor:/opt/ros/jazzy/opt/gz_common_vendor:/opt/ros/jazzy/opt/gz_math_vendor:/opt/ros/jazzy/opt/gz_utils_vendor:/opt/ros/jazzy/opt/gz_tools_vendor:/opt/ros/jazzy/opt/gz_ogre_next_vendor:/opt/ros/jazzy/opt/gz_dartsim_vendor:/opt/ros/jazzy/opt/gz_cmake_vendor:/opt/ros/jazzy DEBUGINFOD_URLS=https://debuginfod.ubuntu.com PATH=/home/u24/Documents/sw/carryall/install/carryall_controller/bin:${PATH} PYTHONPATH=/home/u24/Documents/sw/carryall/build/carryall_controller:/home/u24/Documents/sw/carryall/install/carryall_controller/lib/python3.12/site-packages:${PYTHONPATH} /usr/bin/cmake /home/u24/Documents/sw/carryall/src/carryall_bringup -DAMENT_CMAKE_SYMLINK_INSTALL=1 -DCMAKE_INSTALL_PREFIX=/home/u24/Documents/sw/carryall/install/carryall_bringup
[1.495s] Invoking command in '/home/u24/Documents/sw/carryall/build/carryall_bringup': AMENT_PREFIX_PATH=/home/u24/Documents/sw/carryall/install/carryall_navigation:/home/u24/Documents/sw/carryall/install/carryall_description:/home/u24/Documents/sw/carryall/install/carryall_controller:${AMENT_PREFIX_PATH} CMAKE_PREFIX_PATH=/home/u24/Documents/sw/carryall/install/carryall_navigation:/home/u24/Documents/sw/carryall/install/carryall_description:/opt/ros/jazzy/opt/gz_sim_vendor:/opt/ros/jazzy/opt/gz_sensors_vendor:/opt/ros/jazzy/opt/gz_physics_vendor:/opt/ros/jazzy/opt/sdformat_vendor:/opt/ros/jazzy/opt/gz_gui_vendor:/opt/ros/jazzy/opt/gz_transport_vendor:/opt/ros/jazzy/opt/gz_rendering_vendor:/opt/ros/jazzy/opt/gz_plugin_vendor:/opt/ros/jazzy/opt/gz_fuel_tools_vendor:/opt/ros/jazzy/opt/gz_msgs_vendor:/opt/ros/jazzy/opt/gz_common_vendor:/opt/ros/jazzy/opt/gz_math_vendor:/opt/ros/jazzy/opt/gz_utils_vendor:/opt/ros/jazzy/opt/gz_tools_vendor:/opt/ros/jazzy/opt/gz_ogre_next_vendor:/opt/ros/jazzy/opt/gz_dartsim_vendor:/opt/ros/jazzy/opt/gz_cmake_vendor:/opt/ros/jazzy DEBUGINFOD_URLS=https://debuginfod.ubuntu.com PATH=/home/u24/Documents/sw/carryall/install/carryall_controller/bin:${PATH} PYTHONPATH=/home/u24/Documents/sw/carryall/build/carryall_controller:/home/u24/Documents/sw/carryall/install/carryall_controller/lib/python3.12/site-packages:${PYTHONPATH} /usr/bin/cmake --build /home/u24/Documents/sw/carryall/build/carryall_bringup -- -j4 -l4
[1.561s] Invoked command in '/home/u24/Documents/sw/carryall/build/carryall_bringup' returned '0': AMENT_PREFIX_PATH=/home/u24/Documents/sw/carryall/install/carryall_navigation:/home/u24/Documents/sw/carryall/install/carryall_description:/home/u24/Documents/sw/carryall/install/carryall_controller:${AMENT_PREFIX_PATH} CMAKE_PREFIX_PATH=/home/u24/Documents/sw/carryall/install/carryall_navigation:/home/u24/Documents/sw/carryall/install/carryall_description:/opt/ros/jazzy/opt/gz_sim_vendor:/opt/ros/jazzy/opt/gz_sensors_vendor:/opt/ros/jazzy/opt/gz_physics_vendor:/opt/ros/jazzy/opt/sdformat_vendor:/opt/ros/jazzy/opt/gz_gui_vendor:/opt/ros/jazzy/opt/gz_transport_vendor:/opt/ros/jazzy/opt/gz_rendering_vendor:/opt/ros/jazzy/opt/gz_plugin_vendor:/opt/ros/jazzy/opt/gz_fuel_tools_vendor:/opt/ros/jazzy/opt/gz_msgs_vendor:/opt/ros/jazzy/opt/gz_common_vendor:/opt/ros/jazzy/opt/gz_math_vendor:/opt/ros/jazzy/opt/gz_utils_vendor:/opt/ros/jazzy/opt/gz_tools_vendor:/opt/ros/jazzy/opt/gz_ogre_next_vendor:/opt/ros/jazzy/opt/gz_dartsim_vendor:/opt/ros/jazzy/opt/gz_cmake_vendor:/opt/ros/jazzy DEBUGINFOD_URLS=https://debuginfod.ubuntu.com PATH=/home/u24/Documents/sw/carryall/install/carryall_controller/bin:${PATH} PYTHONPATH=/home/u24/Documents/sw/carryall/build/carryall_controller:/home/u24/Documents/sw/carryall/install/carryall_controller/lib/python3.12/site-packages:${PYTHONPATH} /usr/bin/cmake --build /home/u24/Documents/sw/carryall/build/carryall_bringup -- -j4 -l4
[1.563s] Invoking command in '/home/u24/Documents/sw/carryall/build/carryall_bringup': AMENT_PREFIX_PATH=/home/u24/Documents/sw/carryall/install/carryall_navigation:/home/u24/Documents/sw/carryall/install/carryall_description:/home/u24/Documents/sw/carryall/install/carryall_controller:${AMENT_PREFIX_PATH} CMAKE_PREFIX_PATH=/home/u24/Documents/sw/carryall/install/carryall_navigation:/home/u24/Documents/sw/carryall/install/carryall_description:/opt/ros/jazzy/opt/gz_sim_vendor:/opt/ros/jazzy/opt/gz_sensors_vendor:/opt/ros/jazzy/opt/gz_physics_vendor:/opt/ros/jazzy/opt/sdformat_vendor:/opt/ros/jazzy/opt/gz_gui_vendor:/opt/ros/jazzy/opt/gz_transport_vendor:/opt/ros/jazzy/opt/gz_rendering_vendor:/opt/ros/jazzy/opt/gz_plugin_vendor:/opt/ros/jazzy/opt/gz_fuel_tools_vendor:/opt/ros/jazzy/opt/gz_msgs_vendor:/opt/ros/jazzy/opt/gz_common_vendor:/opt/ros/jazzy/opt/gz_math_vendor:/opt/ros/jazzy/opt/gz_utils_vendor:/opt/ros/jazzy/opt/gz_tools_vendor:/opt/ros/jazzy/opt/gz_ogre_next_vendor:/opt/ros/jazzy/opt/gz_dartsim_vendor:/opt/ros/jazzy/opt/gz_cmake_vendor:/opt/ros/jazzy DEBUGINFOD_URLS=https://debuginfod.ubuntu.com PATH=/home/u24/Documents/sw/carryall/install/carryall_controller/bin:${PATH} PYTHONPATH=/home/u24/Documents/sw/carryall/build/carryall_controller:/home/u24/Documents/sw/carryall/install/carryall_controller/lib/python3.12/site-packages:${PYTHONPATH} /usr/bin/cmake --install /home/u24/Documents/sw/carryall/build/carryall_bringup
[1.579s] -- Install configuration: ""
[1.580s] -- Execute custom install script
[1.581s] -- Symlinking: /home/u24/Documents/sw/carryall/install/carryall_bringup/share/carryall_bringup/launch/navigation.launch.py
[1.597s] -- Symlinking: /home/u24/Documents/sw/carryall/install/carryall_bringup/share/carryall_bringup/launch/robot.launch.py
[1.612s] -- Symlinking: /home/u24/Documents/sw/carryall/install/carryall_bringup/share/carryall_bringup/launch/sim_bringup.launch.py
[1.628s] -- Symlinking: /home/u24/Documents/sw/carryall/install/carryall_bringup/share/carryall_bringup/config/rviz_config.rviz
[1.644s] -- Symlinking: /home/u24/Documents/sw/carryall/install/carryall_bringup/share/ament_index/resource_index/package_run_dependencies/carryall_bringup
[1.659s] -- Symlinking: /home/u24/Documents/sw/carryall/install/carryall_bringup/share/ament_index/resource_index/parent_prefix_path/carryall_bringup
[1.675s] -- Symlinking: /home/u24/Documents/sw/carryall/install/carryall_bringup/share/carryall_bringup/environment/ament_prefix_path.sh
[1.690s] -- Symlinking: /home/u24/Documents/sw/carryall/install/carryall_bringup/share/carryall_bringup/environment/ament_prefix_path.dsv
[1.709s] -- Symlinking: /home/u24/Documents/sw/carryall/install/carryall_bringup/share/carryall_bringup/environment/path.sh
[1.725s] -- Symlinking: /home/u24/Documents/sw/carryall/install/carryall_bringup/share/carryall_bringup/environment/path.dsv
[1.740s] -- Symlinking: /home/u24/Documents/sw/carryall/install/carryall_bringup/share/carryall_bringup/local_setup.bash
[1.756s] -- Symlinking: /home/u24/Documents/sw/carryall/install/carryall_bringup/share/carryall_bringup/local_setup.sh
[1.771s] -- Symlinking: /home/u24/Documents/sw/carryall/install/carryall_bringup/share/carryall_bringup/local_setup.zsh
[1.788s] -- Symlinking: /home/u24/Documents/sw/carryall/install/carryall_bringup/share/carryall_bringup/local_setup.dsv
[1.805s] -- Symlinking: /home/u24/Documents/sw/carryall/install/carryall_bringup/share/carryall_bringup/package.dsv
[1.821s] -- Symlinking: /home/u24/Documents/sw/carryall/install/carryall_bringup/share/ament_index/resource_index/packages/carryall_bringup
[1.839s] -- Symlinking: /home/u24/Documents/sw/carryall/install/carryall_bringup/share/carryall_bringup/cmake/carryall_bringupConfig.cmake
[1.856s] -- Symlinking: /home/u24/Documents/sw/carryall/install/carryall_bringup/share/carryall_bringup/cmake/carryall_bringupConfig-version.cmake
[1.871s] -- Symlinking: /home/u24/Documents/sw/carryall/install/carryall_bringup/share/carryall_bringup/package.xml
[1.890s] Invoked command in '/home/u24/Documents/sw/carryall/build/carryall_bringup' returned '0': AMENT_PREFIX_PATH=/home/u24/Documents/sw/carryall/install/carryall_navigation:/home/u24/Documents/sw/carryall/install/carryall_description:/home/u24/Documents/sw/carryall/install/carryall_controller:${AMENT_PREFIX_PATH} CMAKE_PREFIX_PATH=/home/u24/Documents/sw/carryall/install/carryall_navigation:/home/u24/Documents/sw/carryall/install/carryall_description:/opt/ros/jazzy/opt/gz_sim_vendor:/opt/ros/jazzy/opt/gz_sensors_vendor:/opt/ros/jazzy/opt/gz_physics_vendor:/opt/ros/jazzy/opt/sdformat_vendor:/opt/ros/jazzy/opt/gz_gui_vendor:/opt/ros/jazzy/opt/gz_transport_vendor:/opt/ros/jazzy/opt/gz_rendering_vendor:/opt/ros/jazzy/opt/gz_plugin_vendor:/opt/ros/jazzy/opt/gz_fuel_tools_vendor:/opt/ros/jazzy/opt/gz_msgs_vendor:/opt/ros/jazzy/opt/gz_common_vendor:/opt/ros/jazzy/opt/gz_math_vendor:/opt/ros/jazzy/opt/gz_utils_vendor:/opt/ros/jazzy/opt/gz_tools_vendor:/opt/ros/jazzy/opt/gz_ogre_next_vendor:/opt/ros/jazzy/opt/gz_dartsim_vendor:/opt/ros/jazzy/opt/gz_cmake_vendor:/opt/ros/jazzy DEBUGINFOD_URLS=https://debuginfod.ubuntu.com PATH=/home/u24/Documents/sw/carryall/install/carryall_controller/bin:${PATH} PYTHONPATH=/home/u24/Documents/sw/carryall/build/carryall_controller:/home/u24/Documents/sw/carryall/install/carryall_controller/lib/python3.12/site-packages:${PYTHONPATH} /usr/bin/cmake --install /home/u24/Documents/sw/carryall/build/carryall_bringup
