[  2%] [34m[1mGenerating type hashes for ROS interfaces[0m
[  2%] Built target ament_cmake_python_symlink_hins_laser_interfaces
running egg_info
creating hins_laser_interfaces.egg-info
[  2%] Built target hins_laser_interfaces__rosidl_generator_type_description
[  4%] [34m[1mGenerating C code for ROS interfaces[0m
[  6%] [34m[1mGenerating C++ code for ROS interfaces[0m
writing hins_laser_interfaces.egg-info/PKG-INFO
writing dependency_links to hins_laser_interfaces.egg-info/dependency_links.txt
writing top-level names to hins_laser_interfaces.egg-info/top_level.txt
writing manifest file 'hins_laser_interfaces.egg-info/SOURCES.txt'
reading manifest file 'hins_laser_interfaces.egg-info/SOURCES.txt'
writing manifest file 'hins_laser_interfaces.egg-info/SOURCES.txt'
[  6%] Built target ament_cmake_python_build_hins_laser_interfaces_egg
[  6%] Built target hins_laser_interfaces__cpp
[  9%] [32mBuilding C object CMakeFiles/hins_laser_interfaces__rosidl_generator_c.dir/rosidl_generator_c/hins_laser_interfaces/msg/detail/hins_msg__description.c.o[0m
[ 11%] [32mBuilding C object CMakeFiles/hins_laser_interfaces__rosidl_generator_c.dir/rosidl_generator_c/hins_laser_interfaces/msg/detail/hins_msg__type_support.c.o[0m
[ 13%] [32mBuilding C object CMakeFiles/hins_laser_interfaces__rosidl_generator_c.dir/rosidl_generator_c/hins_laser_interfaces/msg/detail/hins_msg__functions.c.o[0m
[ 15%] [32mBuilding C object CMakeFiles/hins_laser_interfaces__rosidl_generator_c.dir/rosidl_generator_c/hins_laser_interfaces/srv/detail/hins_srv__description.c.o[0m
[ 18%] [32mBuilding C object CMakeFiles/hins_laser_interfaces__rosidl_generator_c.dir/rosidl_generator_c/hins_laser_interfaces/srv/detail/hins_srv__functions.c.o[0m
[ 20%] [32mBuilding C object CMakeFiles/hins_laser_interfaces__rosidl_generator_c.dir/rosidl_generator_c/hins_laser_interfaces/srv/detail/hins_srv__type_support.c.o[0m
[ 22%] [32m[1mLinking C shared library libhins_laser_interfaces__rosidl_generator_c.so[0m
[ 22%] Built target hins_laser_interfaces__rosidl_generator_c
[ 25%] [34m[1mGenerating C++ type support dispatch for ROS interfaces[0m
[ 27%] [34m[1mGenerating C introspection for ROS interfaces[0m
[ 29%] [34m[1mGenerating C type support dispatch for ROS interfaces[0m
[ 31%] [34m[1mGenerating C type support for eProsima Fast-RTPS[0m
[ 34%] [32mBuilding CXX object CMakeFiles/hins_laser_interfaces__rosidl_typesupport_c.dir/rosidl_typesupport_c/hins_laser_interfaces/msg/hins_msg__type_support.cpp.o[0m
[ 36%] [32mBuilding CXX object CMakeFiles/hins_laser_interfaces__rosidl_typesupport_cpp.dir/rosidl_typesupport_cpp/hins_laser_interfaces/msg/hins_msg__type_support.cpp.o[0m
[ 38%] [32mBuilding CXX object CMakeFiles/hins_laser_interfaces__rosidl_typesupport_c.dir/rosidl_typesupport_c/hins_laser_interfaces/srv/hins_srv__type_support.cpp.o[0m
[ 40%] [32mBuilding C object CMakeFiles/hins_laser_interfaces__rosidl_typesupport_introspection_c.dir/rosidl_typesupport_introspection_c/hins_laser_interfaces/msg/detail/hins_msg__type_support.c.o[0m
[ 43%] [32m[1mLinking CXX shared library libhins_laser_interfaces__rosidl_typesupport_c.so[0m
[ 45%] [32mBuilding C object CMakeFiles/hins_laser_interfaces__rosidl_typesupport_introspection_c.dir/rosidl_typesupport_introspection_c/hins_laser_interfaces/srv/detail/hins_srv__type_support.c.o[0m
[ 45%] Built target hins_laser_interfaces__rosidl_typesupport_c
[ 47%] [32mBuilding CXX object CMakeFiles/hins_laser_interfaces__rosidl_typesupport_cpp.dir/rosidl_typesupport_cpp/hins_laser_interfaces/srv/hins_srv__type_support.cpp.o[0m
[ 50%] [32m[1mLinking C shared library libhins_laser_interfaces__rosidl_typesupport_introspection_c.so[0m
[ 50%] Built target hins_laser_interfaces__rosidl_typesupport_introspection_c
[ 52%] [34m[1mGenerating C++ type support for eProsima Fast-RTPS[0m
[ 54%] [32mBuilding CXX object CMakeFiles/hins_laser_interfaces__rosidl_typesupport_fastrtps_c.dir/rosidl_typesupport_fastrtps_c/hins_laser_interfaces/msg/detail/hins_msg__type_support_c.cpp.o[0m
[ 56%] [34m[1mGenerating C++ introspection for ROS interfaces[0m
[ 59%] [32mBuilding CXX object CMakeFiles/hins_laser_interfaces__rosidl_typesupport_fastrtps_cpp.dir/rosidl_typesupport_fastrtps_cpp/hins_laser_interfaces/msg/detail/dds_fastrtps/hins_msg__type_support.cpp.o[0m
[ 61%] [32m[1mLinking CXX shared library libhins_laser_interfaces__rosidl_typesupport_cpp.so[0m
[ 63%] [32mBuilding CXX object CMakeFiles/hins_laser_interfaces__rosidl_typesupport_fastrtps_c.dir/rosidl_typesupport_fastrtps_c/hins_laser_interfaces/srv/detail/hins_srv__type_support_c.cpp.o[0m
[ 63%] Built target hins_laser_interfaces__rosidl_typesupport_cpp
[ 65%] [32mBuilding CXX object CMakeFiles/hins_laser_interfaces__rosidl_typesupport_fastrtps_cpp.dir/rosidl_typesupport_fastrtps_cpp/hins_laser_interfaces/srv/detail/dds_fastrtps/hins_srv__type_support.cpp.o[0m
[ 68%] [32mBuilding CXX object CMakeFiles/hins_laser_interfaces__rosidl_typesupport_introspection_cpp.dir/rosidl_typesupport_introspection_cpp/hins_laser_interfaces/msg/detail/hins_msg__type_support.cpp.o[0m
[ 70%] [32mBuilding CXX object CMakeFiles/hins_laser_interfaces__rosidl_typesupport_introspection_cpp.dir/rosidl_typesupport_introspection_cpp/hins_laser_interfaces/srv/detail/hins_srv__type_support.cpp.o[0m
[ 72%] [32m[1mLinking CXX shared library libhins_laser_interfaces__rosidl_typesupport_fastrtps_c.so[0m
[ 72%] Built target hins_laser_interfaces__rosidl_typesupport_fastrtps_c
[ 75%] [32m[1mLinking CXX shared library libhins_laser_interfaces__rosidl_typesupport_fastrtps_cpp.so[0m
[ 75%] Built target hins_laser_interfaces__rosidl_typesupport_fastrtps_cpp
[ 77%] [32m[1mLinking CXX shared library libhins_laser_interfaces__rosidl_typesupport_introspection_cpp.so[0m
[ 77%] Built target hins_laser_interfaces__rosidl_typesupport_introspection_cpp
[ 77%] Built target hins_laser_interfaces
[ 79%] [34m[1mGenerating Python code for ROS interfaces[0m
[ 79%] Built target hins_laser_interfaces__py
[ 81%] [32mBuilding C object CMakeFiles/hins_laser_interfaces__rosidl_generator_py.dir/rosidl_generator_py/hins_laser_interfaces/msg/_hins_msg_s.c.o[0m
[ 84%] [32mBuilding C object CMakeFiles/hins_laser_interfaces__rosidl_generator_py.dir/rosidl_generator_py/hins_laser_interfaces/srv/_hins_srv_s.c.o[0m
[ 86%] [32m[1mLinking C shared library libhins_laser_interfaces__rosidl_generator_py.so[0m
[ 86%] Built target hins_laser_interfaces__rosidl_generator_py
[ 88%] [32mBuilding C object CMakeFiles/hins_laser_interfaces_s__rosidl_typesupport_introspection_c.dir/rosidl_generator_py/hins_laser_interfaces/_hins_laser_interfaces_s.ep.rosidl_typesupport_introspection_c.c.o[0m
[ 93%] [32mBuilding C object CMakeFiles/hins_laser_interfaces_s__rosidl_typesupport_fastrtps_c.dir/rosidl_generator_py/hins_laser_interfaces/_hins_laser_interfaces_s.ep.rosidl_typesupport_fastrtps_c.c.o[0m
[ 93%] [32mBuilding C object CMakeFiles/hins_laser_interfaces_s__rosidl_typesupport_c.dir/rosidl_generator_py/hins_laser_interfaces/_hins_laser_interfaces_s.ep.rosidl_typesupport_c.c.o[0m
[ 95%] [32m[1mLinking C shared module rosidl_generator_py/hins_laser_interfaces/hins_laser_interfaces_s__rosidl_typesupport_introspection_c.so[0m
[ 95%] Built target hins_laser_interfaces_s__rosidl_typesupport_introspection_c
[ 97%] [32m[1mLinking C shared module rosidl_generator_py/hins_laser_interfaces/hins_laser_interfaces_s__rosidl_typesupport_c.so[0m
[100%] [32m[1mLinking C shared module rosidl_generator_py/hins_laser_interfaces/hins_laser_interfaces_s__rosidl_typesupport_fastrtps_c.so[0m
[100%] Built target hins_laser_interfaces_s__rosidl_typesupport_c
[100%] Built target hins_laser_interfaces_s__rosidl_typesupport_fastrtps_c
