[0.438s] Invoking command in '/home/u24/Documents/sw/carryall/build/hins_laser_interfaces': CMAKE_PREFIX_PATH=${CMAKE_PREFIX_PATH}:/opt/ros/jazzy DEBUGINFOD_URLS=https://debuginfod.ubuntu.com /usr/bin/cmake --build /home/u24/Documents/sw/carryall/build/hins_laser_interfaces -- -j4 -l4
[0.641s] [  2%] [34m[1mGenerating type hashes for ROS interfaces[0m
[0.681s] [  2%] Built target ament_cmake_python_symlink_hins_laser_interfaces
[1.627s] running egg_info
[1.633s] creating hins_laser_interfaces.egg-info
[1.664s] [  2%] Built target hins_laser_interfaces__rosidl_generator_type_description
[1.734s] [  4%] [34m[1mGenerating C code for ROS interfaces[0m
[1.768s] [  6%] [34m[1mGenerating C++ code for ROS interfaces[0m
[1.790s] writing hins_laser_interfaces.egg-info/PKG-INFO
[1.795s] writing dependency_links to hins_laser_interfaces.egg-info/dependency_links.txt
[1.795s] writing top-level names to hins_laser_interfaces.egg-info/top_level.txt
[1.799s] writing manifest file 'hins_laser_interfaces.egg-info/SOURCES.txt'
[2.200s] reading manifest file 'hins_laser_interfaces.egg-info/SOURCES.txt'
[2.205s] writing manifest file 'hins_laser_interfaces.egg-info/SOURCES.txt'
[2.368s] [  6%] Built target ament_cmake_python_build_hins_laser_interfaces_egg
[3.469s] [  6%] Built target hins_laser_interfaces__cpp
[3.608s] [  9%] [32mBuilding C object CMakeFiles/hins_laser_interfaces__rosidl_generator_c.dir/rosidl_generator_c/hins_laser_interfaces/msg/detail/hins_msg__description.c.o[0m
[3.610s] [ 11%] [32mBuilding C object CMakeFiles/hins_laser_interfaces__rosidl_generator_c.dir/rosidl_generator_c/hins_laser_interfaces/msg/detail/hins_msg__type_support.c.o[0m
[3.616s] [ 13%] [32mBuilding C object CMakeFiles/hins_laser_interfaces__rosidl_generator_c.dir/rosidl_generator_c/hins_laser_interfaces/msg/detail/hins_msg__functions.c.o[0m
[3.620s] [ 15%] [32mBuilding C object CMakeFiles/hins_laser_interfaces__rosidl_generator_c.dir/rosidl_generator_c/hins_laser_interfaces/srv/detail/hins_srv__description.c.o[0m
[3.802s] [ 18%] [32mBuilding C object CMakeFiles/hins_laser_interfaces__rosidl_generator_c.dir/rosidl_generator_c/hins_laser_interfaces/srv/detail/hins_srv__functions.c.o[0m
[3.819s] [ 20%] [32mBuilding C object CMakeFiles/hins_laser_interfaces__rosidl_generator_c.dir/rosidl_generator_c/hins_laser_interfaces/srv/detail/hins_srv__type_support.c.o[0m
[4.038s] [ 22%] [32m[1mLinking C shared library libhins_laser_interfaces__rosidl_generator_c.so[0m
[4.146s] [ 22%] Built target hins_laser_interfaces__rosidl_generator_c
[4.182s] [ 25%] [34m[1mGenerating C++ type support dispatch for ROS interfaces[0m
[4.195s] [ 27%] [34m[1mGenerating C introspection for ROS interfaces[0m
[4.198s] [ 29%] [34m[1mGenerating C type support dispatch for ROS interfaces[0m
[4.203s] [ 31%] [34m[1mGenerating C type support for eProsima Fast-RTPS[0m
[5.375s] [ 34%] [32mBuilding CXX object CMakeFiles/hins_laser_interfaces__rosidl_typesupport_c.dir/rosidl_typesupport_c/hins_laser_interfaces/msg/hins_msg__type_support.cpp.o[0m
[5.516s] [ 36%] [32mBuilding CXX object CMakeFiles/hins_laser_interfaces__rosidl_typesupport_cpp.dir/rosidl_typesupport_cpp/hins_laser_interfaces/msg/hins_msg__type_support.cpp.o[0m
[5.608s] [ 38%] [32mBuilding CXX object CMakeFiles/hins_laser_interfaces__rosidl_typesupport_c.dir/rosidl_typesupport_c/hins_laser_interfaces/srv/hins_srv__type_support.cpp.o[0m
[5.684s] [ 40%] [32mBuilding C object CMakeFiles/hins_laser_interfaces__rosidl_typesupport_introspection_c.dir/rosidl_typesupport_introspection_c/hins_laser_interfaces/msg/detail/hins_msg__type_support.c.o[0m
[5.752s] [ 43%] [32m[1mLinking CXX shared library libhins_laser_interfaces__rosidl_typesupport_c.so[0m
[5.789s] [ 45%] [32mBuilding C object CMakeFiles/hins_laser_interfaces__rosidl_typesupport_introspection_c.dir/rosidl_typesupport_introspection_c/hins_laser_interfaces/srv/detail/hins_srv__type_support.c.o[0m
[5.885s] [ 45%] Built target hins_laser_interfaces__rosidl_typesupport_c
[5.910s] [ 47%] [32mBuilding CXX object CMakeFiles/hins_laser_interfaces__rosidl_typesupport_cpp.dir/rosidl_typesupport_cpp/hins_laser_interfaces/srv/hins_srv__type_support.cpp.o[0m
[5.933s] [ 50%] [32m[1mLinking C shared library libhins_laser_interfaces__rosidl_typesupport_introspection_c.so[0m
[6.019s] [ 50%] Built target hins_laser_interfaces__rosidl_typesupport_introspection_c
[6.050s] [ 52%] [34m[1mGenerating C++ type support for eProsima Fast-RTPS[0m
[6.052s] [ 54%] [32mBuilding CXX object CMakeFiles/hins_laser_interfaces__rosidl_typesupport_fastrtps_c.dir/rosidl_typesupport_fastrtps_c/hins_laser_interfaces/msg/detail/hins_msg__type_support_c.cpp.o[0m
[6.939s] [ 56%] [34m[1mGenerating C++ introspection for ROS interfaces[0m
[7.400s] [ 59%] [32mBuilding CXX object CMakeFiles/hins_laser_interfaces__rosidl_typesupport_fastrtps_cpp.dir/rosidl_typesupport_fastrtps_cpp/hins_laser_interfaces/msg/detail/dds_fastrtps/hins_msg__type_support.cpp.o[0m
[7.567s] [ 61%] [32m[1mLinking CXX shared library libhins_laser_interfaces__rosidl_typesupport_cpp.so[0m
[7.705s] [ 63%] [32mBuilding CXX object CMakeFiles/hins_laser_interfaces__rosidl_typesupport_fastrtps_c.dir/rosidl_typesupport_fastrtps_c/hins_laser_interfaces/srv/detail/hins_srv__type_support_c.cpp.o[0m
[7.781s] [ 63%] Built target hins_laser_interfaces__rosidl_typesupport_cpp
[7.806s] [ 65%] [32mBuilding CXX object CMakeFiles/hins_laser_interfaces__rosidl_typesupport_fastrtps_cpp.dir/rosidl_typesupport_fastrtps_cpp/hins_laser_interfaces/srv/detail/dds_fastrtps/hins_srv__type_support.cpp.o[0m
[8.056s] [ 68%] [32mBuilding CXX object CMakeFiles/hins_laser_interfaces__rosidl_typesupport_introspection_cpp.dir/rosidl_typesupport_introspection_cpp/hins_laser_interfaces/msg/detail/hins_msg__type_support.cpp.o[0m
[8.901s] [ 70%] [32mBuilding CXX object CMakeFiles/hins_laser_interfaces__rosidl_typesupport_introspection_cpp.dir/rosidl_typesupport_introspection_cpp/hins_laser_interfaces/srv/detail/hins_srv__type_support.cpp.o[0m
[9.295s] [ 72%] [32m[1mLinking CXX shared library libhins_laser_interfaces__rosidl_typesupport_fastrtps_c.so[0m
[9.442s] [ 72%] Built target hins_laser_interfaces__rosidl_typesupport_fastrtps_c
[9.528s] [ 75%] [32m[1mLinking CXX shared library libhins_laser_interfaces__rosidl_typesupport_fastrtps_cpp.so[0m
[9.676s] [ 75%] Built target hins_laser_interfaces__rosidl_typesupport_fastrtps_cpp
[9.899s] [ 77%] [32m[1mLinking CXX shared library libhins_laser_interfaces__rosidl_typesupport_introspection_cpp.so[0m
[10.039s] [ 77%] Built target hins_laser_interfaces__rosidl_typesupport_introspection_cpp
[10.073s] [ 77%] Built target hins_laser_interfaces
[10.108s] [ 79%] [34m[1mGenerating Python code for ROS interfaces[0m
[11.011s] [ 79%] Built target hins_laser_interfaces__py
[11.046s] [ 81%] [32mBuilding C object CMakeFiles/hins_laser_interfaces__rosidl_generator_py.dir/rosidl_generator_py/hins_laser_interfaces/msg/_hins_msg_s.c.o[0m
[11.047s] [ 84%] [32mBuilding C object CMakeFiles/hins_laser_interfaces__rosidl_generator_py.dir/rosidl_generator_py/hins_laser_interfaces/srv/_hins_srv_s.c.o[0m
[11.381s] [ 86%] [32m[1mLinking C shared library libhins_laser_interfaces__rosidl_generator_py.so[0m
[11.454s] [ 86%] Built target hins_laser_interfaces__rosidl_generator_py
[11.492s] [ 88%] [32mBuilding C object CMakeFiles/hins_laser_interfaces_s__rosidl_typesupport_introspection_c.dir/rosidl_generator_py/hins_laser_interfaces/_hins_laser_interfaces_s.ep.rosidl_typesupport_introspection_c.c.o[0m
[11.503s] [ 93%] [32mBuilding C object CMakeFiles/hins_laser_interfaces_s__rosidl_typesupport_fastrtps_c.dir/rosidl_generator_py/hins_laser_interfaces/_hins_laser_interfaces_s.ep.rosidl_typesupport_fastrtps_c.c.o[0m
[11.506s] [ 93%] [32mBuilding C object CMakeFiles/hins_laser_interfaces_s__rosidl_typesupport_c.dir/rosidl_generator_py/hins_laser_interfaces/_hins_laser_interfaces_s.ep.rosidl_typesupport_c.c.o[0m
[11.705s] [ 95%] [32m[1mLinking C shared module rosidl_generator_py/hins_laser_interfaces/hins_laser_interfaces_s__rosidl_typesupport_introspection_c.so[0m
[11.762s] [ 95%] Built target hins_laser_interfaces_s__rosidl_typesupport_introspection_c
[11.826s] [ 97%] [32m[1mLinking C shared module rosidl_generator_py/hins_laser_interfaces/hins_laser_interfaces_s__rosidl_typesupport_c.so[0m
[11.832s] [100%] [32m[1mLinking C shared module rosidl_generator_py/hins_laser_interfaces/hins_laser_interfaces_s__rosidl_typesupport_fastrtps_c.so[0m
[11.884s] [100%] Built target hins_laser_interfaces_s__rosidl_typesupport_c
[11.890s] [100%] Built target hins_laser_interfaces_s__rosidl_typesupport_fastrtps_c
