-- The C compiler identification is GNU 13.3.0
-- The CXX compiler identification is GNU 13.3.0
-- Detecting C compiler ABI info
-- Detecting C compiler ABI info - done
-- Check for working C compiler: /usr/bin/cc - skipped
-- Detecting C compile features
-- Detecting C compile features - done
-- Detecting CXX compiler ABI info
-- Detecting CXX compiler ABI info - done
-- Check for working CXX compiler: /usr/bin/c++ - skipped
-- Detecting CXX compile features
-- Detecting CXX compile features - done
-- Found ament_cmake: 2.5.5 (/opt/ros/jazzy/share/ament_cmake/cmake)
-- Found Python3: /usr/bin/python3 (found version "3.12.3") found components: Interpreter 
-- Override CMake install command with custom implementation using symlinks instead of copying resources
-- Found urdf: 2.10.0 (/opt/ros/jazzy/share/urdf/cmake)
-- Found TinyXML2 via Config file: /usr/lib/x86_64-linux-gnu/cmake/tinyxml2
-- Configuring done (2.8s)
-- Generating done (0.0s)
-- Build files have been written to: /home/u24/Documents/sw/carryall/build/carryall_description
-- Install configuration: ""
-- Execute custom install script
-- Symlinking: /home/u24/Documents/sw/carryall/install/carryall_description/share/carryall_description/urdf/carryall.urdf.xacro
-- Symlinking: /home/u24/Documents/sw/carryall/install/carryall_description/share/carryall_description/urdf/carryall_gazebo.xacro
-- Symlinking: /home/u24/Documents/sw/carryall/install/carryall_description/share/carryall_description/urdf/sensors.xacro
