-- Install configuration: ""
-- Execute custom install script
-- Up-to-date symlink: /home/u24/Documents/sw/carryall/install/carryall_navigation/share/carryall_navigation/launch/mapping.launch.py
-- Up-to-date symlink: /home/u24/Documents/sw/carryall/install/carryall_navigation/share/carryall_navigation/launch/nav2.launch.py
-- Up-to-date symlink: /home/u24/Documents/sw/carryall/install/carryall_navigation/share/carryall_navigation/maps/warehouse_map.pgm
-- Up-to-date symlink: /home/u24/Documents/sw/carryall/install/carryall_navigation/share/carryall_navigation/maps/warehouse_map.yaml
-- Up-to-date symlink: /home/u24/Documents/sw/carryall/install/carryall_navigation/share/carryall_navigation/params/nav2_params.yaml
-- Up-to-date symlink: /home/u24/Documents/sw/carryall/install/carryall_navigation/share/carryall_navigation/params/slam_toolbox_params.yaml
-- Up-to-date symlink: /home/u24/Documents/sw/carryall/install/carryall_navigation/share/ament_index/resource_index/package_run_dependencies/carryall_navigation
-- Up-to-date symlink: /home/u24/Documents/sw/carryall/install/carryall_navigation/share/ament_index/resource_index/parent_prefix_path/carryall_navigation
-- Up-to-date symlink: /home/u24/Documents/sw/carryall/install/carryall_navigation/share/carryall_navigation/environment/ament_prefix_path.sh
-- Up-to-date symlink: /home/u24/Documents/sw/carryall/install/carryall_navigation/share/carryall_navigation/environment/ament_prefix_path.dsv
-- Up-to-date symlink: /home/u24/Documents/sw/carryall/install/carryall_navigation/share/carryall_navigation/environment/path.sh
-- Up-to-date symlink: /home/u24/Documents/sw/carryall/install/carryall_navigation/share/carryall_navigation/environment/path.dsv
-- Up-to-date symlink: /home/u24/Documents/sw/carryall/install/carryall_navigation/share/carryall_navigation/local_setup.bash
-- Up-to-date symlink: /home/u24/Documents/sw/carryall/install/carryall_navigation/share/carryall_navigation/local_setup.sh
-- Up-to-date symlink: /home/u24/Documents/sw/carryall/install/carryall_navigation/share/carryall_navigation/local_setup.zsh
-- Up-to-date symlink: /home/u24/Documents/sw/carryall/install/carryall_navigation/share/carryall_navigation/local_setup.dsv
-- Symlinking: /home/u24/Documents/sw/carryall/install/carryall_navigation/share/carryall_navigation/package.dsv
-- Up-to-date symlink: /home/u24/Documents/sw/carryall/install/carryall_navigation/share/ament_index/resource_index/packages/carryall_navigation
-- Up-to-date symlink: /home/u24/Documents/sw/carryall/install/carryall_navigation/share/carryall_navigation/cmake/carryall_navigationConfig.cmake
-- Up-to-date symlink: /home/u24/Documents/sw/carryall/install/carryall_navigation/share/carryall_navigation/cmake/carryall_navigationConfig-version.cmake
-- Up-to-date symlink: /home/u24/Documents/sw/carryall/install/carryall_navigation/share/carryall_navigation/package.xml
