[  2%] Built target hins_laser_interfaces__rosidl_generator_type_description
[  2%] Built target ament_cmake_python_symlink_hins_laser_interfaces
[  4%] Built target hins_laser_interfaces__cpp
[ 22%] Built target hins_laser_interfaces__rosidl_generator_c
[ 31%] Built target hins_laser_interfaces__rosidl_typesupport_cpp
[ 40%] Built target hins_laser_interfaces__rosidl_typesupport_fastrtps_c
[ 50%] Built target hins_laser_interfaces__rosidl_typesupport_introspection_c
[ 59%] Built target hins_laser_interfaces__rosidl_typesupport_fastrtps_cpp
[ 68%] Built target hins_laser_interfaces__rosidl_typesupport_c
[ 77%] Built target hins_laser_interfaces__rosidl_typesupport_introspection_cpp
[ 77%] Built target hins_laser_interfaces
[ 79%] Built target hins_laser_interfaces__py
[ 86%] Built target hins_laser_interfaces__rosidl_generator_py
[ 90%] Built target hins_laser_interfaces_s__rosidl_typesupport_fastrtps_c
[ 95%] Built target hins_laser_interfaces_s__rosidl_typesupport_introspection_c
[100%] Built target hins_laser_interfaces_s__rosidl_typesupport_c
running egg_info
writing hins_laser_interfaces.egg-info/PKG-INFO
writing dependency_links to hins_laser_interfaces.egg-info/dependency_links.txt
writing top-level names to hins_laser_interfaces.egg-info/top_level.txt
reading manifest file 'hins_laser_interfaces.egg-info/SOURCES.txt'
writing manifest file 'hins_laser_interfaces.egg-info/SOURCES.txt'
[100%] Built target ament_cmake_python_build_hins_laser_interfaces_egg
-- Install configuration: ""
-- Execute custom install script
-- Symlinking: /home/u24/Documents/sw/carryall/install/hins_laser_interfaces/share/ament_index/resource_index/rosidl_interfaces/hins_laser_interfaces
-- Symlinking: /home/u24/Documents/sw/carryall/install/hins_laser_interfaces/share/hins_laser_interfaces/msg/HinsMsg.json
-- Symlinking: /home/u24/Documents/sw/carryall/install/hins_laser_interfaces/share/hins_laser_interfaces/srv/HinsSrv.json
-- Symlinking: /home/u24/Documents/sw/carryall/install/hins_laser_interfaces/include/hins_laser_interfaces/hins_laser_interfaces/msg/detail/hins_msg__functions.h
-- Symlinking: /home/u24/Documents/sw/carryall/install/hins_laser_interfaces/include/hins_laser_interfaces/hins_laser_interfaces/msg/detail/hins_msg__struct.h
-- Symlinking: /home/u24/Documents/sw/carryall/install/hins_laser_interfaces/include/hins_laser_interfaces/hins_laser_interfaces/msg/detail/hins_msg__type_support.h
-- Symlinking: /home/u24/Documents/sw/carryall/install/hins_laser_interfaces/include/hins_laser_interfaces/hins_laser_interfaces/msg/hins_msg.h
-- Symlinking: /home/u24/Documents/sw/carryall/install/hins_laser_interfaces/include/hins_laser_interfaces/hins_laser_interfaces/msg/rosidl_generator_c__visibility_control.h
-- Symlinking: /home/u24/Documents/sw/carryall/install/hins_laser_interfaces/include/hins_laser_interfaces/hins_laser_interfaces/srv/detail/hins_srv__functions.h
-- Symlinking: /home/u24/Documents/sw/carryall/install/hins_laser_interfaces/include/hins_laser_interfaces/hins_laser_interfaces/srv/detail/hins_srv__struct.h
-- Symlinking: /home/u24/Documents/sw/carryall/install/hins_laser_interfaces/include/hins_laser_interfaces/hins_laser_interfaces/srv/detail/hins_srv__type_support.h
-- Symlinking: /home/u24/Documents/sw/carryall/install/hins_laser_interfaces/include/hins_laser_interfaces/hins_laser_interfaces/srv/hins_srv.h
-- Symlinking: /home/u24/Documents/sw/carryall/install/hins_laser_interfaces/share/hins_laser_interfaces/environment/library_path.sh
-- Symlinking: /home/u24/Documents/sw/carryall/install/hins_laser_interfaces/share/hins_laser_interfaces/environment/library_path.dsv
-- Symlinking: /home/u24/Documents/sw/carryall/install/hins_laser_interfaces/include/hins_laser_interfaces/hins_laser_interfaces/msg/detail/hins_msg__rosidl_typesupport_fastrtps_c.h
-- Symlinking: /home/u24/Documents/sw/carryall/install/hins_laser_interfaces/include/hins_laser_interfaces/hins_laser_interfaces/msg/rosidl_typesupport_fastrtps_c__visibility_control.h
-- Symlinking: /home/u24/Documents/sw/carryall/install/hins_laser_interfaces/include/hins_laser_interfaces/hins_laser_interfaces/srv/detail/hins_srv__rosidl_typesupport_fastrtps_c.h
-- Symlinking: /home/u24/Documents/sw/carryall/install/hins_laser_interfaces/include/hins_laser_interfaces/hins_laser_interfaces/msg/detail/hins_msg__rosidl_typesupport_introspection_c.h
-- Symlinking: /home/u24/Documents/sw/carryall/install/hins_laser_interfaces/include/hins_laser_interfaces/hins_laser_interfaces/msg/rosidl_typesupport_introspection_c__visibility_control.h
-- Symlinking: /home/u24/Documents/sw/carryall/install/hins_laser_interfaces/include/hins_laser_interfaces/hins_laser_interfaces/srv/detail/hins_srv__rosidl_typesupport_introspection_c.h
-- Symlinking: /home/u24/Documents/sw/carryall/install/hins_laser_interfaces/include/hins_laser_interfaces/hins_laser_interfaces/msg/detail/hins_msg__builder.hpp
-- Symlinking: /home/u24/Documents/sw/carryall/install/hins_laser_interfaces/include/hins_laser_interfaces/hins_laser_interfaces/msg/detail/hins_msg__struct.hpp
-- Symlinking: /home/u24/Documents/sw/carryall/install/hins_laser_interfaces/include/hins_laser_interfaces/hins_laser_interfaces/msg/detail/hins_msg__traits.hpp
-- Symlinking: /home/u24/Documents/sw/carryall/install/hins_laser_interfaces/include/hins_laser_interfaces/hins_laser_interfaces/msg/detail/hins_msg__type_support.hpp
-- Symlinking: /home/u24/Documents/sw/carryall/install/hins_laser_interfaces/include/hins_laser_interfaces/hins_laser_interfaces/msg/hins_msg.hpp
-- Symlinking: /home/u24/Documents/sw/carryall/install/hins_laser_interfaces/include/hins_laser_interfaces/hins_laser_interfaces/msg/rosidl_generator_cpp__visibility_control.hpp
-- Symlinking: /home/u24/Documents/sw/carryall/install/hins_laser_interfaces/include/hins_laser_interfaces/hins_laser_interfaces/srv/detail/hins_srv__builder.hpp
-- Symlinking: /home/u24/Documents/sw/carryall/install/hins_laser_interfaces/include/hins_laser_interfaces/hins_laser_interfaces/srv/detail/hins_srv__struct.hpp
-- Symlinking: /home/u24/Documents/sw/carryall/install/hins_laser_interfaces/include/hins_laser_interfaces/hins_laser_interfaces/srv/detail/hins_srv__traits.hpp
-- Symlinking: /home/u24/Documents/sw/carryall/install/hins_laser_interfaces/include/hins_laser_interfaces/hins_laser_interfaces/srv/detail/hins_srv__type_support.hpp
-- Symlinking: /home/u24/Documents/sw/carryall/install/hins_laser_interfaces/include/hins_laser_interfaces/hins_laser_interfaces/srv/hins_srv.hpp
-- Symlinking: /home/u24/Documents/sw/carryall/install/hins_laser_interfaces/include/hins_laser_interfaces/hins_laser_interfaces/msg/detail/hins_msg__rosidl_typesupport_fastrtps_cpp.hpp
-- Symlinking: /home/u24/Documents/sw/carryall/install/hins_laser_interfaces/include/hins_laser_interfaces/hins_laser_interfaces/msg/rosidl_typesupport_fastrtps_cpp__visibility_control.h
-- Symlinking: /home/u24/Documents/sw/carryall/install/hins_laser_interfaces/include/hins_laser_interfaces/hins_laser_interfaces/srv/detail/hins_srv__rosidl_typesupport_fastrtps_cpp.hpp
-- Symlinking: /home/u24/Documents/sw/carryall/install/hins_laser_interfaces/include/hins_laser_interfaces/hins_laser_interfaces/msg/detail/hins_msg__rosidl_typesupport_introspection_cpp.hpp
-- Symlinking: /home/u24/Documents/sw/carryall/install/hins_laser_interfaces/include/hins_laser_interfaces/hins_laser_interfaces/srv/detail/hins_srv__rosidl_typesupport_introspection_cpp.hpp
-- Symlinking: /home/u24/Documents/sw/carryall/install/hins_laser_interfaces/share/hins_laser_interfaces/environment/pythonpath.sh
-- Symlinking: /home/u24/Documents/sw/carryall/install/hins_laser_interfaces/share/hins_laser_interfaces/environment/pythonpath.dsv
-- Symlinking: /home/u24/Documents/sw/carryall/install/hins_laser_interfaces/lib/python3.12/site-packages/hins_laser_interfaces-0.0.1-py3.12.egg-info/PKG-INFO
-- Symlinking: /home/u24/Documents/sw/carryall/install/hins_laser_interfaces/lib/python3.12/site-packages/hins_laser_interfaces-0.0.1-py3.12.egg-info/SOURCES.txt
-- Symlinking: /home/u24/Documents/sw/carryall/install/hins_laser_interfaces/lib/python3.12/site-packages/hins_laser_interfaces-0.0.1-py3.12.egg-info/dependency_links.txt
-- Symlinking: /home/u24/Documents/sw/carryall/install/hins_laser_interfaces/lib/python3.12/site-packages/hins_laser_interfaces-0.0.1-py3.12.egg-info/top_level.txt
-- Symlinking: /home/u24/Documents/sw/carryall/install/hins_laser_interfaces/lib/python3.12/site-packages/hins_laser_interfaces/__init__.py
-- Symlinking: /home/u24/Documents/sw/carryall/install/hins_laser_interfaces/lib/python3.12/site-packages/hins_laser_interfaces/_hins_laser_interfaces_s.ep.rosidl_typesupport_c.c
-- Symlinking: /home/u24/Documents/sw/carryall/install/hins_laser_interfaces/lib/python3.12/site-packages/hins_laser_interfaces/_hins_laser_interfaces_s.ep.rosidl_typesupport_fastrtps_c.c
-- Symlinking: /home/u24/Documents/sw/carryall/install/hins_laser_interfaces/lib/python3.12/site-packages/hins_laser_interfaces/_hins_laser_interfaces_s.ep.rosidl_typesupport_introspection_c.c
-- Symlinking: /home/u24/Documents/sw/carryall/install/hins_laser_interfaces/lib/python3.12/site-packages/hins_laser_interfaces/hins_laser_interfaces_s__rosidl_typesupport_c.so
-- Symlinking: /home/u24/Documents/sw/carryall/install/hins_laser_interfaces/lib/python3.12/site-packages/hins_laser_interfaces/hins_laser_interfaces_s__rosidl_typesupport_fastrtps_c.so
-- Symlinking: /home/u24/Documents/sw/carryall/install/hins_laser_interfaces/lib/python3.12/site-packages/hins_laser_interfaces/hins_laser_interfaces_s__rosidl_typesupport_introspection_c.so
-- Symlinking: /home/u24/Documents/sw/carryall/install/hins_laser_interfaces/lib/python3.12/site-packages/hins_laser_interfaces/msg/__init__.py
-- Symlinking: /home/u24/Documents/sw/carryall/install/hins_laser_interfaces/lib/python3.12/site-packages/hins_laser_interfaces/msg/_hins_msg.py
-- Symlinking: /home/u24/Documents/sw/carryall/install/hins_laser_interfaces/lib/python3.12/site-packages/hins_laser_interfaces/msg/_hins_msg_s.c
-- Symlinking: /home/u24/Documents/sw/carryall/install/hins_laser_interfaces/lib/python3.12/site-packages/hins_laser_interfaces/srv/__init__.py
-- Symlinking: /home/u24/Documents/sw/carryall/install/hins_laser_interfaces/lib/python3.12/site-packages/hins_laser_interfaces/srv/_hins_srv.py
-- Symlinking: /home/u24/Documents/sw/carryall/install/hins_laser_interfaces/lib/python3.12/site-packages/hins_laser_interfaces/srv/_hins_srv_s.c
-- Up-to-date symlink: /home/u24/Documents/sw/carryall/install/hins_laser_interfaces/lib/python3.12/site-packages/hins_laser_interfaces/hins_laser_interfaces_s__rosidl_typesupport_fastrtps_c.so
-- Up-to-date symlink: /home/u24/Documents/sw/carryall/install/hins_laser_interfaces/lib/python3.12/site-packages/hins_laser_interfaces/hins_laser_interfaces_s__rosidl_typesupport_introspection_c.so
-- Up-to-date symlink: /home/u24/Documents/sw/carryall/install/hins_laser_interfaces/lib/python3.12/site-packages/hins_laser_interfaces/hins_laser_interfaces_s__rosidl_typesupport_c.so
-- Symlinking: /home/u24/Documents/sw/carryall/install/hins_laser_interfaces/share/hins_laser_interfaces/msg/HinsMsg.idl
-- Symlinking: /home/u24/Documents/sw/carryall/install/hins_laser_interfaces/share/hins_laser_interfaces/srv/HinsSrv.idl
-- Symlinking: /home/u24/Documents/sw/carryall/install/hins_laser_interfaces/share/hins_laser_interfaces/msg/HinsMsg.msg
-- Symlinking: /home/u24/Documents/sw/carryall/install/hins_laser_interfaces/share/hins_laser_interfaces/srv/HinsSrv.srv
-- Symlinking: /home/u24/Documents/sw/carryall/install/hins_laser_interfaces/share/ament_index/resource_index/package_run_dependencies/hins_laser_interfaces
-- Symlinking: /home/u24/Documents/sw/carryall/install/hins_laser_interfaces/share/ament_index/resource_index/parent_prefix_path/hins_laser_interfaces
-- Symlinking: /home/u24/Documents/sw/carryall/install/hins_laser_interfaces/share/hins_laser_interfaces/environment/ament_prefix_path.sh
-- Symlinking: /home/u24/Documents/sw/carryall/install/hins_laser_interfaces/share/hins_laser_interfaces/environment/ament_prefix_path.dsv
-- Symlinking: /home/u24/Documents/sw/carryall/install/hins_laser_interfaces/share/hins_laser_interfaces/environment/path.sh
-- Symlinking: /home/u24/Documents/sw/carryall/install/hins_laser_interfaces/share/hins_laser_interfaces/environment/path.dsv
-- Symlinking: /home/u24/Documents/sw/carryall/install/hins_laser_interfaces/share/hins_laser_interfaces/local_setup.bash
-- Symlinking: /home/u24/Documents/sw/carryall/install/hins_laser_interfaces/share/hins_laser_interfaces/local_setup.sh
-- Symlinking: /home/u24/Documents/sw/carryall/install/hins_laser_interfaces/share/hins_laser_interfaces/local_setup.zsh
-- Symlinking: /home/u24/Documents/sw/carryall/install/hins_laser_interfaces/share/hins_laser_interfaces/local_setup.dsv
-- Symlinking: /home/u24/Documents/sw/carryall/install/hins_laser_interfaces/share/hins_laser_interfaces/package.dsv
-- Symlinking: /home/u24/Documents/sw/carryall/install/hins_laser_interfaces/share/ament_index/resource_index/packages/hins_laser_interfaces
-- Symlinking: /home/u24/Documents/sw/carryall/install/hins_laser_interfaces/share/hins_laser_interfaces/cmake/rosidl_cmake-extras.cmake
-- Symlinking: /home/u24/Documents/sw/carryall/install/hins_laser_interfaces/share/hins_laser_interfaces/cmake/ament_cmake_export_dependencies-extras.cmake
-- Symlinking: /home/u24/Documents/sw/carryall/install/hins_laser_interfaces/share/hins_laser_interfaces/cmake/ament_cmake_export_include_directories-extras.cmake
-- Symlinking: /home/u24/Documents/sw/carryall/install/hins_laser_interfaces/share/hins_laser_interfaces/cmake/ament_cmake_export_libraries-extras.cmake
-- Symlinking: /home/u24/Documents/sw/carryall/install/hins_laser_interfaces/share/hins_laser_interfaces/cmake/ament_cmake_export_targets-extras.cmake
-- Symlinking: /home/u24/Documents/sw/carryall/install/hins_laser_interfaces/share/hins_laser_interfaces/cmake/rosidl_cmake_export_typesupport_targets-extras.cmake
-- Symlinking: /home/u24/Documents/sw/carryall/install/hins_laser_interfaces/share/hins_laser_interfaces/cmake/rosidl_cmake_export_typesupport_libraries-extras.cmake
-- Symlinking: /home/u24/Documents/sw/carryall/install/hins_laser_interfaces/share/hins_laser_interfaces/cmake/hins_laser_interfacesConfig.cmake
-- Symlinking: /home/u24/Documents/sw/carryall/install/hins_laser_interfaces/share/hins_laser_interfaces/cmake/hins_laser_interfacesConfig-version.cmake
-- Symlinking: /home/u24/Documents/sw/carryall/install/hins_laser_interfaces/share/hins_laser_interfaces/package.xml
-- Installing: /home/u24/Documents/sw/carryall/install/hins_laser_interfaces/lib/libhins_laser_interfaces__rosidl_generator_c.so
-- Set non-toolchain portion of runtime path of "/home/u24/Documents/sw/carryall/install/hins_laser_interfaces/lib/libhins_laser_interfaces__rosidl_generator_c.so" to ""
-- Installing: /home/u24/Documents/sw/carryall/install/hins_laser_interfaces/lib/libhins_laser_interfaces__rosidl_typesupport_fastrtps_c.so
-- Set non-toolchain portion of runtime path of "/home/u24/Documents/sw/carryall/install/hins_laser_interfaces/lib/libhins_laser_interfaces__rosidl_typesupport_fastrtps_c.so" to ""
-- Installing: /home/u24/Documents/sw/carryall/install/hins_laser_interfaces/lib/libhins_laser_interfaces__rosidl_typesupport_introspection_c.so
-- Set non-toolchain portion of runtime path of "/home/u24/Documents/sw/carryall/install/hins_laser_interfaces/lib/libhins_laser_interfaces__rosidl_typesupport_introspection_c.so" to ""
-- Installing: /home/u24/Documents/sw/carryall/install/hins_laser_interfaces/lib/libhins_laser_interfaces__rosidl_typesupport_c.so
-- Set non-toolchain portion of runtime path of "/home/u24/Documents/sw/carryall/install/hins_laser_interfaces/lib/libhins_laser_interfaces__rosidl_typesupport_c.so" to ""
-- Installing: /home/u24/Documents/sw/carryall/install/hins_laser_interfaces/lib/libhins_laser_interfaces__rosidl_typesupport_fastrtps_cpp.so
-- Set non-toolchain portion of runtime path of "/home/u24/Documents/sw/carryall/install/hins_laser_interfaces/lib/libhins_laser_interfaces__rosidl_typesupport_fastrtps_cpp.so" to ""
-- Installing: /home/u24/Documents/sw/carryall/install/hins_laser_interfaces/lib/libhins_laser_interfaces__rosidl_typesupport_introspection_cpp.so
-- Set non-toolchain portion of runtime path of "/home/u24/Documents/sw/carryall/install/hins_laser_interfaces/lib/libhins_laser_interfaces__rosidl_typesupport_introspection_cpp.so" to ""
-- Installing: /home/u24/Documents/sw/carryall/install/hins_laser_interfaces/lib/libhins_laser_interfaces__rosidl_typesupport_cpp.so
-- Set non-toolchain portion of runtime path of "/home/u24/Documents/sw/carryall/install/hins_laser_interfaces/lib/libhins_laser_interfaces__rosidl_typesupport_cpp.so" to ""
Listing '/home/u24/Documents/sw/carryall/install/hins_laser_interfaces/lib/python3.12/site-packages/hins_laser_interfaces'...
Compiling '/home/u24/Documents/sw/carryall/install/hins_laser_interfaces/lib/python3.12/site-packages/hins_laser_interfaces/__init__.py'...
Listing '/home/u24/Documents/sw/carryall/install/hins_laser_interfaces/lib/python3.12/site-packages/hins_laser_interfaces/msg'...
Compiling '/home/u24/Documents/sw/carryall/install/hins_laser_interfaces/lib/python3.12/site-packages/hins_laser_interfaces/msg/__init__.py'...
Compiling '/home/u24/Documents/sw/carryall/install/hins_laser_interfaces/lib/python3.12/site-packages/hins_laser_interfaces/msg/_hins_msg.py'...
Listing '/home/u24/Documents/sw/carryall/install/hins_laser_interfaces/lib/python3.12/site-packages/hins_laser_interfaces/srv'...
Compiling '/home/u24/Documents/sw/carryall/install/hins_laser_interfaces/lib/python3.12/site-packages/hins_laser_interfaces/srv/__init__.py'...
Compiling '/home/u24/Documents/sw/carryall/install/hins_laser_interfaces/lib/python3.12/site-packages/hins_laser_interfaces/srv/_hins_srv.py'...
-- Installing: /home/u24/Documents/sw/carryall/install/hins_laser_interfaces/lib/libhins_laser_interfaces__rosidl_generator_py.so
-- Set non-toolchain portion of runtime path of "/home/u24/Documents/sw/carryall/install/hins_laser_interfaces/lib/libhins_laser_interfaces__rosidl_generator_py.so" to ""
-- Installing: /home/u24/Documents/sw/carryall/install/hins_laser_interfaces/share/hins_laser_interfaces/cmake/export_hins_laser_interfaces__rosidl_generator_cExport.cmake
-- Installing: /home/u24/Documents/sw/carryall/install/hins_laser_interfaces/share/hins_laser_interfaces/cmake/export_hins_laser_interfaces__rosidl_generator_cExport-noconfig.cmake
-- Installing: /home/u24/Documents/sw/carryall/install/hins_laser_interfaces/share/hins_laser_interfaces/cmake/export_hins_laser_interfaces__rosidl_typesupport_fastrtps_cExport.cmake
-- Installing: /home/u24/Documents/sw/carryall/install/hins_laser_interfaces/share/hins_laser_interfaces/cmake/export_hins_laser_interfaces__rosidl_typesupport_fastrtps_cExport-noconfig.cmake
-- Installing: /home/u24/Documents/sw/carryall/install/hins_laser_interfaces/share/hins_laser_interfaces/cmake/hins_laser_interfaces__rosidl_typesupport_introspection_cExport.cmake
-- Installing: /home/u24/Documents/sw/carryall/install/hins_laser_interfaces/share/hins_laser_interfaces/cmake/hins_laser_interfaces__rosidl_typesupport_introspection_cExport-noconfig.cmake
-- Installing: /home/u24/Documents/sw/carryall/install/hins_laser_interfaces/share/hins_laser_interfaces/cmake/hins_laser_interfaces__rosidl_typesupport_cExport.cmake
-- Installing: /home/u24/Documents/sw/carryall/install/hins_laser_interfaces/share/hins_laser_interfaces/cmake/hins_laser_interfaces__rosidl_typesupport_cExport-noconfig.cmake
-- Installing: /home/u24/Documents/sw/carryall/install/hins_laser_interfaces/share/hins_laser_interfaces/cmake/export_hins_laser_interfaces__rosidl_generator_cppExport.cmake
-- Installing: /home/u24/Documents/sw/carryall/install/hins_laser_interfaces/share/hins_laser_interfaces/cmake/export_hins_laser_interfaces__rosidl_typesupport_fastrtps_cppExport.cmake
-- Installing: /home/u24/Documents/sw/carryall/install/hins_laser_interfaces/share/hins_laser_interfaces/cmake/export_hins_laser_interfaces__rosidl_typesupport_fastrtps_cppExport-noconfig.cmake
-- Installing: /home/u24/Documents/sw/carryall/install/hins_laser_interfaces/share/hins_laser_interfaces/cmake/hins_laser_interfaces__rosidl_typesupport_introspection_cppExport.cmake
-- Installing: /home/u24/Documents/sw/carryall/install/hins_laser_interfaces/share/hins_laser_interfaces/cmake/hins_laser_interfaces__rosidl_typesupport_introspection_cppExport-noconfig.cmake
-- Installing: /home/u24/Documents/sw/carryall/install/hins_laser_interfaces/share/hins_laser_interfaces/cmake/hins_laser_interfaces__rosidl_typesupport_cppExport.cmake
-- Installing: /home/u24/Documents/sw/carryall/install/hins_laser_interfaces/share/hins_laser_interfaces/cmake/hins_laser_interfaces__rosidl_typesupport_cppExport-noconfig.cmake
-- Installing: /home/u24/Documents/sw/carryall/install/hins_laser_interfaces/share/hins_laser_interfaces/cmake/export_hins_laser_interfaces__rosidl_generator_pyExport.cmake
-- Installing: /home/u24/Documents/sw/carryall/install/hins_laser_interfaces/share/hins_laser_interfaces/cmake/export_hins_laser_interfaces__rosidl_generator_pyExport-noconfig.cmake
