[0.431s] Invoking command in '/home/u24/Documents/sw/carryall/build/hins_laser_interfaces': CMAKE_PREFIX_PATH=${CMAKE_PREFIX_PATH}:/opt/ros/jazzy DEBUGINFOD_URLS=https://debuginfod.ubuntu.com /usr/bin/cmake --build /home/u24/Documents/sw/carryall/build/hins_laser_interfaces -- -j4 -l4
[0.621s] [  2%] Built target hins_laser_interfaces__rosidl_generator_type_description
[0.686s] [  2%] Built target ament_cmake_python_symlink_hins_laser_interfaces
[0.742s] [  4%] Built target hins_laser_interfaces__cpp
[0.780s] [ 22%] Built target hins_laser_interfaces__rosidl_generator_c
[0.903s] [ 31%] Built target hins_laser_interfaces__rosidl_typesupport_cpp
[0.940s] [ 40%] Built target hins_laser_interfaces__rosidl_typesupport_fastrtps_c
[0.974s] [ 50%] Built target hins_laser_interfaces__rosidl_typesupport_introspection_c
[1.090s] [ 59%] Built target hins_laser_interfaces__rosidl_typesupport_fastrtps_cpp
[1.099s] [ 68%] Built target hins_laser_interfaces__rosidl_typesupport_c
[1.134s] [ 77%] Built target hins_laser_interfaces__rosidl_typesupport_introspection_cpp
[1.209s] [ 77%] Built target hins_laser_interfaces
[1.263s] [ 79%] Built target hins_laser_interfaces__py
[1.334s] [ 86%] Built target hins_laser_interfaces__rosidl_generator_py
[1.454s] [ 90%] Built target hins_laser_interfaces_s__rosidl_typesupport_fastrtps_c
[1.462s] [ 95%] Built target hins_laser_interfaces_s__rosidl_typesupport_introspection_c
[1.470s] [100%] Built target hins_laser_interfaces_s__rosidl_typesupport_c
[1.715s] running egg_info
[1.788s] writing hins_laser_interfaces.egg-info/PKG-INFO
[1.789s] writing dependency_links to hins_laser_interfaces.egg-info/dependency_links.txt
[1.790s] writing top-level names to hins_laser_interfaces.egg-info/top_level.txt
[2.007s] reading manifest file 'hins_laser_interfaces.egg-info/SOURCES.txt'
[2.009s] writing manifest file 'hins_laser_interfaces.egg-info/SOURCES.txt'
[2.086s] [100%] Built target ament_cmake_python_build_hins_laser_interfaces_egg
[2.115s] Invoked command in '/home/u24/Documents/sw/carryall/build/hins_laser_interfaces' returned '0': CMAKE_PREFIX_PATH=${CMAKE_PREFIX_PATH}:/opt/ros/jazzy DEBUGINFOD_URLS=https://debuginfod.ubuntu.com /usr/bin/cmake --build /home/u24/Documents/sw/carryall/build/hins_laser_interfaces -- -j4 -l4
[2.118s] Invoking command in '/home/u24/Documents/sw/carryall/build/hins_laser_interfaces': CMAKE_PREFIX_PATH=${CMAKE_PREFIX_PATH}:/opt/ros/jazzy DEBUGINFOD_URLS=https://debuginfod.ubuntu.com /usr/bin/cmake --install /home/u24/Documents/sw/carryall/build/hins_laser_interfaces
[2.134s] -- Install configuration: ""
[2.135s] -- Execute custom install script
[2.136s] -- Symlinking: /home/u24/Documents/sw/carryall/install/hins_laser_interfaces/share/ament_index/resource_index/rosidl_interfaces/hins_laser_interfaces
[2.153s] -- Symlinking: /home/u24/Documents/sw/carryall/install/hins_laser_interfaces/share/hins_laser_interfaces/msg/HinsMsg.json
[2.170s] -- Symlinking: /home/u24/Documents/sw/carryall/install/hins_laser_interfaces/share/hins_laser_interfaces/srv/HinsSrv.json
[2.186s] -- Symlinking: /home/u24/Documents/sw/carryall/install/hins_laser_interfaces/include/hins_laser_interfaces/hins_laser_interfaces/msg/detail/hins_msg__functions.h
[2.205s] -- Symlinking: /home/u24/Documents/sw/carryall/install/hins_laser_interfaces/include/hins_laser_interfaces/hins_laser_interfaces/msg/detail/hins_msg__struct.h
[2.221s] -- Symlinking: /home/u24/Documents/sw/carryall/install/hins_laser_interfaces/include/hins_laser_interfaces/hins_laser_interfaces/msg/detail/hins_msg__type_support.h
[2.237s] -- Symlinking: /home/u24/Documents/sw/carryall/install/hins_laser_interfaces/include/hins_laser_interfaces/hins_laser_interfaces/msg/hins_msg.h
[2.252s] -- Symlinking: /home/u24/Documents/sw/carryall/install/hins_laser_interfaces/include/hins_laser_interfaces/hins_laser_interfaces/msg/rosidl_generator_c__visibility_control.h
[2.267s] -- Symlinking: /home/u24/Documents/sw/carryall/install/hins_laser_interfaces/include/hins_laser_interfaces/hins_laser_interfaces/srv/detail/hins_srv__functions.h
[2.284s] -- Symlinking: /home/u24/Documents/sw/carryall/install/hins_laser_interfaces/include/hins_laser_interfaces/hins_laser_interfaces/srv/detail/hins_srv__struct.h
[2.304s] -- Symlinking: /home/u24/Documents/sw/carryall/install/hins_laser_interfaces/include/hins_laser_interfaces/hins_laser_interfaces/srv/detail/hins_srv__type_support.h
[2.319s] -- Symlinking: /home/u24/Documents/sw/carryall/install/hins_laser_interfaces/include/hins_laser_interfaces/hins_laser_interfaces/srv/hins_srv.h
[2.343s] -- Symlinking: /home/u24/Documents/sw/carryall/install/hins_laser_interfaces/share/hins_laser_interfaces/environment/library_path.sh
[2.367s] -- Symlinking: /home/u24/Documents/sw/carryall/install/hins_laser_interfaces/share/hins_laser_interfaces/environment/library_path.dsv
[2.383s] -- Symlinking: /home/u24/Documents/sw/carryall/install/hins_laser_interfaces/include/hins_laser_interfaces/hins_laser_interfaces/msg/detail/hins_msg__rosidl_typesupport_fastrtps_c.h
[2.407s] -- Symlinking: /home/u24/Documents/sw/carryall/install/hins_laser_interfaces/include/hins_laser_interfaces/hins_laser_interfaces/msg/rosidl_typesupport_fastrtps_c__visibility_control.h
[2.431s] -- Symlinking: /home/u24/Documents/sw/carryall/install/hins_laser_interfaces/include/hins_laser_interfaces/hins_laser_interfaces/srv/detail/hins_srv__rosidl_typesupport_fastrtps_c.h
[2.447s] -- Symlinking: /home/u24/Documents/sw/carryall/install/hins_laser_interfaces/include/hins_laser_interfaces/hins_laser_interfaces/msg/detail/hins_msg__rosidl_typesupport_introspection_c.h
[2.463s] -- Symlinking: /home/u24/Documents/sw/carryall/install/hins_laser_interfaces/include/hins_laser_interfaces/hins_laser_interfaces/msg/rosidl_typesupport_introspection_c__visibility_control.h
[2.486s] -- Symlinking: /home/u24/Documents/sw/carryall/install/hins_laser_interfaces/include/hins_laser_interfaces/hins_laser_interfaces/srv/detail/hins_srv__rosidl_typesupport_introspection_c.h
[2.510s] -- Symlinking: /home/u24/Documents/sw/carryall/install/hins_laser_interfaces/include/hins_laser_interfaces/hins_laser_interfaces/msg/detail/hins_msg__builder.hpp
[2.527s] -- Symlinking: /home/u24/Documents/sw/carryall/install/hins_laser_interfaces/include/hins_laser_interfaces/hins_laser_interfaces/msg/detail/hins_msg__struct.hpp
[2.546s] -- Symlinking: /home/u24/Documents/sw/carryall/install/hins_laser_interfaces/include/hins_laser_interfaces/hins_laser_interfaces/msg/detail/hins_msg__traits.hpp
[2.570s] -- Symlinking: /home/u24/Documents/sw/carryall/install/hins_laser_interfaces/include/hins_laser_interfaces/hins_laser_interfaces/msg/detail/hins_msg__type_support.hpp
[2.592s] -- Symlinking: /home/u24/Documents/sw/carryall/install/hins_laser_interfaces/include/hins_laser_interfaces/hins_laser_interfaces/msg/hins_msg.hpp
[2.612s] -- Symlinking: /home/u24/Documents/sw/carryall/install/hins_laser_interfaces/include/hins_laser_interfaces/hins_laser_interfaces/msg/rosidl_generator_cpp__visibility_control.hpp
[2.630s] -- Symlinking: /home/u24/Documents/sw/carryall/install/hins_laser_interfaces/include/hins_laser_interfaces/hins_laser_interfaces/srv/detail/hins_srv__builder.hpp
[2.651s] -- Symlinking: /home/u24/Documents/sw/carryall/install/hins_laser_interfaces/include/hins_laser_interfaces/hins_laser_interfaces/srv/detail/hins_srv__struct.hpp
[2.670s] -- Symlinking: /home/u24/Documents/sw/carryall/install/hins_laser_interfaces/include/hins_laser_interfaces/hins_laser_interfaces/srv/detail/hins_srv__traits.hpp
[2.687s] -- Symlinking: /home/u24/Documents/sw/carryall/install/hins_laser_interfaces/include/hins_laser_interfaces/hins_laser_interfaces/srv/detail/hins_srv__type_support.hpp
[2.706s] -- Symlinking: /home/u24/Documents/sw/carryall/install/hins_laser_interfaces/include/hins_laser_interfaces/hins_laser_interfaces/srv/hins_srv.hpp
[2.731s] -- Symlinking: /home/u24/Documents/sw/carryall/install/hins_laser_interfaces/include/hins_laser_interfaces/hins_laser_interfaces/msg/detail/hins_msg__rosidl_typesupport_fastrtps_cpp.hpp
[2.751s] -- Symlinking: /home/u24/Documents/sw/carryall/install/hins_laser_interfaces/include/hins_laser_interfaces/hins_laser_interfaces/msg/rosidl_typesupport_fastrtps_cpp__visibility_control.h
[2.769s] -- Symlinking: /home/u24/Documents/sw/carryall/install/hins_laser_interfaces/include/hins_laser_interfaces/hins_laser_interfaces/srv/detail/hins_srv__rosidl_typesupport_fastrtps_cpp.hpp
[2.794s] -- Symlinking: /home/u24/Documents/sw/carryall/install/hins_laser_interfaces/include/hins_laser_interfaces/hins_laser_interfaces/msg/detail/hins_msg__rosidl_typesupport_introspection_cpp.hpp
[2.812s] -- Symlinking: /home/u24/Documents/sw/carryall/install/hins_laser_interfaces/include/hins_laser_interfaces/hins_laser_interfaces/srv/detail/hins_srv__rosidl_typesupport_introspection_cpp.hpp
[2.832s] -- Symlinking: /home/u24/Documents/sw/carryall/install/hins_laser_interfaces/share/hins_laser_interfaces/environment/pythonpath.sh
[2.856s] -- Symlinking: /home/u24/Documents/sw/carryall/install/hins_laser_interfaces/share/hins_laser_interfaces/environment/pythonpath.dsv
[2.872s] -- Symlinking: /home/u24/Documents/sw/carryall/install/hins_laser_interfaces/lib/python3.12/site-packages/hins_laser_interfaces-0.0.1-py3.12.egg-info/PKG-INFO
[2.887s] -- Symlinking: /home/u24/Documents/sw/carryall/install/hins_laser_interfaces/lib/python3.12/site-packages/hins_laser_interfaces-0.0.1-py3.12.egg-info/SOURCES.txt
[2.901s] -- Symlinking: /home/u24/Documents/sw/carryall/install/hins_laser_interfaces/lib/python3.12/site-packages/hins_laser_interfaces-0.0.1-py3.12.egg-info/dependency_links.txt
[2.918s] -- Symlinking: /home/u24/Documents/sw/carryall/install/hins_laser_interfaces/lib/python3.12/site-packages/hins_laser_interfaces-0.0.1-py3.12.egg-info/top_level.txt
[2.942s] -- Symlinking: /home/u24/Documents/sw/carryall/install/hins_laser_interfaces/lib/python3.12/site-packages/hins_laser_interfaces/__init__.py
[2.965s] -- Symlinking: /home/u24/Documents/sw/carryall/install/hins_laser_interfaces/lib/python3.12/site-packages/hins_laser_interfaces/_hins_laser_interfaces_s.ep.rosidl_typesupport_c.c
[2.989s] -- Symlinking: /home/u24/Documents/sw/carryall/install/hins_laser_interfaces/lib/python3.12/site-packages/hins_laser_interfaces/_hins_laser_interfaces_s.ep.rosidl_typesupport_fastrtps_c.c
[3.012s] -- Symlinking: /home/u24/Documents/sw/carryall/install/hins_laser_interfaces/lib/python3.12/site-packages/hins_laser_interfaces/_hins_laser_interfaces_s.ep.rosidl_typesupport_introspection_c.c
[3.035s] -- Symlinking: /home/u24/Documents/sw/carryall/install/hins_laser_interfaces/lib/python3.12/site-packages/hins_laser_interfaces/hins_laser_interfaces_s__rosidl_typesupport_c.so
[3.053s] -- Symlinking: /home/u24/Documents/sw/carryall/install/hins_laser_interfaces/lib/python3.12/site-packages/hins_laser_interfaces/hins_laser_interfaces_s__rosidl_typesupport_fastrtps_c.so
[3.069s] -- Symlinking: /home/u24/Documents/sw/carryall/install/hins_laser_interfaces/lib/python3.12/site-packages/hins_laser_interfaces/hins_laser_interfaces_s__rosidl_typesupport_introspection_c.so
[3.084s] -- Symlinking: /home/u24/Documents/sw/carryall/install/hins_laser_interfaces/lib/python3.12/site-packages/hins_laser_interfaces/msg/__init__.py
[3.108s] -- Symlinking: /home/u24/Documents/sw/carryall/install/hins_laser_interfaces/lib/python3.12/site-packages/hins_laser_interfaces/msg/_hins_msg.py
[3.124s] -- Symlinking: /home/u24/Documents/sw/carryall/install/hins_laser_interfaces/lib/python3.12/site-packages/hins_laser_interfaces/msg/_hins_msg_s.c
[3.139s] -- Symlinking: /home/u24/Documents/sw/carryall/install/hins_laser_interfaces/lib/python3.12/site-packages/hins_laser_interfaces/srv/__init__.py
[3.155s] -- Symlinking: /home/u24/Documents/sw/carryall/install/hins_laser_interfaces/lib/python3.12/site-packages/hins_laser_interfaces/srv/_hins_srv.py
[3.171s] -- Symlinking: /home/u24/Documents/sw/carryall/install/hins_laser_interfaces/lib/python3.12/site-packages/hins_laser_interfaces/srv/_hins_srv_s.c
[3.186s] -- Up-to-date symlink: /home/u24/Documents/sw/carryall/install/hins_laser_interfaces/lib/python3.12/site-packages/hins_laser_interfaces/hins_laser_interfaces_s__rosidl_typesupport_fastrtps_c.so
[3.187s] -- Up-to-date symlink: /home/u24/Documents/sw/carryall/install/hins_laser_interfaces/lib/python3.12/site-packages/hins_laser_interfaces/hins_laser_interfaces_s__rosidl_typesupport_introspection_c.so
[3.188s] -- Up-to-date symlink: /home/u24/Documents/sw/carryall/install/hins_laser_interfaces/lib/python3.12/site-packages/hins_laser_interfaces/hins_laser_interfaces_s__rosidl_typesupport_c.so
[3.188s] -- Symlinking: /home/u24/Documents/sw/carryall/install/hins_laser_interfaces/share/hins_laser_interfaces/msg/HinsMsg.idl
[3.204s] -- Symlinking: /home/u24/Documents/sw/carryall/install/hins_laser_interfaces/share/hins_laser_interfaces/srv/HinsSrv.idl
[3.220s] -- Symlinking: /home/u24/Documents/sw/carryall/install/hins_laser_interfaces/share/hins_laser_interfaces/msg/HinsMsg.msg
[3.235s] -- Symlinking: /home/u24/Documents/sw/carryall/install/hins_laser_interfaces/share/hins_laser_interfaces/srv/HinsSrv.srv
[3.252s] -- Symlinking: /home/u24/Documents/sw/carryall/install/hins_laser_interfaces/share/ament_index/resource_index/package_run_dependencies/hins_laser_interfaces
[3.267s] -- Symlinking: /home/u24/Documents/sw/carryall/install/hins_laser_interfaces/share/ament_index/resource_index/parent_prefix_path/hins_laser_interfaces
[3.282s] -- Symlinking: /home/u24/Documents/sw/carryall/install/hins_laser_interfaces/share/hins_laser_interfaces/environment/ament_prefix_path.sh
[3.299s] -- Symlinking: /home/u24/Documents/sw/carryall/install/hins_laser_interfaces/share/hins_laser_interfaces/environment/ament_prefix_path.dsv
[3.321s] -- Symlinking: /home/u24/Documents/sw/carryall/install/hins_laser_interfaces/share/hins_laser_interfaces/environment/path.sh
[3.336s] -- Symlinking: /home/u24/Documents/sw/carryall/install/hins_laser_interfaces/share/hins_laser_interfaces/environment/path.dsv
[3.351s] -- Symlinking: /home/u24/Documents/sw/carryall/install/hins_laser_interfaces/share/hins_laser_interfaces/local_setup.bash
[3.367s] -- Symlinking: /home/u24/Documents/sw/carryall/install/hins_laser_interfaces/share/hins_laser_interfaces/local_setup.sh
[3.382s] -- Symlinking: /home/u24/Documents/sw/carryall/install/hins_laser_interfaces/share/hins_laser_interfaces/local_setup.zsh
[3.399s] -- Symlinking: /home/u24/Documents/sw/carryall/install/hins_laser_interfaces/share/hins_laser_interfaces/local_setup.dsv
[3.415s] -- Symlinking: /home/u24/Documents/sw/carryall/install/hins_laser_interfaces/share/hins_laser_interfaces/package.dsv
[3.436s] -- Symlinking: /home/u24/Documents/sw/carryall/install/hins_laser_interfaces/share/ament_index/resource_index/packages/hins_laser_interfaces
[3.452s] -- Symlinking: /home/u24/Documents/sw/carryall/install/hins_laser_interfaces/share/hins_laser_interfaces/cmake/rosidl_cmake-extras.cmake
[3.467s] -- Symlinking: /home/u24/Documents/sw/carryall/install/hins_laser_interfaces/share/hins_laser_interfaces/cmake/ament_cmake_export_dependencies-extras.cmake
[3.483s] -- Symlinking: /home/u24/Documents/sw/carryall/install/hins_laser_interfaces/share/hins_laser_interfaces/cmake/ament_cmake_export_include_directories-extras.cmake
[3.500s] -- Symlinking: /home/u24/Documents/sw/carryall/install/hins_laser_interfaces/share/hins_laser_interfaces/cmake/ament_cmake_export_libraries-extras.cmake
[3.516s] -- Symlinking: /home/u24/Documents/sw/carryall/install/hins_laser_interfaces/share/hins_laser_interfaces/cmake/ament_cmake_export_targets-extras.cmake
[3.532s] -- Symlinking: /home/u24/Documents/sw/carryall/install/hins_laser_interfaces/share/hins_laser_interfaces/cmake/rosidl_cmake_export_typesupport_targets-extras.cmake
[3.555s] -- Symlinking: /home/u24/Documents/sw/carryall/install/hins_laser_interfaces/share/hins_laser_interfaces/cmake/rosidl_cmake_export_typesupport_libraries-extras.cmake
[3.570s] -- Symlinking: /home/u24/Documents/sw/carryall/install/hins_laser_interfaces/share/hins_laser_interfaces/cmake/hins_laser_interfacesConfig.cmake
[3.585s] -- Symlinking: /home/u24/Documents/sw/carryall/install/hins_laser_interfaces/share/hins_laser_interfaces/cmake/hins_laser_interfacesConfig-version.cmake
[3.601s] -- Symlinking: /home/u24/Documents/sw/carryall/install/hins_laser_interfaces/share/hins_laser_interfaces/package.xml
[3.617s] -- Installing: /home/u24/Documents/sw/carryall/install/hins_laser_interfaces/lib/libhins_laser_interfaces__rosidl_generator_c.so
[3.618s] -- Set non-toolchain portion of runtime path of "/home/u24/Documents/sw/carryall/install/hins_laser_interfaces/lib/libhins_laser_interfaces__rosidl_generator_c.so" to ""
[3.619s] -- Installing: /home/u24/Documents/sw/carryall/install/hins_laser_interfaces/lib/libhins_laser_interfaces__rosidl_typesupport_fastrtps_c.so
[3.620s] -- Set non-toolchain portion of runtime path of "/home/u24/Documents/sw/carryall/install/hins_laser_interfaces/lib/libhins_laser_interfaces__rosidl_typesupport_fastrtps_c.so" to ""
[3.620s] -- Installing: /home/u24/Documents/sw/carryall/install/hins_laser_interfaces/lib/libhins_laser_interfaces__rosidl_typesupport_introspection_c.so
[3.621s] -- Set non-toolchain portion of runtime path of "/home/u24/Documents/sw/carryall/install/hins_laser_interfaces/lib/libhins_laser_interfaces__rosidl_typesupport_introspection_c.so" to ""
[3.621s] -- Installing: /home/u24/Documents/sw/carryall/install/hins_laser_interfaces/lib/libhins_laser_interfaces__rosidl_typesupport_c.so
[3.622s] -- Set non-toolchain portion of runtime path of "/home/u24/Documents/sw/carryall/install/hins_laser_interfaces/lib/libhins_laser_interfaces__rosidl_typesupport_c.so" to ""
[3.622s] -- Installing: /home/u24/Documents/sw/carryall/install/hins_laser_interfaces/lib/libhins_laser_interfaces__rosidl_typesupport_fastrtps_cpp.so
[3.623s] -- Set non-toolchain portion of runtime path of "/home/u24/Documents/sw/carryall/install/hins_laser_interfaces/lib/libhins_laser_interfaces__rosidl_typesupport_fastrtps_cpp.so" to ""
[3.624s] -- Installing: /home/u24/Documents/sw/carryall/install/hins_laser_interfaces/lib/libhins_laser_interfaces__rosidl_typesupport_introspection_cpp.so
[3.625s] -- Set non-toolchain portion of runtime path of "/home/u24/Documents/sw/carryall/install/hins_laser_interfaces/lib/libhins_laser_interfaces__rosidl_typesupport_introspection_cpp.so" to ""
[3.625s] -- Installing: /home/u24/Documents/sw/carryall/install/hins_laser_interfaces/lib/libhins_laser_interfaces__rosidl_typesupport_cpp.so
[3.626s] -- Set non-toolchain portion of runtime path of "/home/u24/Documents/sw/carryall/install/hins_laser_interfaces/lib/libhins_laser_interfaces__rosidl_typesupport_cpp.so" to ""
[3.705s] Listing '/home/u24/Documents/sw/carryall/install/hins_laser_interfaces/lib/python3.12/site-packages/hins_laser_interfaces'...
[3.706s] Compiling '/home/u24/Documents/sw/carryall/install/hins_laser_interfaces/lib/python3.12/site-packages/hins_laser_interfaces/__init__.py'...
[3.706s] Listing '/home/u24/Documents/sw/carryall/install/hins_laser_interfaces/lib/python3.12/site-packages/hins_laser_interfaces/msg'...
[3.706s] Compiling '/home/u24/Documents/sw/carryall/install/hins_laser_interfaces/lib/python3.12/site-packages/hins_laser_interfaces/msg/__init__.py'...
[3.707s] Compiling '/home/u24/Documents/sw/carryall/install/hins_laser_interfaces/lib/python3.12/site-packages/hins_laser_interfaces/msg/_hins_msg.py'...
[3.707s] Listing '/home/u24/Documents/sw/carryall/install/hins_laser_interfaces/lib/python3.12/site-packages/hins_laser_interfaces/srv'...
[3.707s] Compiling '/home/u24/Documents/sw/carryall/install/hins_laser_interfaces/lib/python3.12/site-packages/hins_laser_interfaces/srv/__init__.py'...
[3.708s] Compiling '/home/u24/Documents/sw/carryall/install/hins_laser_interfaces/lib/python3.12/site-packages/hins_laser_interfaces/srv/_hins_srv.py'...
[3.720s] -- Installing: /home/u24/Documents/sw/carryall/install/hins_laser_interfaces/lib/libhins_laser_interfaces__rosidl_generator_py.so
[3.721s] -- Set non-toolchain portion of runtime path of "/home/u24/Documents/sw/carryall/install/hins_laser_interfaces/lib/libhins_laser_interfaces__rosidl_generator_py.so" to ""
[3.721s] -- Installing: /home/u24/Documents/sw/carryall/install/hins_laser_interfaces/share/hins_laser_interfaces/cmake/export_hins_laser_interfaces__rosidl_generator_cExport.cmake
[3.722s] -- Installing: /home/u24/Documents/sw/carryall/install/hins_laser_interfaces/share/hins_laser_interfaces/cmake/export_hins_laser_interfaces__rosidl_generator_cExport-noconfig.cmake
[3.722s] -- Installing: /home/u24/Documents/sw/carryall/install/hins_laser_interfaces/share/hins_laser_interfaces/cmake/export_hins_laser_interfaces__rosidl_typesupport_fastrtps_cExport.cmake
[3.722s] -- Installing: /home/u24/Documents/sw/carryall/install/hins_laser_interfaces/share/hins_laser_interfaces/cmake/export_hins_laser_interfaces__rosidl_typesupport_fastrtps_cExport-noconfig.cmake
[3.723s] -- Installing: /home/u24/Documents/sw/carryall/install/hins_laser_interfaces/share/hins_laser_interfaces/cmake/hins_laser_interfaces__rosidl_typesupport_introspection_cExport.cmake
[3.723s] -- Installing: /home/u24/Documents/sw/carryall/install/hins_laser_interfaces/share/hins_laser_interfaces/cmake/hins_laser_interfaces__rosidl_typesupport_introspection_cExport-noconfig.cmake
[3.724s] -- Installing: /home/u24/Documents/sw/carryall/install/hins_laser_interfaces/share/hins_laser_interfaces/cmake/hins_laser_interfaces__rosidl_typesupport_cExport.cmake
[3.724s] -- Installing: /home/u24/Documents/sw/carryall/install/hins_laser_interfaces/share/hins_laser_interfaces/cmake/hins_laser_interfaces__rosidl_typesupport_cExport-noconfig.cmake
[3.724s] -- Installing: /home/u24/Documents/sw/carryall/install/hins_laser_interfaces/share/hins_laser_interfaces/cmake/export_hins_laser_interfaces__rosidl_generator_cppExport.cmake
[3.725s] -- Installing: /home/u24/Documents/sw/carryall/install/hins_laser_interfaces/share/hins_laser_interfaces/cmake/export_hins_laser_interfaces__rosidl_typesupport_fastrtps_cppExport.cmake
[3.725s] -- Installing: /home/u24/Documents/sw/carryall/install/hins_laser_interfaces/share/hins_laser_interfaces/cmake/export_hins_laser_interfaces__rosidl_typesupport_fastrtps_cppExport-noconfig.cmake
[3.726s] -- Installing: /home/u24/Documents/sw/carryall/install/hins_laser_interfaces/share/hins_laser_interfaces/cmake/hins_laser_interfaces__rosidl_typesupport_introspection_cppExport.cmake
[3.726s] -- Installing: /home/u24/Documents/sw/carryall/install/hins_laser_interfaces/share/hins_laser_interfaces/cmake/hins_laser_interfaces__rosidl_typesupport_introspection_cppExport-noconfig.cmake
[3.727s] -- Installing: /home/u24/Documents/sw/carryall/install/hins_laser_interfaces/share/hins_laser_interfaces/cmake/hins_laser_interfaces__rosidl_typesupport_cppExport.cmake
[3.727s] -- Installing: /home/u24/Documents/sw/carryall/install/hins_laser_interfaces/share/hins_laser_interfaces/cmake/hins_laser_interfaces__rosidl_typesupport_cppExport-noconfig.cmake
[3.727s] -- Installing: /home/u24/Documents/sw/carryall/install/hins_laser_interfaces/share/hins_laser_interfaces/cmake/export_hins_laser_interfaces__rosidl_generator_pyExport.cmake
[3.728s] -- Installing: /home/u24/Documents/sw/carryall/install/hins_laser_interfaces/share/hins_laser_interfaces/cmake/export_hins_laser_interfaces__rosidl_generator_pyExport-noconfig.cmake
[3.732s] Invoked command in '/home/u24/Documents/sw/carryall/build/hins_laser_interfaces' returned '0': CMAKE_PREFIX_PATH=${CMAKE_PREFIX_PATH}:/opt/ros/jazzy DEBUGINFOD_URLS=https://debuginfod.ubuntu.com /usr/bin/cmake --install /home/u24/Documents/sw/carryall/build/hins_laser_interfaces
