[0.200s] DEBUG:colcon:Command line arguments: ['/usr/bin/colcon', 'build', '--packages-select', 'carryall_navigation', '--symlink-install']
[0.200s] DEBUG:colcon:Parsed command line arguments: Namespace(log_base=None, log_level=None, verb_name='build', build_base='build', install_base='install', merge_install=False, symlink_install=True, test_result_base=None, continue_on_error=False, executor='parallel', parallel_workers=4, event_handlers=None, ignore_user_meta=False, metas=['./colcon.meta'], base_paths=['.'], packages_ignore=None, packages_ignore_regex=None, paths=None, packages_up_to=None, packages_up_to_regex=None, packages_above=None, packages_above_and_dependencies=None, packages_above_depth=None, packages_select_by_dep=None, packages_skip_by_dep=None, packages_skip_up_to=None, packages_select_build_failed=False, packages_skip_build_finished=False, packages_select_test_failures=False, packages_skip_test_passed=False, packages_select=['carryall_navigation'], packages_skip=None, packages_select_regex=None, packages_skip_regex=None, packages_start=None, packages_end=None, allow_overriding=[], cmake_args=None, cmake_target=None, cmake_target_skip_unavailable=False, cmake_clean_cache=False, cmake_clean_first=False, cmake_force_configure=False, ament_cmake_args=None, catkin_cmake_args=None, catkin_skip_building_tests=False, verb_parser=<colcon_defaults.argument_parser.defaults.DefaultArgumentsDecorator object at 0x7518dfc69bb0>, verb_extension=<colcon_core.verb.build.BuildVerb object at 0x7518dfd920f0>, main=<bound method BuildVerb.main of <colcon_core.verb.build.BuildVerb object at 0x7518dfd920f0>>)
[0.270s] Level 1:colcon.colcon_core.package_discovery:discover_packages(colcon_meta) check parameters
[0.270s] Level 1:colcon.colcon_core.package_discovery:discover_packages(recursive) check parameters
[0.270s] Level 1:colcon.colcon_core.package_discovery:discover_packages(ignore) check parameters
[0.270s] Level 1:colcon.colcon_core.package_discovery:discover_packages(path) check parameters
[0.270s] Level 1:colcon.colcon_core.package_discovery:discover_packages(colcon_meta) discover
[0.270s] Level 1:colcon.colcon_core.package_discovery:discover_packages(recursive) discover
[0.271s] INFO:colcon.colcon_core.package_discovery:Crawling recursively for packages in '/home/u24/Documents/sw/carryall'
[0.271s] Level 1:colcon.colcon_core.package_identification:_identify(.) by extensions ['ignore', 'ignore_ament_install']
[0.271s] Level 1:colcon.colcon_core.package_identification:_identify(.) by extension 'ignore'
[0.271s] Level 1:colcon.colcon_core.package_identification:_identify(.) by extension 'ignore_ament_install'
[0.272s] Level 1:colcon.colcon_core.package_identification:_identify(.) by extensions ['colcon_pkg']
[0.272s] Level 1:colcon.colcon_core.package_identification:_identify(.) by extension 'colcon_pkg'
[0.272s] Level 1:colcon.colcon_core.package_identification:_identify(.) by extensions ['colcon_meta']
[0.272s] Level 1:colcon.colcon_core.package_identification:_identify(.) by extension 'colcon_meta'
[0.272s] Level 1:colcon.colcon_core.package_identification:_identify(.) by extensions ['ros']
[0.272s] Level 1:colcon.colcon_core.package_identification:_identify(.) by extension 'ros'
[0.318s] Level 1:colcon.colcon_core.package_identification:_identify(.) by extensions ['cmake', 'python']
[0.319s] Level 1:colcon.colcon_core.package_identification:_identify(.) by extension 'cmake'
[0.319s] Level 1:colcon.colcon_core.package_identification:_identify(.) by extension 'python'
[0.319s] Level 1:colcon.colcon_core.package_identification:_identify(.) by extensions ['python_setup_py']
[0.319s] Level 1:colcon.colcon_core.package_identification:_identify(.) by extension 'python_setup_py'
[0.319s] Level 1:colcon.colcon_core.package_identification:_identify(build) by extensions ['ignore', 'ignore_ament_install']
[0.320s] Level 1:colcon.colcon_core.package_identification:_identify(build) by extension 'ignore'
[0.320s] Level 1:colcon.colcon_core.package_identification:_identify(build) ignored
[0.320s] Level 1:colcon.colcon_core.package_identification:_identify(doc) by extensions ['ignore', 'ignore_ament_install']
[0.320s] Level 1:colcon.colcon_core.package_identification:_identify(doc) by extension 'ignore'
[0.320s] Level 1:colcon.colcon_core.package_identification:_identify(doc) by extension 'ignore_ament_install'
[0.320s] Level 1:colcon.colcon_core.package_identification:_identify(doc) by extensions ['colcon_pkg']
[0.321s] Level 1:colcon.colcon_core.package_identification:_identify(doc) by extension 'colcon_pkg'
[0.321s] Level 1:colcon.colcon_core.package_identification:_identify(doc) by extensions ['colcon_meta']
[0.321s] Level 1:colcon.colcon_core.package_identification:_identify(doc) by extension 'colcon_meta'
[0.321s] Level 1:colcon.colcon_core.package_identification:_identify(doc) by extensions ['ros']
[0.321s] Level 1:colcon.colcon_core.package_identification:_identify(doc) by extension 'ros'
[0.321s] Level 1:colcon.colcon_core.package_identification:_identify(doc) by extensions ['cmake', 'python']
[0.321s] Level 1:colcon.colcon_core.package_identification:_identify(doc) by extension 'cmake'
[0.321s] Level 1:colcon.colcon_core.package_identification:_identify(doc) by extension 'python'
[0.321s] Level 1:colcon.colcon_core.package_identification:_identify(doc) by extensions ['python_setup_py']
[0.321s] Level 1:colcon.colcon_core.package_identification:_identify(doc) by extension 'python_setup_py'
[0.321s] Level 1:colcon.colcon_core.package_identification:_identify(doc/lidar) by extensions ['ignore', 'ignore_ament_install']
[0.322s] Level 1:colcon.colcon_core.package_identification:_identify(doc/lidar) by extension 'ignore'
[0.322s] Level 1:colcon.colcon_core.package_identification:_identify(doc/lidar) by extension 'ignore_ament_install'
[0.322s] Level 1:colcon.colcon_core.package_identification:_identify(doc/lidar) by extensions ['colcon_pkg']
[0.322s] Level 1:colcon.colcon_core.package_identification:_identify(doc/lidar) by extension 'colcon_pkg'
[0.322s] Level 1:colcon.colcon_core.package_identification:_identify(doc/lidar) by extensions ['colcon_meta']
[0.322s] Level 1:colcon.colcon_core.package_identification:_identify(doc/lidar) by extension 'colcon_meta'
[0.322s] Level 1:colcon.colcon_core.package_identification:_identify(doc/lidar) by extensions ['ros']
[0.322s] Level 1:colcon.colcon_core.package_identification:_identify(doc/lidar) by extension 'ros'
[0.322s] Level 1:colcon.colcon_core.package_identification:_identify(doc/lidar) by extensions ['cmake', 'python']
[0.322s] Level 1:colcon.colcon_core.package_identification:_identify(doc/lidar) by extension 'cmake'
[0.322s] Level 1:colcon.colcon_core.package_identification:_identify(doc/lidar) by extension 'python'
[0.323s] Level 1:colcon.colcon_core.package_identification:_identify(doc/lidar) by extensions ['python_setup_py']
[0.323s] Level 1:colcon.colcon_core.package_identification:_identify(doc/lidar) by extension 'python_setup_py'
[0.323s] Level 1:colcon.colcon_core.package_identification:_identify(doc/lidar/Hinson V1.5.8 20251027) by extensions ['ignore', 'ignore_ament_install']
[0.323s] Level 1:colcon.colcon_core.package_identification:_identify(doc/lidar/Hinson V1.5.8 20251027) by extension 'ignore'
[0.323s] Level 1:colcon.colcon_core.package_identification:_identify(doc/lidar/Hinson V1.5.8 20251027) by extension 'ignore_ament_install'
[0.323s] Level 1:colcon.colcon_core.package_identification:_identify(doc/lidar/Hinson V1.5.8 20251027) by extensions ['colcon_pkg']
[0.323s] Level 1:colcon.colcon_core.package_identification:_identify(doc/lidar/Hinson V1.5.8 20251027) by extension 'colcon_pkg'
[0.323s] Level 1:colcon.colcon_core.package_identification:_identify(doc/lidar/Hinson V1.5.8 20251027) by extensions ['colcon_meta']
[0.323s] Level 1:colcon.colcon_core.package_identification:_identify(doc/lidar/Hinson V1.5.8 20251027) by extension 'colcon_meta'
[0.323s] Level 1:colcon.colcon_core.package_identification:_identify(doc/lidar/Hinson V1.5.8 20251027) by extensions ['ros']
[0.324s] Level 1:colcon.colcon_core.package_identification:_identify(doc/lidar/Hinson V1.5.8 20251027) by extension 'ros'
[0.324s] Level 1:colcon.colcon_core.package_identification:_identify(doc/lidar/Hinson V1.5.8 20251027) by extensions ['cmake', 'python']
[0.324s] Level 1:colcon.colcon_core.package_identification:_identify(doc/lidar/Hinson V1.5.8 20251027) by extension 'cmake'
[0.324s] Level 1:colcon.colcon_core.package_identification:_identify(doc/lidar/Hinson V1.5.8 20251027) by extension 'python'
[0.324s] Level 1:colcon.colcon_core.package_identification:_identify(doc/lidar/Hinson V1.5.8 20251027) by extensions ['python_setup_py']
[0.324s] Level 1:colcon.colcon_core.package_identification:_identify(doc/lidar/Hinson V1.5.8 20251027) by extension 'python_setup_py'
[0.324s] Level 1:colcon.colcon_core.package_identification:_identify(doc/lidar/Hinson V1.5.8 20251027/Hinson V1.5.8 20251027) by extensions ['ignore', 'ignore_ament_install']
[0.324s] Level 1:colcon.colcon_core.package_identification:_identify(doc/lidar/Hinson V1.5.8 20251027/Hinson V1.5.8 20251027) by extension 'ignore'
[0.325s] Level 1:colcon.colcon_core.package_identification:_identify(doc/lidar/Hinson V1.5.8 20251027/Hinson V1.5.8 20251027) by extension 'ignore_ament_install'
[0.325s] Level 1:colcon.colcon_core.package_identification:_identify(doc/lidar/Hinson V1.5.8 20251027/Hinson V1.5.8 20251027) by extensions ['colcon_pkg']
[0.325s] Level 1:colcon.colcon_core.package_identification:_identify(doc/lidar/Hinson V1.5.8 20251027/Hinson V1.5.8 20251027) by extension 'colcon_pkg'
[0.325s] Level 1:colcon.colcon_core.package_identification:_identify(doc/lidar/Hinson V1.5.8 20251027/Hinson V1.5.8 20251027) by extensions ['colcon_meta']
[0.325s] Level 1:colcon.colcon_core.package_identification:_identify(doc/lidar/Hinson V1.5.8 20251027/Hinson V1.5.8 20251027) by extension 'colcon_meta'
[0.325s] Level 1:colcon.colcon_core.package_identification:_identify(doc/lidar/Hinson V1.5.8 20251027/Hinson V1.5.8 20251027) by extensions ['ros']
[0.325s] Level 1:colcon.colcon_core.package_identification:_identify(doc/lidar/Hinson V1.5.8 20251027/Hinson V1.5.8 20251027) by extension 'ros'
[0.325s] Level 1:colcon.colcon_core.package_identification:_identify(doc/lidar/Hinson V1.5.8 20251027/Hinson V1.5.8 20251027) by extensions ['cmake', 'python']
[0.325s] Level 1:colcon.colcon_core.package_identification:_identify(doc/lidar/Hinson V1.5.8 20251027/Hinson V1.5.8 20251027) by extension 'cmake'
[0.325s] Level 1:colcon.colcon_core.package_identification:_identify(doc/lidar/Hinson V1.5.8 20251027/Hinson V1.5.8 20251027) by extension 'python'
[0.325s] Level 1:colcon.colcon_core.package_identification:_identify(doc/lidar/Hinson V1.5.8 20251027/Hinson V1.5.8 20251027) by extensions ['python_setup_py']
[0.326s] Level 1:colcon.colcon_core.package_identification:_identify(doc/lidar/Hinson V1.5.8 20251027/Hinson V1.5.8 20251027) by extension 'python_setup_py'
[0.326s] Level 1:colcon.colcon_core.package_identification:_identify(doc/lidar/Hinson V1.5.8 20251027/Hinson V1.5.8 20251027/USB驱动) by extensions ['ignore', 'ignore_ament_install']
[0.326s] Level 1:colcon.colcon_core.package_identification:_identify(doc/lidar/Hinson V1.5.8 20251027/Hinson V1.5.8 20251027/USB驱动) by extension 'ignore'
[0.326s] Level 1:colcon.colcon_core.package_identification:_identify(doc/lidar/Hinson V1.5.8 20251027/Hinson V1.5.8 20251027/USB驱动) by extension 'ignore_ament_install'
[0.326s] Level 1:colcon.colcon_core.package_identification:_identify(doc/lidar/Hinson V1.5.8 20251027/Hinson V1.5.8 20251027/USB驱动) by extensions ['colcon_pkg']
[0.326s] Level 1:colcon.colcon_core.package_identification:_identify(doc/lidar/Hinson V1.5.8 20251027/Hinson V1.5.8 20251027/USB驱动) by extension 'colcon_pkg'
[0.326s] Level 1:colcon.colcon_core.package_identification:_identify(doc/lidar/Hinson V1.5.8 20251027/Hinson V1.5.8 20251027/USB驱动) by extensions ['colcon_meta']
[0.326s] Level 1:colcon.colcon_core.package_identification:_identify(doc/lidar/Hinson V1.5.8 20251027/Hinson V1.5.8 20251027/USB驱动) by extension 'colcon_meta'
[0.326s] Level 1:colcon.colcon_core.package_identification:_identify(doc/lidar/Hinson V1.5.8 20251027/Hinson V1.5.8 20251027/USB驱动) by extensions ['ros']
[0.327s] Level 1:colcon.colcon_core.package_identification:_identify(doc/lidar/Hinson V1.5.8 20251027/Hinson V1.5.8 20251027/USB驱动) by extension 'ros'
[0.327s] Level 1:colcon.colcon_core.package_identification:_identify(doc/lidar/Hinson V1.5.8 20251027/Hinson V1.5.8 20251027/USB驱动) by extensions ['cmake', 'python']
[0.327s] Level 1:colcon.colcon_core.package_identification:_identify(doc/lidar/Hinson V1.5.8 20251027/Hinson V1.5.8 20251027/USB驱动) by extension 'cmake'
[0.327s] Level 1:colcon.colcon_core.package_identification:_identify(doc/lidar/Hinson V1.5.8 20251027/Hinson V1.5.8 20251027/USB驱动) by extension 'python'
[0.327s] Level 1:colcon.colcon_core.package_identification:_identify(doc/lidar/Hinson V1.5.8 20251027/Hinson V1.5.8 20251027/USB驱动) by extensions ['python_setup_py']
[0.327s] Level 1:colcon.colcon_core.package_identification:_identify(doc/lidar/Hinson V1.5.8 20251027/Hinson V1.5.8 20251027/USB驱动) by extension 'python_setup_py'
[0.327s] Level 1:colcon.colcon_core.package_identification:_identify(doc/lidar/Hinson V1.5.8 20251027/Hinson V1.5.8 20251027/bearer) by extensions ['ignore', 'ignore_ament_install']
[0.327s] Level 1:colcon.colcon_core.package_identification:_identify(doc/lidar/Hinson V1.5.8 20251027/Hinson V1.5.8 20251027/bearer) by extension 'ignore'
[0.327s] Level 1:colcon.colcon_core.package_identification:_identify(doc/lidar/Hinson V1.5.8 20251027/Hinson V1.5.8 20251027/bearer) by extension 'ignore_ament_install'
[0.328s] Level 1:colcon.colcon_core.package_identification:_identify(doc/lidar/Hinson V1.5.8 20251027/Hinson V1.5.8 20251027/bearer) by extensions ['colcon_pkg']
[0.328s] Level 1:colcon.colcon_core.package_identification:_identify(doc/lidar/Hinson V1.5.8 20251027/Hinson V1.5.8 20251027/bearer) by extension 'colcon_pkg'
[0.328s] Level 1:colcon.colcon_core.package_identification:_identify(doc/lidar/Hinson V1.5.8 20251027/Hinson V1.5.8 20251027/bearer) by extensions ['colcon_meta']
[0.328s] Level 1:colcon.colcon_core.package_identification:_identify(doc/lidar/Hinson V1.5.8 20251027/Hinson V1.5.8 20251027/bearer) by extension 'colcon_meta'
[0.328s] Level 1:colcon.colcon_core.package_identification:_identify(doc/lidar/Hinson V1.5.8 20251027/Hinson V1.5.8 20251027/bearer) by extensions ['ros']
[0.328s] Level 1:colcon.colcon_core.package_identification:_identify(doc/lidar/Hinson V1.5.8 20251027/Hinson V1.5.8 20251027/bearer) by extension 'ros'
[0.328s] Level 1:colcon.colcon_core.package_identification:_identify(doc/lidar/Hinson V1.5.8 20251027/Hinson V1.5.8 20251027/bearer) by extensions ['cmake', 'python']
[0.328s] Level 1:colcon.colcon_core.package_identification:_identify(doc/lidar/Hinson V1.5.8 20251027/Hinson V1.5.8 20251027/bearer) by extension 'cmake'
[0.328s] Level 1:colcon.colcon_core.package_identification:_identify(doc/lidar/Hinson V1.5.8 20251027/Hinson V1.5.8 20251027/bearer) by extension 'python'
[0.328s] Level 1:colcon.colcon_core.package_identification:_identify(doc/lidar/Hinson V1.5.8 20251027/Hinson V1.5.8 20251027/bearer) by extensions ['python_setup_py']
[0.328s] Level 1:colcon.colcon_core.package_identification:_identify(doc/lidar/Hinson V1.5.8 20251027/Hinson V1.5.8 20251027/bearer) by extension 'python_setup_py'
[0.329s] Level 1:colcon.colcon_core.package_identification:_identify(doc/lidar/Hinson V1.5.8 20251027/Hinson V1.5.8 20251027/iconengines) by extensions ['ignore', 'ignore_ament_install']
[0.329s] Level 1:colcon.colcon_core.package_identification:_identify(doc/lidar/Hinson V1.5.8 20251027/Hinson V1.5.8 20251027/iconengines) by extension 'ignore'
[0.329s] Level 1:colcon.colcon_core.package_identification:_identify(doc/lidar/Hinson V1.5.8 20251027/Hinson V1.5.8 20251027/iconengines) by extension 'ignore_ament_install'
[0.329s] Level 1:colcon.colcon_core.package_identification:_identify(doc/lidar/Hinson V1.5.8 20251027/Hinson V1.5.8 20251027/iconengines) by extensions ['colcon_pkg']
[0.329s] Level 1:colcon.colcon_core.package_identification:_identify(doc/lidar/Hinson V1.5.8 20251027/Hinson V1.5.8 20251027/iconengines) by extension 'colcon_pkg'
[0.329s] Level 1:colcon.colcon_core.package_identification:_identify(doc/lidar/Hinson V1.5.8 20251027/Hinson V1.5.8 20251027/iconengines) by extensions ['colcon_meta']
[0.329s] Level 1:colcon.colcon_core.package_identification:_identify(doc/lidar/Hinson V1.5.8 20251027/Hinson V1.5.8 20251027/iconengines) by extension 'colcon_meta'
[0.329s] Level 1:colcon.colcon_core.package_identification:_identify(doc/lidar/Hinson V1.5.8 20251027/Hinson V1.5.8 20251027/iconengines) by extensions ['ros']
[0.329s] Level 1:colcon.colcon_core.package_identification:_identify(doc/lidar/Hinson V1.5.8 20251027/Hinson V1.5.8 20251027/iconengines) by extension 'ros'
[0.330s] Level 1:colcon.colcon_core.package_identification:_identify(doc/lidar/Hinson V1.5.8 20251027/Hinson V1.5.8 20251027/iconengines) by extensions ['cmake', 'python']
[0.330s] Level 1:colcon.colcon_core.package_identification:_identify(doc/lidar/Hinson V1.5.8 20251027/Hinson V1.5.8 20251027/iconengines) by extension 'cmake'
[0.330s] Level 1:colcon.colcon_core.package_identification:_identify(doc/lidar/Hinson V1.5.8 20251027/Hinson V1.5.8 20251027/iconengines) by extension 'python'
[0.330s] Level 1:colcon.colcon_core.package_identification:_identify(doc/lidar/Hinson V1.5.8 20251027/Hinson V1.5.8 20251027/iconengines) by extensions ['python_setup_py']
[0.330s] Level 1:colcon.colcon_core.package_identification:_identify(doc/lidar/Hinson V1.5.8 20251027/Hinson V1.5.8 20251027/iconengines) by extension 'python_setup_py'
[0.330s] Level 1:colcon.colcon_core.package_identification:_identify(doc/lidar/Hinson V1.5.8 20251027/Hinson V1.5.8 20251027/imageformats) by extensions ['ignore', 'ignore_ament_install']
[0.330s] Level 1:colcon.colcon_core.package_identification:_identify(doc/lidar/Hinson V1.5.8 20251027/Hinson V1.5.8 20251027/imageformats) by extension 'ignore'
[0.330s] Level 1:colcon.colcon_core.package_identification:_identify(doc/lidar/Hinson V1.5.8 20251027/Hinson V1.5.8 20251027/imageformats) by extension 'ignore_ament_install'
[0.330s] Level 1:colcon.colcon_core.package_identification:_identify(doc/lidar/Hinson V1.5.8 20251027/Hinson V1.5.8 20251027/imageformats) by extensions ['colcon_pkg']
[0.330s] Level 1:colcon.colcon_core.package_identification:_identify(doc/lidar/Hinson V1.5.8 20251027/Hinson V1.5.8 20251027/imageformats) by extension 'colcon_pkg'
[0.331s] Level 1:colcon.colcon_core.package_identification:_identify(doc/lidar/Hinson V1.5.8 20251027/Hinson V1.5.8 20251027/imageformats) by extensions ['colcon_meta']
[0.331s] Level 1:colcon.colcon_core.package_identification:_identify(doc/lidar/Hinson V1.5.8 20251027/Hinson V1.5.8 20251027/imageformats) by extension 'colcon_meta'
[0.331s] Level 1:colcon.colcon_core.package_identification:_identify(doc/lidar/Hinson V1.5.8 20251027/Hinson V1.5.8 20251027/imageformats) by extensions ['ros']
[0.331s] Level 1:colcon.colcon_core.package_identification:_identify(doc/lidar/Hinson V1.5.8 20251027/Hinson V1.5.8 20251027/imageformats) by extension 'ros'
[0.331s] Level 1:colcon.colcon_core.package_identification:_identify(doc/lidar/Hinson V1.5.8 20251027/Hinson V1.5.8 20251027/imageformats) by extensions ['cmake', 'python']
[0.331s] Level 1:colcon.colcon_core.package_identification:_identify(doc/lidar/Hinson V1.5.8 20251027/Hinson V1.5.8 20251027/imageformats) by extension 'cmake'
[0.331s] Level 1:colcon.colcon_core.package_identification:_identify(doc/lidar/Hinson V1.5.8 20251027/Hinson V1.5.8 20251027/imageformats) by extension 'python'
[0.331s] Level 1:colcon.colcon_core.package_identification:_identify(doc/lidar/Hinson V1.5.8 20251027/Hinson V1.5.8 20251027/imageformats) by extensions ['python_setup_py']
[0.331s] Level 1:colcon.colcon_core.package_identification:_identify(doc/lidar/Hinson V1.5.8 20251027/Hinson V1.5.8 20251027/imageformats) by extension 'python_setup_py'
[0.331s] Level 1:colcon.colcon_core.package_identification:_identify(doc/lidar/Hinson V1.5.8 20251027/Hinson V1.5.8 20251027/images) by extensions ['ignore', 'ignore_ament_install']
[0.332s] Level 1:colcon.colcon_core.package_identification:_identify(doc/lidar/Hinson V1.5.8 20251027/Hinson V1.5.8 20251027/images) by extension 'ignore'
[0.332s] Level 1:colcon.colcon_core.package_identification:_identify(doc/lidar/Hinson V1.5.8 20251027/Hinson V1.5.8 20251027/images) by extension 'ignore_ament_install'
[0.332s] Level 1:colcon.colcon_core.package_identification:_identify(doc/lidar/Hinson V1.5.8 20251027/Hinson V1.5.8 20251027/images) by extensions ['colcon_pkg']
[0.332s] Level 1:colcon.colcon_core.package_identification:_identify(doc/lidar/Hinson V1.5.8 20251027/Hinson V1.5.8 20251027/images) by extension 'colcon_pkg'
[0.332s] Level 1:colcon.colcon_core.package_identification:_identify(doc/lidar/Hinson V1.5.8 20251027/Hinson V1.5.8 20251027/images) by extensions ['colcon_meta']
[0.332s] Level 1:colcon.colcon_core.package_identification:_identify(doc/lidar/Hinson V1.5.8 20251027/Hinson V1.5.8 20251027/images) by extension 'colcon_meta'
[0.332s] Level 1:colcon.colcon_core.package_identification:_identify(doc/lidar/Hinson V1.5.8 20251027/Hinson V1.5.8 20251027/images) by extensions ['ros']
[0.332s] Level 1:colcon.colcon_core.package_identification:_identify(doc/lidar/Hinson V1.5.8 20251027/Hinson V1.5.8 20251027/images) by extension 'ros'
[0.332s] Level 1:colcon.colcon_core.package_identification:_identify(doc/lidar/Hinson V1.5.8 20251027/Hinson V1.5.8 20251027/images) by extensions ['cmake', 'python']
[0.333s] Level 1:colcon.colcon_core.package_identification:_identify(doc/lidar/Hinson V1.5.8 20251027/Hinson V1.5.8 20251027/images) by extension 'cmake'
[0.333s] Level 1:colcon.colcon_core.package_identification:_identify(doc/lidar/Hinson V1.5.8 20251027/Hinson V1.5.8 20251027/images) by extension 'python'
[0.333s] Level 1:colcon.colcon_core.package_identification:_identify(doc/lidar/Hinson V1.5.8 20251027/Hinson V1.5.8 20251027/images) by extensions ['python_setup_py']
[0.333s] Level 1:colcon.colcon_core.package_identification:_identify(doc/lidar/Hinson V1.5.8 20251027/Hinson V1.5.8 20251027/images) by extension 'python_setup_py'
[0.333s] Level 1:colcon.colcon_core.package_identification:_identify(doc/lidar/Hinson V1.5.8 20251027/Hinson V1.5.8 20251027/information) by extensions ['ignore', 'ignore_ament_install']
[0.333s] Level 1:colcon.colcon_core.package_identification:_identify(doc/lidar/Hinson V1.5.8 20251027/Hinson V1.5.8 20251027/information) by extension 'ignore'
[0.333s] Level 1:colcon.colcon_core.package_identification:_identify(doc/lidar/Hinson V1.5.8 20251027/Hinson V1.5.8 20251027/information) by extension 'ignore_ament_install'
[0.334s] Level 1:colcon.colcon_core.package_identification:_identify(doc/lidar/Hinson V1.5.8 20251027/Hinson V1.5.8 20251027/information) by extensions ['colcon_pkg']
[0.334s] Level 1:colcon.colcon_core.package_identification:_identify(doc/lidar/Hinson V1.5.8 20251027/Hinson V1.5.8 20251027/information) by extension 'colcon_pkg'
[0.334s] Level 1:colcon.colcon_core.package_identification:_identify(doc/lidar/Hinson V1.5.8 20251027/Hinson V1.5.8 20251027/information) by extensions ['colcon_meta']
[0.334s] Level 1:colcon.colcon_core.package_identification:_identify(doc/lidar/Hinson V1.5.8 20251027/Hinson V1.5.8 20251027/information) by extension 'colcon_meta'
[0.334s] Level 1:colcon.colcon_core.package_identification:_identify(doc/lidar/Hinson V1.5.8 20251027/Hinson V1.5.8 20251027/information) by extensions ['ros']
[0.334s] Level 1:colcon.colcon_core.package_identification:_identify(doc/lidar/Hinson V1.5.8 20251027/Hinson V1.5.8 20251027/information) by extension 'ros'
[0.334s] Level 1:colcon.colcon_core.package_identification:_identify(doc/lidar/Hinson V1.5.8 20251027/Hinson V1.5.8 20251027/information) by extensions ['cmake', 'python']
[0.334s] Level 1:colcon.colcon_core.package_identification:_identify(doc/lidar/Hinson V1.5.8 20251027/Hinson V1.5.8 20251027/information) by extension 'cmake'
[0.334s] Level 1:colcon.colcon_core.package_identification:_identify(doc/lidar/Hinson V1.5.8 20251027/Hinson V1.5.8 20251027/information) by extension 'python'
[0.334s] Level 1:colcon.colcon_core.package_identification:_identify(doc/lidar/Hinson V1.5.8 20251027/Hinson V1.5.8 20251027/information) by extensions ['python_setup_py']
[0.335s] Level 1:colcon.colcon_core.package_identification:_identify(doc/lidar/Hinson V1.5.8 20251027/Hinson V1.5.8 20251027/information) by extension 'python_setup_py'
[0.335s] Level 1:colcon.colcon_core.package_identification:_identify(doc/lidar/Hinson V1.5.8 20251027/Hinson V1.5.8 20251027/platforms) by extensions ['ignore', 'ignore_ament_install']
[0.335s] Level 1:colcon.colcon_core.package_identification:_identify(doc/lidar/Hinson V1.5.8 20251027/Hinson V1.5.8 20251027/platforms) by extension 'ignore'
[0.335s] Level 1:colcon.colcon_core.package_identification:_identify(doc/lidar/Hinson V1.5.8 20251027/Hinson V1.5.8 20251027/platforms) by extension 'ignore_ament_install'
[0.335s] Level 1:colcon.colcon_core.package_identification:_identify(doc/lidar/Hinson V1.5.8 20251027/Hinson V1.5.8 20251027/platforms) by extensions ['colcon_pkg']
[0.335s] Level 1:colcon.colcon_core.package_identification:_identify(doc/lidar/Hinson V1.5.8 20251027/Hinson V1.5.8 20251027/platforms) by extension 'colcon_pkg'
[0.335s] Level 1:colcon.colcon_core.package_identification:_identify(doc/lidar/Hinson V1.5.8 20251027/Hinson V1.5.8 20251027/platforms) by extensions ['colcon_meta']
[0.335s] Level 1:colcon.colcon_core.package_identification:_identify(doc/lidar/Hinson V1.5.8 20251027/Hinson V1.5.8 20251027/platforms) by extension 'colcon_meta'
[0.336s] Level 1:colcon.colcon_core.package_identification:_identify(doc/lidar/Hinson V1.5.8 20251027/Hinson V1.5.8 20251027/platforms) by extensions ['ros']
[0.336s] Level 1:colcon.colcon_core.package_identification:_identify(doc/lidar/Hinson V1.5.8 20251027/Hinson V1.5.8 20251027/platforms) by extension 'ros'
[0.336s] Level 1:colcon.colcon_core.package_identification:_identify(doc/lidar/Hinson V1.5.8 20251027/Hinson V1.5.8 20251027/platforms) by extensions ['cmake', 'python']
[0.336s] Level 1:colcon.colcon_core.package_identification:_identify(doc/lidar/Hinson V1.5.8 20251027/Hinson V1.5.8 20251027/platforms) by extension 'cmake'
[0.336s] Level 1:colcon.colcon_core.package_identification:_identify(doc/lidar/Hinson V1.5.8 20251027/Hinson V1.5.8 20251027/platforms) by extension 'python'
[0.336s] Level 1:colcon.colcon_core.package_identification:_identify(doc/lidar/Hinson V1.5.8 20251027/Hinson V1.5.8 20251027/platforms) by extensions ['python_setup_py']
[0.336s] Level 1:colcon.colcon_core.package_identification:_identify(doc/lidar/Hinson V1.5.8 20251027/Hinson V1.5.8 20251027/platforms) by extension 'python_setup_py'
[0.336s] Level 1:colcon.colcon_core.package_identification:_identify(doc/lidar/Hinson V1.5.8 20251027/Hinson V1.5.8 20251027/platforms/images) by extensions ['ignore', 'ignore_ament_install']
[0.337s] Level 1:colcon.colcon_core.package_identification:_identify(doc/lidar/Hinson V1.5.8 20251027/Hinson V1.5.8 20251027/platforms/images) by extension 'ignore'
[0.337s] Level 1:colcon.colcon_core.package_identification:_identify(doc/lidar/Hinson V1.5.8 20251027/Hinson V1.5.8 20251027/platforms/images) by extension 'ignore_ament_install'
[0.337s] Level 1:colcon.colcon_core.package_identification:_identify(doc/lidar/Hinson V1.5.8 20251027/Hinson V1.5.8 20251027/platforms/images) by extensions ['colcon_pkg']
[0.337s] Level 1:colcon.colcon_core.package_identification:_identify(doc/lidar/Hinson V1.5.8 20251027/Hinson V1.5.8 20251027/platforms/images) by extension 'colcon_pkg'
[0.337s] Level 1:colcon.colcon_core.package_identification:_identify(doc/lidar/Hinson V1.5.8 20251027/Hinson V1.5.8 20251027/platforms/images) by extensions ['colcon_meta']
[0.337s] Level 1:colcon.colcon_core.package_identification:_identify(doc/lidar/Hinson V1.5.8 20251027/Hinson V1.5.8 20251027/platforms/images) by extension 'colcon_meta'
[0.337s] Level 1:colcon.colcon_core.package_identification:_identify(doc/lidar/Hinson V1.5.8 20251027/Hinson V1.5.8 20251027/platforms/images) by extensions ['ros']
[0.337s] Level 1:colcon.colcon_core.package_identification:_identify(doc/lidar/Hinson V1.5.8 20251027/Hinson V1.5.8 20251027/platforms/images) by extension 'ros'
[0.337s] Level 1:colcon.colcon_core.package_identification:_identify(doc/lidar/Hinson V1.5.8 20251027/Hinson V1.5.8 20251027/platforms/images) by extensions ['cmake', 'python']
[0.337s] Level 1:colcon.colcon_core.package_identification:_identify(doc/lidar/Hinson V1.5.8 20251027/Hinson V1.5.8 20251027/platforms/images) by extension 'cmake'
[0.338s] Level 1:colcon.colcon_core.package_identification:_identify(doc/lidar/Hinson V1.5.8 20251027/Hinson V1.5.8 20251027/platforms/images) by extension 'python'
[0.338s] Level 1:colcon.colcon_core.package_identification:_identify(doc/lidar/Hinson V1.5.8 20251027/Hinson V1.5.8 20251027/platforms/images) by extensions ['python_setup_py']
[0.338s] Level 1:colcon.colcon_core.package_identification:_identify(doc/lidar/Hinson V1.5.8 20251027/Hinson V1.5.8 20251027/platforms/images) by extension 'python_setup_py'
[0.338s] Level 1:colcon.colcon_core.package_identification:_identify(doc/lidar/Hinson V1.5.8 20251027/Hinson V1.5.8 20251027/translations) by extensions ['ignore', 'ignore_ament_install']
[0.338s] Level 1:colcon.colcon_core.package_identification:_identify(doc/lidar/Hinson V1.5.8 20251027/Hinson V1.5.8 20251027/translations) by extension 'ignore'
[0.338s] Level 1:colcon.colcon_core.package_identification:_identify(doc/lidar/Hinson V1.5.8 20251027/Hinson V1.5.8 20251027/translations) by extension 'ignore_ament_install'
[0.338s] Level 1:colcon.colcon_core.package_identification:_identify(doc/lidar/Hinson V1.5.8 20251027/Hinson V1.5.8 20251027/translations) by extensions ['colcon_pkg']
[0.338s] Level 1:colcon.colcon_core.package_identification:_identify(doc/lidar/Hinson V1.5.8 20251027/Hinson V1.5.8 20251027/translations) by extension 'colcon_pkg'
[0.338s] Level 1:colcon.colcon_core.package_identification:_identify(doc/lidar/Hinson V1.5.8 20251027/Hinson V1.5.8 20251027/translations) by extensions ['colcon_meta']
[0.339s] Level 1:colcon.colcon_core.package_identification:_identify(doc/lidar/Hinson V1.5.8 20251027/Hinson V1.5.8 20251027/translations) by extension 'colcon_meta'
[0.339s] Level 1:colcon.colcon_core.package_identification:_identify(doc/lidar/Hinson V1.5.8 20251027/Hinson V1.5.8 20251027/translations) by extensions ['ros']
[0.339s] Level 1:colcon.colcon_core.package_identification:_identify(doc/lidar/Hinson V1.5.8 20251027/Hinson V1.5.8 20251027/translations) by extension 'ros'
[0.339s] Level 1:colcon.colcon_core.package_identification:_identify(doc/lidar/Hinson V1.5.8 20251027/Hinson V1.5.8 20251027/translations) by extensions ['cmake', 'python']
[0.339s] Level 1:colcon.colcon_core.package_identification:_identify(doc/lidar/Hinson V1.5.8 20251027/Hinson V1.5.8 20251027/translations) by extension 'cmake'
[0.339s] Level 1:colcon.colcon_core.package_identification:_identify(doc/lidar/Hinson V1.5.8 20251027/Hinson V1.5.8 20251027/translations) by extension 'python'
[0.339s] Level 1:colcon.colcon_core.package_identification:_identify(doc/lidar/Hinson V1.5.8 20251027/Hinson V1.5.8 20251027/translations) by extensions ['python_setup_py']
[0.339s] Level 1:colcon.colcon_core.package_identification:_identify(doc/lidar/Hinson V1.5.8 20251027/Hinson V1.5.8 20251027/translations) by extension 'python_setup_py'
[0.339s] Level 1:colcon.colcon_core.package_identification:_identify(doc/lidar/Hinson V1.5.8 20251027/Hinson V1.5.8 20251027/调试工具) by extensions ['ignore', 'ignore_ament_install']
[0.340s] Level 1:colcon.colcon_core.package_identification:_identify(doc/lidar/Hinson V1.5.8 20251027/Hinson V1.5.8 20251027/调试工具) by extension 'ignore'
[0.340s] Level 1:colcon.colcon_core.package_identification:_identify(doc/lidar/Hinson V1.5.8 20251027/Hinson V1.5.8 20251027/调试工具) by extension 'ignore_ament_install'
[0.340s] Level 1:colcon.colcon_core.package_identification:_identify(doc/lidar/Hinson V1.5.8 20251027/Hinson V1.5.8 20251027/调试工具) by extensions ['colcon_pkg']
[0.340s] Level 1:colcon.colcon_core.package_identification:_identify(doc/lidar/Hinson V1.5.8 20251027/Hinson V1.5.8 20251027/调试工具) by extension 'colcon_pkg'
[0.340s] Level 1:colcon.colcon_core.package_identification:_identify(doc/lidar/Hinson V1.5.8 20251027/Hinson V1.5.8 20251027/调试工具) by extensions ['colcon_meta']
[0.340s] Level 1:colcon.colcon_core.package_identification:_identify(doc/lidar/Hinson V1.5.8 20251027/Hinson V1.5.8 20251027/调试工具) by extension 'colcon_meta'
[0.340s] Level 1:colcon.colcon_core.package_identification:_identify(doc/lidar/Hinson V1.5.8 20251027/Hinson V1.5.8 20251027/调试工具) by extensions ['ros']
[0.340s] Level 1:colcon.colcon_core.package_identification:_identify(doc/lidar/Hinson V1.5.8 20251027/Hinson V1.5.8 20251027/调试工具) by extension 'ros'
[0.341s] Level 1:colcon.colcon_core.package_identification:_identify(doc/lidar/Hinson V1.5.8 20251027/Hinson V1.5.8 20251027/调试工具) by extensions ['cmake', 'python']
[0.341s] Level 1:colcon.colcon_core.package_identification:_identify(doc/lidar/Hinson V1.5.8 20251027/Hinson V1.5.8 20251027/调试工具) by extension 'cmake'
[0.341s] Level 1:colcon.colcon_core.package_identification:_identify(doc/lidar/Hinson V1.5.8 20251027/Hinson V1.5.8 20251027/调试工具) by extension 'python'
[0.341s] Level 1:colcon.colcon_core.package_identification:_identify(doc/lidar/Hinson V1.5.8 20251027/Hinson V1.5.8 20251027/调试工具) by extensions ['python_setup_py']
[0.341s] Level 1:colcon.colcon_core.package_identification:_identify(doc/lidar/Hinson V1.5.8 20251027/Hinson V1.5.8 20251027/调试工具) by extension 'python_setup_py'
[0.341s] Level 1:colcon.colcon_core.package_identification:_identify(install) by extensions ['ignore', 'ignore_ament_install']
[0.341s] Level 1:colcon.colcon_core.package_identification:_identify(install) by extension 'ignore'
[0.341s] Level 1:colcon.colcon_core.package_identification:_identify(install) ignored
[0.341s] Level 1:colcon.colcon_core.package_identification:_identify(log) by extensions ['ignore', 'ignore_ament_install']
[0.342s] Level 1:colcon.colcon_core.package_identification:_identify(log) by extension 'ignore'
[0.342s] Level 1:colcon.colcon_core.package_identification:_identify(log) ignored
[0.342s] Level 1:colcon.colcon_core.package_identification:_identify(src) by extensions ['ignore', 'ignore_ament_install']
[0.342s] Level 1:colcon.colcon_core.package_identification:_identify(src) by extension 'ignore'
[0.342s] Level 1:colcon.colcon_core.package_identification:_identify(src) by extension 'ignore_ament_install'
[0.342s] Level 1:colcon.colcon_core.package_identification:_identify(src) by extensions ['colcon_pkg']
[0.342s] Level 1:colcon.colcon_core.package_identification:_identify(src) by extension 'colcon_pkg'
[0.342s] Level 1:colcon.colcon_core.package_identification:_identify(src) by extensions ['colcon_meta']
[0.342s] Level 1:colcon.colcon_core.package_identification:_identify(src) by extension 'colcon_meta'
[0.342s] Level 1:colcon.colcon_core.package_identification:_identify(src) by extensions ['ros']
[0.343s] Level 1:colcon.colcon_core.package_identification:_identify(src) by extension 'ros'
[0.343s] Level 1:colcon.colcon_core.package_identification:_identify(src) by extensions ['cmake', 'python']
[0.343s] Level 1:colcon.colcon_core.package_identification:_identify(src) by extension 'cmake'
[0.343s] Level 1:colcon.colcon_core.package_identification:_identify(src) by extension 'python'
[0.343s] Level 1:colcon.colcon_core.package_identification:_identify(src) by extensions ['python_setup_py']
[0.343s] Level 1:colcon.colcon_core.package_identification:_identify(src) by extension 'python_setup_py'
[0.343s] Level 1:colcon.colcon_core.package_identification:_identify(src/carryall_bringup) by extensions ['ignore', 'ignore_ament_install']
[0.343s] Level 1:colcon.colcon_core.package_identification:_identify(src/carryall_bringup) by extension 'ignore'
[0.343s] Level 1:colcon.colcon_core.package_identification:_identify(src/carryall_bringup) by extension 'ignore_ament_install'
[0.344s] Level 1:colcon.colcon_core.package_identification:_identify(src/carryall_bringup) by extensions ['colcon_pkg']
[0.344s] Level 1:colcon.colcon_core.package_identification:_identify(src/carryall_bringup) by extension 'colcon_pkg'
[0.344s] Level 1:colcon.colcon_core.package_identification:_identify(src/carryall_bringup) by extensions ['colcon_meta']
[0.344s] Level 1:colcon.colcon_core.package_identification:_identify(src/carryall_bringup) by extension 'colcon_meta'
[0.344s] Level 1:colcon.colcon_core.package_identification:_identify(src/carryall_bringup) by extensions ['ros']
[0.344s] Level 1:colcon.colcon_core.package_identification:_identify(src/carryall_bringup) by extension 'ros'
[0.349s] DEBUG:colcon.colcon_core.package_identification:Package 'src/carryall_bringup' with type 'ros.ament_cmake' and name 'carryall_bringup'
[0.349s] Level 1:colcon.colcon_core.package_identification:_identify(src/carryall_controller) by extensions ['ignore', 'ignore_ament_install']
[0.350s] Level 1:colcon.colcon_core.package_identification:_identify(src/carryall_controller) by extension 'ignore'
[0.350s] Level 1:colcon.colcon_core.package_identification:_identify(src/carryall_controller) by extension 'ignore_ament_install'
[0.350s] Level 1:colcon.colcon_core.package_identification:_identify(src/carryall_controller) by extensions ['colcon_pkg']
[0.350s] Level 1:colcon.colcon_core.package_identification:_identify(src/carryall_controller) by extension 'colcon_pkg'
[0.350s] Level 1:colcon.colcon_core.package_identification:_identify(src/carryall_controller) by extensions ['colcon_meta']
[0.350s] Level 1:colcon.colcon_core.package_identification:_identify(src/carryall_controller) by extension 'colcon_meta'
[0.350s] Level 1:colcon.colcon_core.package_identification:_identify(src/carryall_controller) by extensions ['ros']
[0.350s] Level 1:colcon.colcon_core.package_identification:_identify(src/carryall_controller) by extension 'ros'
[0.352s] DEBUG:colcon.colcon_core.package_identification:Package 'src/carryall_controller' with type 'ros.ament_python' and name 'carryall_controller'
[0.352s] Level 1:colcon.colcon_core.package_identification:_identify(src/carryall_description) by extensions ['ignore', 'ignore_ament_install']
[0.352s] Level 1:colcon.colcon_core.package_identification:_identify(src/carryall_description) by extension 'ignore'
[0.352s] Level 1:colcon.colcon_core.package_identification:_identify(src/carryall_description) by extension 'ignore_ament_install'
[0.352s] Level 1:colcon.colcon_core.package_identification:_identify(src/carryall_description) by extensions ['colcon_pkg']
[0.352s] Level 1:colcon.colcon_core.package_identification:_identify(src/carryall_description) by extension 'colcon_pkg'
[0.352s] Level 1:colcon.colcon_core.package_identification:_identify(src/carryall_description) by extensions ['colcon_meta']
[0.352s] Level 1:colcon.colcon_core.package_identification:_identify(src/carryall_description) by extension 'colcon_meta'
[0.353s] Level 1:colcon.colcon_core.package_identification:_identify(src/carryall_description) by extensions ['ros']
[0.353s] Level 1:colcon.colcon_core.package_identification:_identify(src/carryall_description) by extension 'ros'
[0.353s] DEBUG:colcon.colcon_core.package_identification:Package 'src/carryall_description' with type 'ros.ament_cmake' and name 'carryall_description'
[0.354s] Level 1:colcon.colcon_core.package_identification:_identify(src/carryall_msgs) by extensions ['ignore', 'ignore_ament_install']
[0.354s] Level 1:colcon.colcon_core.package_identification:_identify(src/carryall_msgs) by extension 'ignore'
[0.354s] Level 1:colcon.colcon_core.package_identification:_identify(src/carryall_msgs) by extension 'ignore_ament_install'
[0.354s] Level 1:colcon.colcon_core.package_identification:_identify(src/carryall_msgs) by extensions ['colcon_pkg']
[0.354s] Level 1:colcon.colcon_core.package_identification:_identify(src/carryall_msgs) by extension 'colcon_pkg'
[0.354s] Level 1:colcon.colcon_core.package_identification:_identify(src/carryall_msgs) by extensions ['colcon_meta']
[0.354s] Level 1:colcon.colcon_core.package_identification:_identify(src/carryall_msgs) by extension 'colcon_meta'
[0.354s] Level 1:colcon.colcon_core.package_identification:_identify(src/carryall_msgs) by extensions ['ros']
[0.354s] Level 1:colcon.colcon_core.package_identification:_identify(src/carryall_msgs) by extension 'ros'
[0.355s] DEBUG:colcon.colcon_core.package_identification:Package 'src/carryall_msgs' with type 'ros.ament_cmake' and name 'carryall_msgs'
[0.356s] Level 1:colcon.colcon_core.package_identification:_identify(src/carryall_navigation) by extensions ['ignore', 'ignore_ament_install']
[0.356s] Level 1:colcon.colcon_core.package_identification:_identify(src/carryall_navigation) by extension 'ignore'
[0.356s] Level 1:colcon.colcon_core.package_identification:_identify(src/carryall_navigation) by extension 'ignore_ament_install'
[0.356s] Level 1:colcon.colcon_core.package_identification:_identify(src/carryall_navigation) by extensions ['colcon_pkg']
[0.356s] Level 1:colcon.colcon_core.package_identification:_identify(src/carryall_navigation) by extension 'colcon_pkg'
[0.356s] Level 1:colcon.colcon_core.package_identification:_identify(src/carryall_navigation) by extensions ['colcon_meta']
[0.356s] Level 1:colcon.colcon_core.package_identification:_identify(src/carryall_navigation) by extension 'colcon_meta'
[0.356s] Level 1:colcon.colcon_core.package_identification:_identify(src/carryall_navigation) by extensions ['ros']
[0.356s] Level 1:colcon.colcon_core.package_identification:_identify(src/carryall_navigation) by extension 'ros'
[0.357s] DEBUG:colcon.colcon_core.package_identification:Package 'src/carryall_navigation' with type 'ros.ament_cmake' and name 'carryall_navigation'
[0.357s] Level 1:colcon.colcon_core.package_identification:_identify(src/drivers) by extensions ['ignore', 'ignore_ament_install']
[0.357s] Level 1:colcon.colcon_core.package_identification:_identify(src/drivers) by extension 'ignore'
[0.358s] Level 1:colcon.colcon_core.package_identification:_identify(src/drivers) by extension 'ignore_ament_install'
[0.358s] Level 1:colcon.colcon_core.package_identification:_identify(src/drivers) by extensions ['colcon_pkg']
[0.358s] Level 1:colcon.colcon_core.package_identification:_identify(src/drivers) by extension 'colcon_pkg'
[0.358s] Level 1:colcon.colcon_core.package_identification:_identify(src/drivers) by extensions ['colcon_meta']
[0.358s] Level 1:colcon.colcon_core.package_identification:_identify(src/drivers) by extension 'colcon_meta'
[0.358s] Level 1:colcon.colcon_core.package_identification:_identify(src/drivers) by extensions ['ros']
[0.358s] Level 1:colcon.colcon_core.package_identification:_identify(src/drivers) by extension 'ros'
[0.358s] Level 1:colcon.colcon_core.package_identification:_identify(src/drivers) by extensions ['cmake', 'python']
[0.358s] Level 1:colcon.colcon_core.package_identification:_identify(src/drivers) by extension 'cmake'
[0.358s] Level 1:colcon.colcon_core.package_identification:_identify(src/drivers) by extension 'python'
[0.358s] Level 1:colcon.colcon_core.package_identification:_identify(src/drivers) by extensions ['python_setup_py']
[0.359s] Level 1:colcon.colcon_core.package_identification:_identify(src/drivers) by extension 'python_setup_py'
[0.359s] Level 1:colcon.colcon_core.package_identification:_identify(src/drivers/Hinson_LE_ROS2_v0.4) by extensions ['ignore', 'ignore_ament_install']
[0.359s] Level 1:colcon.colcon_core.package_identification:_identify(src/drivers/Hinson_LE_ROS2_v0.4) by extension 'ignore'
[0.359s] Level 1:colcon.colcon_core.package_identification:_identify(src/drivers/Hinson_LE_ROS2_v0.4) by extension 'ignore_ament_install'
[0.359s] Level 1:colcon.colcon_core.package_identification:_identify(src/drivers/Hinson_LE_ROS2_v0.4) by extensions ['colcon_pkg']
[0.359s] Level 1:colcon.colcon_core.package_identification:_identify(src/drivers/Hinson_LE_ROS2_v0.4) by extension 'colcon_pkg'
[0.359s] Level 1:colcon.colcon_core.package_identification:_identify(src/drivers/Hinson_LE_ROS2_v0.4) by extensions ['colcon_meta']
[0.359s] Level 1:colcon.colcon_core.package_identification:_identify(src/drivers/Hinson_LE_ROS2_v0.4) by extension 'colcon_meta'
[0.359s] Level 1:colcon.colcon_core.package_identification:_identify(src/drivers/Hinson_LE_ROS2_v0.4) by extensions ['ros']
[0.359s] Level 1:colcon.colcon_core.package_identification:_identify(src/drivers/Hinson_LE_ROS2_v0.4) by extension 'ros'
[0.360s] Level 1:colcon.colcon_core.package_identification:_identify(src/drivers/Hinson_LE_ROS2_v0.4) by extensions ['cmake', 'python']
[0.360s] Level 1:colcon.colcon_core.package_identification:_identify(src/drivers/Hinson_LE_ROS2_v0.4) by extension 'cmake'
[0.360s] Level 1:colcon.colcon_core.package_identification:_identify(src/drivers/Hinson_LE_ROS2_v0.4) by extension 'python'
[0.360s] Level 1:colcon.colcon_core.package_identification:_identify(src/drivers/Hinson_LE_ROS2_v0.4) by extensions ['python_setup_py']
[0.360s] Level 1:colcon.colcon_core.package_identification:_identify(src/drivers/Hinson_LE_ROS2_v0.4) by extension 'python_setup_py'
[0.360s] Level 1:colcon.colcon_core.package_identification:_identify(src/drivers/Hinson_LE_ROS2_v0.4/hins_le_ros2) by extensions ['ignore', 'ignore_ament_install']
[0.360s] Level 1:colcon.colcon_core.package_identification:_identify(src/drivers/Hinson_LE_ROS2_v0.4/hins_le_ros2) by extension 'ignore'
[0.360s] Level 1:colcon.colcon_core.package_identification:_identify(src/drivers/Hinson_LE_ROS2_v0.4/hins_le_ros2) by extension 'ignore_ament_install'
[0.360s] Level 1:colcon.colcon_core.package_identification:_identify(src/drivers/Hinson_LE_ROS2_v0.4/hins_le_ros2) by extensions ['colcon_pkg']
[0.360s] Level 1:colcon.colcon_core.package_identification:_identify(src/drivers/Hinson_LE_ROS2_v0.4/hins_le_ros2) by extension 'colcon_pkg'
[0.361s] Level 1:colcon.colcon_core.package_identification:_identify(src/drivers/Hinson_LE_ROS2_v0.4/hins_le_ros2) by extensions ['colcon_meta']
[0.361s] Level 1:colcon.colcon_core.package_identification:_identify(src/drivers/Hinson_LE_ROS2_v0.4/hins_le_ros2) by extension 'colcon_meta'
[0.361s] Level 1:colcon.colcon_core.package_identification:_identify(src/drivers/Hinson_LE_ROS2_v0.4/hins_le_ros2) by extensions ['ros']
[0.361s] Level 1:colcon.colcon_core.package_identification:_identify(src/drivers/Hinson_LE_ROS2_v0.4/hins_le_ros2) by extension 'ros'
[0.362s] DEBUG:colcon.colcon_core.package_identification:Package 'src/drivers/Hinson_LE_ROS2_v0.4/hins_le_ros2' with type 'ros.ament_cmake' and name 'hins_le_ros2'
[0.362s] Level 1:colcon.colcon_core.package_identification:_identify(src/drivers/Hinson_laser_interfaces_ROS2) by extensions ['ignore', 'ignore_ament_install']
[0.362s] Level 1:colcon.colcon_core.package_identification:_identify(src/drivers/Hinson_laser_interfaces_ROS2) by extension 'ignore'
[0.363s] Level 1:colcon.colcon_core.package_identification:_identify(src/drivers/Hinson_laser_interfaces_ROS2) by extension 'ignore_ament_install'
[0.363s] Level 1:colcon.colcon_core.package_identification:_identify(src/drivers/Hinson_laser_interfaces_ROS2) by extensions ['colcon_pkg']
[0.363s] Level 1:colcon.colcon_core.package_identification:_identify(src/drivers/Hinson_laser_interfaces_ROS2) by extension 'colcon_pkg'
[0.363s] Level 1:colcon.colcon_core.package_identification:_identify(src/drivers/Hinson_laser_interfaces_ROS2) by extensions ['colcon_meta']
[0.363s] Level 1:colcon.colcon_core.package_identification:_identify(src/drivers/Hinson_laser_interfaces_ROS2) by extension 'colcon_meta'
[0.363s] Level 1:colcon.colcon_core.package_identification:_identify(src/drivers/Hinson_laser_interfaces_ROS2) by extensions ['ros']
[0.363s] Level 1:colcon.colcon_core.package_identification:_identify(src/drivers/Hinson_laser_interfaces_ROS2) by extension 'ros'
[0.363s] Level 1:colcon.colcon_core.package_identification:_identify(src/drivers/Hinson_laser_interfaces_ROS2) by extensions ['cmake', 'python']
[0.363s] Level 1:colcon.colcon_core.package_identification:_identify(src/drivers/Hinson_laser_interfaces_ROS2) by extension 'cmake'
[0.363s] Level 1:colcon.colcon_core.package_identification:_identify(src/drivers/Hinson_laser_interfaces_ROS2) by extension 'python'
[0.363s] Level 1:colcon.colcon_core.package_identification:_identify(src/drivers/Hinson_laser_interfaces_ROS2) by extensions ['python_setup_py']
[0.364s] Level 1:colcon.colcon_core.package_identification:_identify(src/drivers/Hinson_laser_interfaces_ROS2) by extension 'python_setup_py'
[0.364s] Level 1:colcon.colcon_core.package_identification:_identify(src/drivers/Hinson_laser_interfaces_ROS2/hins_laser_interfaces) by extensions ['ignore', 'ignore_ament_install']
[0.364s] Level 1:colcon.colcon_core.package_identification:_identify(src/drivers/Hinson_laser_interfaces_ROS2/hins_laser_interfaces) by extension 'ignore'
[0.364s] Level 1:colcon.colcon_core.package_identification:_identify(src/drivers/Hinson_laser_interfaces_ROS2/hins_laser_interfaces) by extension 'ignore_ament_install'
[0.364s] Level 1:colcon.colcon_core.package_identification:_identify(src/drivers/Hinson_laser_interfaces_ROS2/hins_laser_interfaces) by extensions ['colcon_pkg']
[0.364s] Level 1:colcon.colcon_core.package_identification:_identify(src/drivers/Hinson_laser_interfaces_ROS2/hins_laser_interfaces) by extension 'colcon_pkg'
[0.364s] Level 1:colcon.colcon_core.package_identification:_identify(src/drivers/Hinson_laser_interfaces_ROS2/hins_laser_interfaces) by extensions ['colcon_meta']
[0.364s] Level 1:colcon.colcon_core.package_identification:_identify(src/drivers/Hinson_laser_interfaces_ROS2/hins_laser_interfaces) by extension 'colcon_meta'
[0.364s] Level 1:colcon.colcon_core.package_identification:_identify(src/drivers/Hinson_laser_interfaces_ROS2/hins_laser_interfaces) by extensions ['ros']
[0.364s] Level 1:colcon.colcon_core.package_identification:_identify(src/drivers/Hinson_laser_interfaces_ROS2/hins_laser_interfaces) by extension 'ros'
[0.365s] DEBUG:colcon.colcon_core.package_identification:Package 'src/drivers/Hinson_laser_interfaces_ROS2/hins_laser_interfaces' with type 'ros.ament_cmake' and name 'hins_laser_interfaces'
[0.365s] Level 1:colcon.colcon_core.package_discovery:discover_packages(recursive) using defaults
[0.365s] Level 1:colcon.colcon_core.package_discovery:discover_packages(ignore) discover
[0.365s] Level 1:colcon.colcon_core.package_discovery:discover_packages(ignore) using defaults
[0.365s] Level 1:colcon.colcon_core.package_discovery:discover_packages(path) discover
[0.366s] Level 1:colcon.colcon_core.package_discovery:discover_packages(path) using defaults
[0.400s] INFO:colcon.colcon_core.package_selection:Skipping not selected package 'carryall_controller' in 'src/carryall_controller'
[0.400s] INFO:colcon.colcon_core.package_selection:Skipping not selected package 'carryall_description' in 'src/carryall_description'
[0.400s] INFO:colcon.colcon_core.package_selection:Skipping not selected package 'carryall_msgs' in 'src/carryall_msgs'
[0.400s] INFO:colcon.colcon_core.package_selection:Skipping not selected package 'hins_laser_interfaces' in 'src/drivers/Hinson_laser_interfaces_ROS2/hins_laser_interfaces'
[0.400s] INFO:colcon.colcon_core.package_selection:Skipping not selected package 'carryall_bringup' in 'src/carryall_bringup'
[0.401s] INFO:colcon.colcon_core.package_selection:Skipping not selected package 'hins_le_ros2' in 'src/drivers/Hinson_LE_ROS2_v0.4/hins_le_ros2'
[0.401s] Level 1:colcon.colcon_core.package_discovery:discover_packages(prefix_path) check parameters
[0.401s] Level 1:colcon.colcon_core.package_discovery:discover_packages(prefix_path) discover
[0.407s] DEBUG:colcon.colcon_installed_package_information.package_discovery:Found 383 installed packages in /opt/ros/jazzy
[0.409s] Level 1:colcon.colcon_core.package_discovery:discover_packages(prefix_path) using defaults
[0.511s] Level 5:colcon.colcon_core.verb:set package 'carryall_navigation' build argument 'cmake_args' from command line to 'None'
[0.511s] Level 5:colcon.colcon_core.verb:set package 'carryall_navigation' build argument 'cmake_target' from command line to 'None'
[0.512s] Level 5:colcon.colcon_core.verb:set package 'carryall_navigation' build argument 'cmake_target_skip_unavailable' from command line to 'False'
[0.512s] Level 5:colcon.colcon_core.verb:set package 'carryall_navigation' build argument 'cmake_clean_cache' from command line to 'False'
[0.512s] Level 5:colcon.colcon_core.verb:set package 'carryall_navigation' build argument 'cmake_clean_first' from command line to 'False'
[0.512s] Level 5:colcon.colcon_core.verb:set package 'carryall_navigation' build argument 'cmake_force_configure' from command line to 'False'
[0.512s] Level 5:colcon.colcon_core.verb:set package 'carryall_navigation' build argument 'ament_cmake_args' from command line to 'None'
[0.512s] Level 5:colcon.colcon_core.verb:set package 'carryall_navigation' build argument 'catkin_cmake_args' from command line to 'None'
[0.512s] Level 5:colcon.colcon_core.verb:set package 'carryall_navigation' build argument 'catkin_skip_building_tests' from command line to 'False'
[0.512s] DEBUG:colcon.colcon_core.verb:Building package 'carryall_navigation' with the following arguments: {'ament_cmake_args': None, 'build_base': '/home/u24/Documents/sw/carryall/build/carryall_navigation', 'catkin_cmake_args': None, 'catkin_skip_building_tests': False, 'cmake_args': None, 'cmake_clean_cache': False, 'cmake_clean_first': False, 'cmake_force_configure': False, 'cmake_target': None, 'cmake_target_skip_unavailable': False, 'install_base': '/home/u24/Documents/sw/carryall/install/carryall_navigation', 'merge_install': False, 'path': '/home/u24/Documents/sw/carryall/src/carryall_navigation', 'symlink_install': True, 'test_result_base': None}
[0.513s] INFO:colcon.colcon_core.executor:Executing jobs using 'parallel' executor
[0.514s] DEBUG:colcon.colcon_parallel_executor.executor.parallel:run_until_complete
[0.515s] INFO:colcon.colcon_ros.task.ament_cmake.build:Building ROS package in '/home/u24/Documents/sw/carryall/src/carryall_navigation' with build type 'ament_cmake'
[0.515s] INFO:colcon.colcon_cmake.task.cmake.build:Building CMake package in '/home/u24/Documents/sw/carryall/src/carryall_navigation'
[0.519s] INFO:colcon.colcon_core.plugin_system:Skipping extension 'colcon_core.shell.bat': Not used on non-Windows systems
[0.519s] INFO:colcon.colcon_core.shell:Skip shell extension 'powershell' for command environment: Not usable outside of PowerShell
[0.519s] DEBUG:colcon.colcon_core.shell:Skip shell extension 'dsv' for command environment
[0.535s] DEBUG:colcon.colcon_core.event_handler.log_command:Invoking command in '/home/u24/Documents/sw/carryall/build/carryall_navigation': CMAKE_PREFIX_PATH=${CMAKE_PREFIX_PATH}:/opt/ros/jazzy DEBUGINFOD_URLS=https://debuginfod.ubuntu.com /usr/bin/cmake --build /home/u24/Documents/sw/carryall/build/carryall_navigation -- -j4 -l4
[0.602s] DEBUG:colcon.colcon_core.event_handler.log_command:Invoked command in '/home/u24/Documents/sw/carryall/build/carryall_navigation' returned '0': CMAKE_PREFIX_PATH=${CMAKE_PREFIX_PATH}:/opt/ros/jazzy DEBUGINFOD_URLS=https://debuginfod.ubuntu.com /usr/bin/cmake --build /home/u24/Documents/sw/carryall/build/carryall_navigation -- -j4 -l4
[0.620s] DEBUG:colcon.colcon_core.event_handler.log_command:Invoking command in '/home/u24/Documents/sw/carryall/build/carryall_navigation': CMAKE_PREFIX_PATH=${CMAKE_PREFIX_PATH}:/opt/ros/jazzy DEBUGINFOD_URLS=https://debuginfod.ubuntu.com /usr/bin/cmake --install /home/u24/Documents/sw/carryall/build/carryall_navigation
[0.661s] Level 1:colcon.colcon_core.environment:create_environment_scripts_only(carryall_navigation)
[0.662s] DEBUG:colcon.colcon_core.event_handler.log_command:Invoked command in '/home/u24/Documents/sw/carryall/build/carryall_navigation' returned '0': CMAKE_PREFIX_PATH=${CMAKE_PREFIX_PATH}:/opt/ros/jazzy DEBUGINFOD_URLS=https://debuginfod.ubuntu.com /usr/bin/cmake --install /home/u24/Documents/sw/carryall/build/carryall_navigation
[0.666s] Level 1:colcon.colcon_core.environment:checking '/home/u24/Documents/sw/carryall/install/carryall_navigation' for CMake module files
[0.667s] Level 1:colcon.colcon_core.environment:checking '/home/u24/Documents/sw/carryall/install/carryall_navigation' for CMake config files
[0.667s] Level 1:colcon.colcon_core.shell:create_environment_hook('carryall_navigation', 'cmake_prefix_path')
[0.668s] INFO:colcon.colcon_core.shell:Creating environment hook '/home/u24/Documents/sw/carryall/install/carryall_navigation/share/carryall_navigation/hook/cmake_prefix_path.ps1'
[0.669s] INFO:colcon.colcon_core.shell:Creating environment descriptor '/home/u24/Documents/sw/carryall/install/carryall_navigation/share/carryall_navigation/hook/cmake_prefix_path.dsv'
[0.669s] INFO:colcon.colcon_core.shell:Creating environment hook '/home/u24/Documents/sw/carryall/install/carryall_navigation/share/carryall_navigation/hook/cmake_prefix_path.sh'
[0.671s] Level 1:colcon.colcon_core.environment:checking '/home/u24/Documents/sw/carryall/install/carryall_navigation/bin'
[0.671s] Level 1:colcon.colcon_core.environment:checking '/home/u24/Documents/sw/carryall/install/carryall_navigation/lib/pkgconfig/carryall_navigation.pc'
[0.671s] Level 1:colcon.colcon_core.environment:checking '/home/u24/Documents/sw/carryall/install/carryall_navigation/lib/python3.12/site-packages'
[0.672s] Level 1:colcon.colcon_core.environment:checking '/home/u24/Documents/sw/carryall/install/carryall_navigation/bin'
[0.672s] INFO:colcon.colcon_core.shell:Creating package script '/home/u24/Documents/sw/carryall/install/carryall_navigation/share/carryall_navigation/package.ps1'
[0.673s] INFO:colcon.colcon_core.shell:Creating package descriptor '/home/u24/Documents/sw/carryall/install/carryall_navigation/share/carryall_navigation/package.dsv'
[0.674s] INFO:colcon.colcon_core.shell:Creating package script '/home/u24/Documents/sw/carryall/install/carryall_navigation/share/carryall_navigation/package.sh'
[0.675s] INFO:colcon.colcon_core.shell:Creating package script '/home/u24/Documents/sw/carryall/install/carryall_navigation/share/carryall_navigation/package.bash'
[0.676s] INFO:colcon.colcon_core.shell:Creating package script '/home/u24/Documents/sw/carryall/install/carryall_navigation/share/carryall_navigation/package.zsh'
[0.677s] Level 1:colcon.colcon_core.environment:create_file_with_runtime_dependencies(/home/u24/Documents/sw/carryall/install/carryall_navigation/share/colcon-core/packages/carryall_navigation)
[0.678s] Level 1:colcon.colcon_core.environment:create_environment_scripts_only(carryall_navigation)
[0.679s] Level 1:colcon.colcon_core.environment:checking '/home/u24/Documents/sw/carryall/install/carryall_navigation' for CMake module files
[0.679s] Level 1:colcon.colcon_core.environment:checking '/home/u24/Documents/sw/carryall/install/carryall_navigation' for CMake config files
[0.680s] Level 1:colcon.colcon_core.shell:create_environment_hook('carryall_navigation', 'cmake_prefix_path')
[0.680s] INFO:colcon.colcon_core.shell:Creating environment hook '/home/u24/Documents/sw/carryall/install/carryall_navigation/share/carryall_navigation/hook/cmake_prefix_path.ps1'
[0.681s] INFO:colcon.colcon_core.shell:Creating environment descriptor '/home/u24/Documents/sw/carryall/install/carryall_navigation/share/carryall_navigation/hook/cmake_prefix_path.dsv'
[0.681s] INFO:colcon.colcon_core.shell:Creating environment hook '/home/u24/Documents/sw/carryall/install/carryall_navigation/share/carryall_navigation/hook/cmake_prefix_path.sh'
[0.682s] Level 1:colcon.colcon_core.environment:checking '/home/u24/Documents/sw/carryall/install/carryall_navigation/bin'
[0.683s] Level 1:colcon.colcon_core.environment:checking '/home/u24/Documents/sw/carryall/install/carryall_navigation/lib/pkgconfig/carryall_navigation.pc'
[0.683s] Level 1:colcon.colcon_core.environment:checking '/home/u24/Documents/sw/carryall/install/carryall_navigation/lib/python3.12/site-packages'
[0.684s] Level 1:colcon.colcon_core.environment:checking '/home/u24/Documents/sw/carryall/install/carryall_navigation/bin'
[0.684s] INFO:colcon.colcon_core.shell:Creating package script '/home/u24/Documents/sw/carryall/install/carryall_navigation/share/carryall_navigation/package.ps1'
[0.685s] INFO:colcon.colcon_core.shell:Creating package descriptor '/home/u24/Documents/sw/carryall/install/carryall_navigation/share/carryall_navigation/package.dsv'
[0.686s] INFO:colcon.colcon_core.shell:Creating package script '/home/u24/Documents/sw/carryall/install/carryall_navigation/share/carryall_navigation/package.sh'
[0.687s] INFO:colcon.colcon_core.shell:Creating package script '/home/u24/Documents/sw/carryall/install/carryall_navigation/share/carryall_navigation/package.bash'
[0.687s] INFO:colcon.colcon_core.shell:Creating package script '/home/u24/Documents/sw/carryall/install/carryall_navigation/share/carryall_navigation/package.zsh'
[0.688s] Level 1:colcon.colcon_core.environment:create_file_with_runtime_dependencies(/home/u24/Documents/sw/carryall/install/carryall_navigation/share/colcon-core/packages/carryall_navigation)
[0.689s] DEBUG:colcon.colcon_parallel_executor.executor.parallel:closing loop
[0.689s] DEBUG:colcon.colcon_parallel_executor.executor.parallel:loop closed
[0.689s] DEBUG:colcon.colcon_parallel_executor.executor.parallel:run_until_complete finished with '0'
[0.689s] DEBUG:colcon.colcon_core.event_reactor:joining thread
[0.699s] INFO:colcon.colcon_core.plugin_system:Skipping extension 'colcon_notification.desktop_notification.terminal_notifier': Not used on non-Darwin systems
[0.699s] INFO:colcon.colcon_core.plugin_system:Skipping extension 'colcon_notification.desktop_notification.win32': Not used on non-Windows systems
[0.699s] INFO:colcon.colcon_notification.desktop_notification:Sending desktop notification using 'notify2'
[0.728s] DEBUG:colcon.colcon_core.event_reactor:joined thread
[0.728s] INFO:colcon.colcon_core.shell:Creating prefix script '/home/u24/Documents/sw/carryall/install/local_setup.ps1'
[0.730s] INFO:colcon.colcon_core.shell:Creating prefix util module '/home/u24/Documents/sw/carryall/install/_local_setup_util_ps1.py'
[0.733s] INFO:colcon.colcon_core.shell:Creating prefix chain script '/home/u24/Documents/sw/carryall/install/setup.ps1'
[0.735s] INFO:colcon.colcon_core.shell:Creating prefix script '/home/u24/Documents/sw/carryall/install/local_setup.sh'
[0.736s] INFO:colcon.colcon_core.shell:Creating prefix util module '/home/u24/Documents/sw/carryall/install/_local_setup_util_sh.py'
[0.737s] INFO:colcon.colcon_core.shell:Creating prefix chain script '/home/u24/Documents/sw/carryall/install/setup.sh'
[0.739s] INFO:colcon.colcon_core.shell:Creating prefix script '/home/u24/Documents/sw/carryall/install/local_setup.bash'
[0.740s] INFO:colcon.colcon_core.shell:Creating prefix chain script '/home/u24/Documents/sw/carryall/install/setup.bash'
[0.741s] INFO:colcon.colcon_core.shell:Creating prefix script '/home/u24/Documents/sw/carryall/install/local_setup.zsh'
[0.743s] INFO:colcon.colcon_core.shell:Creating prefix chain script '/home/u24/Documents/sw/carryall/install/setup.zsh'
