[0.023s] Invoking command in '/home/u24/Documents/sw/carryall/build/carryall_navigation': CMAKE_PREFIX_PATH=${CMAKE_PREFIX_PATH}:/opt/ros/jazzy DEBUGINFOD_URLS=https://debuginfod.ubuntu.com /usr/bin/cmake --build /home/u24/Documents/sw/carryall/build/carryall_navigation -- -j4 -l4
[0.147s] Invoked command in '/home/u24/Documents/sw/carryall/build/carryall_navigation' returned '0': CMAKE_PREFIX_PATH=${CMAKE_PREFIX_PATH}:/opt/ros/jazzy DEBUGINFOD_URLS=https://debuginfod.ubuntu.com /usr/bin/cmake --build /home/u24/Documents/sw/carryall/build/carryall_navigation -- -j4 -l4
[0.168s] Invoking command in '/home/u24/Documents/sw/carryall/build/carryall_navigation': CMAKE_PREFIX_PATH=${CMAKE_PREFIX_PATH}:/opt/ros/jazzy DEBUGINFOD_URLS=https://debuginfod.ubuntu.com /usr/bin/cmake --install /home/u24/Documents/sw/carryall/build/carryall_navigation
[0.185s] -- Install configuration: ""
[0.187s] -- Execute custom install script
[0.191s] -- Symlinking: /home/u24/Documents/sw/carryall/install/carryall_navigation/share/carryall_navigation/launch/handheld_mapping.launch.py
[0.207s] -- Up-to-date symlink: /home/u24/Documents/sw/carryall/install/carryall_navigation/share/carryall_navigation/launch/mapping.launch.py
[0.207s] -- Up-to-date symlink: /home/u24/Documents/sw/carryall/install/carryall_navigation/share/carryall_navigation/launch/nav2.launch.py
[0.208s] -- Up-to-date symlink: /home/u24/Documents/sw/carryall/install/carryall_navigation/share/carryall_navigation/maps/warehouse_map.pgm
[0.208s] -- Up-to-date symlink: /home/u24/Documents/sw/carryall/install/carryall_navigation/share/carryall_navigation/maps/warehouse_map.yaml
[0.208s] -- Up-to-date symlink: /home/u24/Documents/sw/carryall/install/carryall_navigation/share/carryall_navigation/params/nav2_params.yaml
[0.209s] -- Up-to-date symlink: /home/u24/Documents/sw/carryall/install/carryall_navigation/share/carryall_navigation/params/slam_toolbox_params.yaml
[0.209s] -- Up-to-date symlink: /home/u24/Documents/sw/carryall/install/carryall_navigation/share/ament_index/resource_index/package_run_dependencies/carryall_navigation
[0.210s] -- Up-to-date symlink: /home/u24/Documents/sw/carryall/install/carryall_navigation/share/ament_index/resource_index/parent_prefix_path/carryall_navigation
[0.210s] -- Up-to-date symlink: /home/u24/Documents/sw/carryall/install/carryall_navigation/share/carryall_navigation/environment/ament_prefix_path.sh
[0.211s] -- Up-to-date symlink: /home/u24/Documents/sw/carryall/install/carryall_navigation/share/carryall_navigation/environment/ament_prefix_path.dsv
[0.211s] -- Up-to-date symlink: /home/u24/Documents/sw/carryall/install/carryall_navigation/share/carryall_navigation/environment/path.sh
[0.212s] -- Up-to-date symlink: /home/u24/Documents/sw/carryall/install/carryall_navigation/share/carryall_navigation/environment/path.dsv
[0.212s] -- Up-to-date symlink: /home/u24/Documents/sw/carryall/install/carryall_navigation/share/carryall_navigation/local_setup.bash
[0.213s] -- Up-to-date symlink: /home/u24/Documents/sw/carryall/install/carryall_navigation/share/carryall_navigation/local_setup.sh
[0.213s] -- Up-to-date symlink: /home/u24/Documents/sw/carryall/install/carryall_navigation/share/carryall_navigation/local_setup.zsh
[0.213s] -- Up-to-date symlink: /home/u24/Documents/sw/carryall/install/carryall_navigation/share/carryall_navigation/local_setup.dsv
[0.214s] -- Symlinking: /home/u24/Documents/sw/carryall/install/carryall_navigation/share/carryall_navigation/package.dsv
[0.229s] -- Up-to-date symlink: /home/u24/Documents/sw/carryall/install/carryall_navigation/share/ament_index/resource_index/packages/carryall_navigation
[0.230s] -- Up-to-date symlink: /home/u24/Documents/sw/carryall/install/carryall_navigation/share/carryall_navigation/cmake/carryall_navigationConfig.cmake
[0.230s] -- Up-to-date symlink: /home/u24/Documents/sw/carryall/install/carryall_navigation/share/carryall_navigation/cmake/carryall_navigationConfig-version.cmake
[0.231s] -- Up-to-date symlink: /home/u24/Documents/sw/carryall/install/carryall_navigation/share/carryall_navigation/package.xml
[0.234s] Invoked command in '/home/u24/Documents/sw/carryall/build/carryall_navigation' returned '0': CMAKE_PREFIX_PATH=${CMAKE_PREFIX_PATH}:/opt/ros/jazzy DEBUGINFOD_URLS=https://debuginfod.ubuntu.com /usr/bin/cmake --install /home/u24/Documents/sw/carryall/build/carryall_navigation
