-- The C compiler identification is GNU 13.3.0
-- The CXX compiler identification is GNU 13.3.0
-- Detecting C compiler ABI info
-- Detecting C compiler ABI info - done
-- Check for working C compiler: /usr/bin/cc - skipped
-- Detecting C compile features
-- Detecting C compile features - done
-- Detecting CXX compiler ABI info
-- Detecting CXX compiler ABI info - done
-- Check for working CXX compiler: /usr/bin/c++ - skipped
-- Detecting CXX compile features
-- Detecting CXX compile features - done
-- Found ament_cmake: 2.5.5 (/opt/ros/jazzy/share/ament_cmake/cmake)
-- Found Python3: /usr/bin/python3 (found version "3.12.3") found components: Interpreter 
-- Override CMake install command with custom implementation using symlinks instead of copying resources
-- Configuring done (2.5s)
-- Generating done (0.0s)
-- Build files have been written to: /home/u24/Documents/sw/carryall/build/carryall_navigation
-- Install configuration: ""
-- Execute custom install script
-- Symlinking: /home/u24/Documents/sw/carryall/install/carryall_navigation/share/carryall_navigation/launch/mapping.launch.py
-- Symlinking: /home/u24/Documents/sw/carryall/install/carryall_navigation/share/carryall_navigation/launch/nav2.launch.py
-- Symlinking: /home/u24/Documents/sw/carryall/install/carryall_navigation/share/carryall_navigation/maps/warehouse_map.pgm
-- Symlinking: /home/u24/Documents/sw/carryall/install/carryall_navigation/share/carryall_navigation/maps/warehouse_map.yaml
-- Symlinking: /home/u24/Documents/sw/carryall/install/carryall_navigation/share/carryall_navigation/params/nav2_params.yaml
-- Symlinking: /home/u24/Documents/sw/carryall/install/carryall_navigation/share/carryall_navigation/params/slam_toolbox_params.yaml
-- Symlinking: /home/u24/Documents/sw/carryall/install/carryall_navigation/share/ament_index/resource_index/package_run_dependencies/carryall_navigation
-- Symlinking: /home/u24/Documents/sw/carryall/install/carryall_navigation/share/ament_index/resource_index/parent_prefix_path/carryall_navigation
-- Symlinking: /home/u24/Documents/sw/carryall/install/carryall_navigation/share/carryall_navigation/environment/ament_prefix_path.sh
-- Symlinking: /home/u24/Documents/sw/carryall/install/carryall_navigation/share/carryall_navigation/environment/ament_prefix_path.dsv
-- Symlinking: /home/u24/Documents/sw/carryall/install/carryall_navigation/share/carryall_navigation/environment/path.sh
-- Symlinking: /home/u24/Documents/sw/carryall/install/carryall_navigation/share/carryall_navigation/environment/path.dsv
-- Symlinking: /home/u24/Documents/sw/carryall/install/carryall_navigation/share/carryall_navigation/local_setup.bash
-- Symlinking: /home/u24/Documents/sw/carryall/install/carryall_navigation/share/carryall_navigation/local_setup.sh
-- Symlinking: /home/u24/Documents/sw/carryall/install/carryall_navigation/share/carryall_navigation/local_setup.zsh
-- Symlinking: /home/u24/Documents/sw/carryall/install/carryall_navigation/share/carryall_navigation/local_setup.dsv
-- Symlinking: /home/u24/Documents/sw/carryall/install/carryall_navigation/share/carryall_navigation/package.dsv
-- Symlinking: /home/u24/Documents/sw/carryall/install/carryall_navigation/share/ament_index/resource_index/packages/carryall_navigation
-- Symlinking: /home/u24/Documents/sw/carryall/install/carryall_navigation/share/carryall_navigation/cmake/carryall_navigationConfig.cmake
-- Symlinking: /home/u24/Documents/sw/carryall/install/carryall_navigation/share/carryall_navigation/cmake/carryall_navigationConfig-version.cmake
-- Symlinking: /home/u24/Documents/sw/carryall/install/carryall_navigation/share/carryall_navigation/package.xml
