-- The C compiler identification is GNU 13.3.0
-- The CXX compiler identification is GNU 13.3.0
-- Detecting C compiler ABI info
-- Detecting C compiler ABI info - done
-- Check for working C compiler: /usr/bin/cc - skipped
-- Detecting C compile features
-- Detecting C compile features - done
-- Detecting CXX compiler ABI info
-- Detecting CXX compiler ABI info - done
-- Check for working CXX compiler: /usr/bin/c++ - skipped
-- Detecting CXX compile features
-- Detecting CXX compile features - done
-- Found rclcpp: 28.1.16 (/opt/ros/jazzy/share/rclcpp/cmake)
-- Found Python3: /usr/bin/python3 (found version "3.12.3") found components: Interpreter 
-- Override CMake install command with custom implementation using symlinks instead of copying resources
-- Found rosidl_generator_c: 4.6.7 (/opt/ros/jazzy/share/rosidl_generator_c/cmake)
-- Found rosidl_generator_cpp: 4.6.7 (/opt/ros/jazzy/share/rosidl_generator_cpp/cmake)
-- Using all available rosidl_typesupport_c: rosidl_typesupport_fastrtps_c;rosidl_typesupport_introspection_c
-- Using all available rosidl_typesupport_cpp: rosidl_typesupport_fastrtps_cpp;rosidl_typesupport_introspection_cpp
-- Found rmw_implementation_cmake: 7.3.3 (/opt/ros/jazzy/share/rmw_implementation_cmake/cmake)
-- Found rmw_fastrtps_cpp: 8.4.3 (/opt/ros/jazzy/share/rmw_fastrtps_cpp/cmake)
-- Found OpenSSL: /usr/lib/x86_64-linux-gnu/libcrypto.so (found version "3.0.13")  
-- Found FastRTPS: /opt/ros/jazzy/include (Required is at least version "2.13") 
-- Using RMW implementation 'rmw_fastrtps_cpp' as default
-- Found sensor_msgs: 5.3.6 (/opt/ros/jazzy/share/sensor_msgs/cmake)
-- Found visualization_msgs: 5.3.6 (/opt/ros/jazzy/share/visualization_msgs/cmake)
-- Found Boost: /usr/lib/x86_64-linux-gnu/cmake/Boost-1.83.0/BoostConfig.cmake (found version "1.83.0") found components: thread 
-- Found hins_laser_interfaces: 0.0.1 (/home/u24/Documents/sw/carryall/install/hins_laser_interfaces/share/hins_laser_interfaces/cmake)
-- Found ament_lint_auto: 0.17.4 (/opt/ros/jazzy/share/ament_lint_auto/cmake)
-- Added test 'copyright' to check source files copyright and LICENSE
-- Added test 'cppcheck' to perform static code analysis on C / C++ code
-- Configured cppcheck include dirs: /home/u24/Documents/sw/carryall/src/drivers/Hinson_LE_ROS2_v0.4/hins_le_ros2/src;/home/u24/Documents/sw/carryall/src/drivers/Hinson_LE_ROS2_v0.4/hins_le_ros2/include
-- Configured cppcheck exclude dirs and/or files: 
-- Added test 'cpplint' to check C / C++ code against the Google style
-- Configured cpplint exclude dirs and/or files: 
-- Added test 'flake8' to check Python code syntax and style conventions
-- Configured 'flake8' exclude dirs and/or files: 
-- Added test 'lint_cmake' to check CMake code style
-- Added test 'pep257' to check Python code against some of the docstring style conventions in PEP 257
-- Added test 'uncrustify' to check C / C++ code style
-- Configured uncrustify additional arguments: 
-- Added test 'xmllint' to check XML markup files
-- Configuring done (3.0s)
-- Generating done (0.0s)
-- Build files have been written to: /home/u24/Documents/sw/carryall/build/hins_le_ros2
[ 25%] [32mBuilding CXX object CMakeFiles/hins_le_ros2_node.dir/src/main.cpp.o[0m
[ 50%] [32mBuilding CXX object CMakeFiles/hins_le_ros2_node.dir/src/hins/laser_data_receiver.cpp.o[0m
[ 75%] [32mBuilding CXX object CMakeFiles/hins_le_ros2_node.dir/src/hins/xingsong_driver.cpp.o[0m
In file included from [01m[K/usr/include/boost/bind/detail/requires_cxx11.hpp:9[m[K,
                 from [01m[K/usr/include/boost/bind/bind.hpp:24[m[K,
                 from [01m[K/usr/include/boost/bind.hpp:29[m[K,
                 from [01m[K/home/u24/Documents/sw/carryall/src/drivers/Hinson_LE_ROS2_v0.4/hins_le_ros2/include/hins/laser_data_receiver.h:26[m[K,
                 from [01m[K/home/u24/Documents/sw/carryall/src/drivers/Hinson_LE_ROS2_v0.4/hins_le_ros2/src/hins/laser_data_receiver.cpp:1[m[K:
[01m[K/usr/include/boost/bind.hpp:36:1:[m[K [01;36m[Knote: [m[K‘[01m[K#pragma message: The practice of declaring the Bind placeholders (_1, _2, ...) in the global namespace is deprecated. Please use <boost/bind/bind.hpp> + using namespace boost::placeholders, or define BOOST_BIND_GLOBAL_PLACEHOLDERS to retain the current behavior.[m[K’
   36 | [01;36m[KBOOST_PRAGMA_MESSAGE[m[K(
      | [01;36m[K^~~~~~~~~~~~~~~~~~~~[m[K
In file included from [01m[K/usr/include/boost/bind/detail/requires_cxx11.hpp:9[m[K,
                 from [01m[K/usr/include/boost/bind/bind.hpp:24[m[K,
                 from [01m[K/usr/include/boost/bind.hpp:29[m[K,
                 from [01m[K/home/u24/Documents/sw/carryall/src/drivers/Hinson_LE_ROS2_v0.4/hins_le_ros2/include/hins/laser_data_receiver.h:26[m[K,
                 from [01m[K/home/u24/Documents/sw/carryall/src/drivers/Hinson_LE_ROS2_v0.4/hins_le_ros2/include/hins/xingsong_driver.h:18[m[K,
                 from [01m[K/home/u24/Documents/sw/carryall/src/drivers/Hinson_LE_ROS2_v0.4/hins_le_ros2/src/hins/xingsong_driver.cpp:1[m[K:
[01m[K/usr/include/boost/bind.hpp:36:1:[m[K [01;36m[Knote: [m[K‘[01m[K#pragma message: The practice of declaring the Bind placeholders (_1, _2, ...) in the global namespace is deprecated. Please use <boost/bind/bind.hpp> + using namespace boost::placeholders, or define BOOST_BIND_GLOBAL_PLACEHOLDERS to retain the current behavior.[m[K’
   36 | [01;36m[KBOOST_PRAGMA_MESSAGE[m[K(
      | [01;36m[K^~~~~~~~~~~~~~~~~~~~[m[K
In file included from [01m[K/usr/include/boost/bind/detail/requires_cxx11.hpp:9[m[K,
                 from [01m[K/usr/include/boost/bind/bind.hpp:24[m[K,
                 from [01m[K/usr/include/boost/bind.hpp:29[m[K,
                 from [01m[K/home/u24/Documents/sw/carryall/src/drivers/Hinson_LE_ROS2_v0.4/hins_le_ros2/include/hins/laser_data_receiver.h:26[m[K,
                 from [01m[K/home/u24/Documents/sw/carryall/src/drivers/Hinson_LE_ROS2_v0.4/hins_le_ros2/include/hins/xingsong_driver.h:18[m[K,
                 from [01m[K/home/u24/Documents/sw/carryall/src/drivers/Hinson_LE_ROS2_v0.4/hins_le_ros2/src/main.cpp:1[m[K:
[01m[K/usr/include/boost/bind.hpp:36:1:[m[K [01;36m[Knote: [m[K‘[01m[K#pragma message: The practice of declaring the Bind placeholders (_1, _2, ...) in the global namespace is deprecated. Please use <boost/bind/bind.hpp> + using namespace boost::placeholders, or define BOOST_BIND_GLOBAL_PLACEHOLDERS to retain the current behavior.[m[K’
   36 | [01;36m[KBOOST_PRAGMA_MESSAGE[m[K(
      | [01;36m[K^~~~~~~~~~~~~~~~~~~~[m[K
[01m[K/home/u24/Documents/sw/carryall/src/drivers/Hinson_LE_ROS2_v0.4/hins_le_ros2/src/hins/laser_data_receiver.cpp:[m[K In member function ‘[01m[Khins::ScanData hins::LaserDataReceiver::[01;32m[KGetFullScan[m[K()[m[K’:
[01m[K/home/u24/Documents/sw/carryall/src/drivers/Hinson_LE_ROS2_v0.4/hins_le_ros2/src/hins/laser_data_receiver.cpp:121:35:[m[K [01;35m[Kwarning: [m[Kcomparison of integer expressions of different signedness: ‘[01m[Kstd::vector<unsigned int>::size_type[m[K’ {aka ‘[01m[Klong unsigned int[m[K’} and ‘[01m[Kint[m[K’ [[01;35m[K]8;;https://gcc.gnu.org/onlinedocs/gcc/Warning-Options.html#index-Wsign-compare-Wsign-compare]8;;[m[K]
  121 |     if ([01;35m[Kdata.distance_data.size() != scan_all_point_num_[m[K)
      |         [01;35m[K~~~~~~~~~~~~~~~~~~~~~~~~~~^~~~~~~~~~~~~~~~~~~~~~[m[K
[01m[K/home/u24/Documents/sw/carryall/src/drivers/Hinson_LE_ROS2_v0.4/hins_le_ros2/src/hins/xingsong_driver.cpp:[m[K In member function ‘[01m[Kvoid hins::XingSongDriver::[01;32m[KSetAreaCommand[m[K(hins::HSGetAreaDataPackage)[m[K’:
[01m[K/home/u24/Documents/sw/carryall/src/drivers/Hinson_LE_ROS2_v0.4/hins_le_ros2/src/hins/xingsong_driver.cpp:253:50:[m[K [01;35m[Kwarning: [m[Kcomparison is always false due to limited range of data type [[01;35m[K]8;;https://gcc.gnu.org/onlinedocs/gcc/Warning-Options.html#index-Wtype-limits-Wtype-limits]8;;[m[K]
  253 |     if((command.channel > 63) | ([01;35m[Kcommand.channel < 0[m[K))
      |                                  [01;35m[K~~~~~~~~~~~~~~~~^~~[m[K
[100%] [32m[1mLinking CXX executable hins_le_ros2_node[0m
[100%] Built target hins_le_ros2_node
-- Install configuration: ""
-- Execute custom install script
-- Symlinking: /home/u24/Documents/sw/carryall/install/hins_le_ros2/lib/hins_le_ros2/hins_le_ros2_node
-- Symlinking: /home/u24/Documents/sw/carryall/install/hins_le_ros2/share/hins_le_ros2/launch/__pycache__/hins_le_launch.cpython-38.pyc
-- Symlinking: /home/u24/Documents/sw/carryall/install/hins_le_ros2/share/hins_le_ros2/launch/hins_le_launch.py
-- Symlinking: /home/u24/Documents/sw/carryall/install/hins_le_ros2/share/hins_le_ros2/launch/tf2_publisher.py
-- Symlinking: /home/u24/Documents/sw/carryall/install/hins_le_ros2/share/ament_index/resource_index/package_run_dependencies/hins_le_ros2
-- Symlinking: /home/u24/Documents/sw/carryall/install/hins_le_ros2/share/ament_index/resource_index/parent_prefix_path/hins_le_ros2
-- Symlinking: /home/u24/Documents/sw/carryall/install/hins_le_ros2/share/hins_le_ros2/environment/ament_prefix_path.sh
-- Symlinking: /home/u24/Documents/sw/carryall/install/hins_le_ros2/share/hins_le_ros2/environment/ament_prefix_path.dsv
-- Symlinking: /home/u24/Documents/sw/carryall/install/hins_le_ros2/share/hins_le_ros2/environment/path.sh
-- Symlinking: /home/u24/Documents/sw/carryall/install/hins_le_ros2/share/hins_le_ros2/environment/path.dsv
-- Symlinking: /home/u24/Documents/sw/carryall/install/hins_le_ros2/share/hins_le_ros2/local_setup.bash
-- Symlinking: /home/u24/Documents/sw/carryall/install/hins_le_ros2/share/hins_le_ros2/local_setup.sh
-- Symlinking: /home/u24/Documents/sw/carryall/install/hins_le_ros2/share/hins_le_ros2/local_setup.zsh
-- Symlinking: /home/u24/Documents/sw/carryall/install/hins_le_ros2/share/hins_le_ros2/local_setup.dsv
-- Symlinking: /home/u24/Documents/sw/carryall/install/hins_le_ros2/share/hins_le_ros2/package.dsv
-- Symlinking: /home/u24/Documents/sw/carryall/install/hins_le_ros2/share/ament_index/resource_index/packages/hins_le_ros2
-- Symlinking: /home/u24/Documents/sw/carryall/install/hins_le_ros2/share/hins_le_ros2/cmake/hins_le_ros2Config.cmake
-- Symlinking: /home/u24/Documents/sw/carryall/install/hins_le_ros2/share/hins_le_ros2/cmake/hins_le_ros2Config-version.cmake
-- Symlinking: /home/u24/Documents/sw/carryall/install/hins_le_ros2/share/hins_le_ros2/package.xml
