[0.019s] Invoking command in '/home/u24/Documents/sw/carryall/build/carryall_navigation': CMAKE_PREFIX_PATH=${CMAKE_PREFIX_PATH}:/opt/ros/jazzy DEBUGINFOD_URLS=https://debuginfod.ubuntu.com /usr/bin/cmake --build /home/u24/Documents/sw/carryall/build/carryall_navigation -- -j4 -l4
[0.086s] Invoked command in '/home/u24/Documents/sw/carryall/build/carryall_navigation' returned '0': CMAKE_PREFIX_PATH=${CMAKE_PREFIX_PATH}:/opt/ros/jazzy DEBUGINFOD_URLS=https://debuginfod.ubuntu.com /usr/bin/cmake --build /home/u24/Documents/sw/carryall/build/carryall_navigation -- -j4 -l4
[0.103s] Invoking command in '/home/u24/Documents/sw/carryall/build/carryall_navigation': CMAKE_PREFIX_PATH=${CMAKE_PREFIX_PATH}:/opt/ros/jazzy DEBUGINFOD_URLS=https://debuginfod.ubuntu.com /usr/bin/cmake --install /home/u24/Documents/sw/carryall/build/carryall_navigation
[0.117s] -- Install configuration: ""
[0.118s] -- Execute custom install script
[0.119s] -- Up-to-date symlink: /home/u24/Documents/sw/carryall/install/carryall_navigation/share/carryall_navigation/launch/handheld_mapping.launch.py
[0.119s] -- Up-to-date symlink: /home/u24/Documents/sw/carryall/install/carryall_navigation/share/carryall_navigation/launch/mapping.launch.py
[0.119s] -- Up-to-date symlink: /home/u24/Documents/sw/carryall/install/carryall_navigation/share/carryall_navigation/launch/nav2.launch.py
[0.120s] -- Up-to-date symlink: /home/u24/Documents/sw/carryall/install/carryall_navigation/share/carryall_navigation/maps/warehouse_map.pgm
[0.120s] -- Up-to-date symlink: /home/u24/Documents/sw/carryall/install/carryall_navigation/share/carryall_navigation/maps/warehouse_map.yaml
[0.121s] -- Up-to-date symlink: /home/u24/Documents/sw/carryall/install/carryall_navigation/share/carryall_navigation/params/nav2_params.yaml
[0.121s] -- Up-to-date symlink: /home/u24/Documents/sw/carryall/install/carryall_navigation/share/carryall_navigation/params/slam_toolbox_params.yaml
[0.122s] -- Up-to-date symlink: /home/u24/Documents/sw/carryall/install/carryall_navigation/share/ament_index/resource_index/package_run_dependencies/carryall_navigation
[0.122s] -- Up-to-date symlink: /home/u24/Documents/sw/carryall/install/carryall_navigation/share/ament_index/resource_index/parent_prefix_path/carryall_navigation
[0.123s] -- Up-to-date symlink: /home/u24/Documents/sw/carryall/install/carryall_navigation/share/carryall_navigation/environment/ament_prefix_path.sh
[0.123s] -- Up-to-date symlink: /home/u24/Documents/sw/carryall/install/carryall_navigation/share/carryall_navigation/environment/ament_prefix_path.dsv
[0.124s] -- Up-to-date symlink: /home/u24/Documents/sw/carryall/install/carryall_navigation/share/carryall_navigation/environment/path.sh
[0.124s] -- Up-to-date symlink: /home/u24/Documents/sw/carryall/install/carryall_navigation/share/carryall_navigation/environment/path.dsv
[0.125s] -- Up-to-date symlink: /home/u24/Documents/sw/carryall/install/carryall_navigation/share/carryall_navigation/local_setup.bash
[0.125s] -- Up-to-date symlink: /home/u24/Documents/sw/carryall/install/carryall_navigation/share/carryall_navigation/local_setup.sh
[0.126s] -- Up-to-date symlink: /home/u24/Documents/sw/carryall/install/carryall_navigation/share/carryall_navigation/local_setup.zsh
[0.126s] -- Up-to-date symlink: /home/u24/Documents/sw/carryall/install/carryall_navigation/share/carryall_navigation/local_setup.dsv
[0.126s] -- Symlinking: /home/u24/Documents/sw/carryall/install/carryall_navigation/share/carryall_navigation/package.dsv
[0.141s] -- Up-to-date symlink: /home/u24/Documents/sw/carryall/install/carryall_navigation/share/ament_index/resource_index/packages/carryall_navigation
[0.142s] -- Up-to-date symlink: /home/u24/Documents/sw/carryall/install/carryall_navigation/share/carryall_navigation/cmake/carryall_navigationConfig.cmake
[0.142s] -- Up-to-date symlink: /home/u24/Documents/sw/carryall/install/carryall_navigation/share/carryall_navigation/cmake/carryall_navigationConfig-version.cmake
[0.142s] -- Up-to-date symlink: /home/u24/Documents/sw/carryall/install/carryall_navigation/share/carryall_navigation/package.xml
[0.145s] Invoked command in '/home/u24/Documents/sw/carryall/build/carryall_navigation' returned '0': CMAKE_PREFIX_PATH=${CMAKE_PREFIX_PATH}:/opt/ros/jazzy DEBUGINFOD_URLS=https://debuginfod.ubuntu.com /usr/bin/cmake --install /home/u24/Documents/sw/carryall/build/carryall_navigation
