[0.155s] Invoking command in '/home/u24/Documents/sw/carryall/build/carryall_msgs': CMAKE_PREFIX_PATH=${CMAKE_PREFIX_PATH}:/opt/ros/jazzy DEBUGINFOD_URLS=https://debuginfod.ubuntu.com /usr/bin/cmake /home/u24/Documents/sw/carryall/src/carryall_msgs -DAMENT_CMAKE_SYMLINK_INSTALL=1 -DCMAKE_INSTALL_PREFIX=/home/u24/Documents/sw/carryall/install/carryall_msgs
[0.252s] -- Found ament_cmake: 2.5.5 (/opt/ros/jazzy/share/ament_cmake/cmake)
[0.934s] -- Override CMake install command with custom implementation using symlinks instead of copying resources
[0.963s] -- Found rosidl_default_generators: 1.6.0 (/opt/ros/jazzy/share/rosidl_default_generators/cmake)
[0.972s] -- Using all available rosidl_typesupport_c: rosidl_typesupport_fastrtps_c;rosidl_typesupport_introspection_c
[1.094s] -- Using all available rosidl_typesupport_cpp: rosidl_typesupport_fastrtps_cpp;rosidl_typesupport_introspection_cpp
[1.196s] -- Found rosidl_adapter: 4.6.7 (/opt/ros/jazzy/share/rosidl_adapter/cmake)
[1.472s] -- Configuring done (1.2s)
[1.479s] -- Generating done (0.0s)
[1.484s] -- Build files have been written to: /home/u24/Documents/sw/carryall/build/carryall_msgs
[1.495s] Invoked command in '/home/u24/Documents/sw/carryall/build/carryall_msgs' returned '0': CMAKE_PREFIX_PATH=${CMAKE_PREFIX_PATH}:/opt/ros/jazzy DEBUGINFOD_URLS=https://debuginfod.ubuntu.com /usr/bin/cmake /home/u24/Documents/sw/carryall/src/carryall_msgs -DAMENT_CMAKE_SYMLINK_INSTALL=1 -DCMAKE_INSTALL_PREFIX=/home/u24/Documents/sw/carryall/install/carryall_msgs
[1.498s] Invoking command in '/home/u24/Documents/sw/carryall/build/carryall_msgs': CMAKE_PREFIX_PATH=${CMAKE_PREFIX_PATH}:/opt/ros/jazzy DEBUGINFOD_URLS=https://debuginfod.ubuntu.com /usr/bin/cmake --build /home/u24/Documents/sw/carryall/build/carryall_msgs -- -j4 -l4
[1.599s] Invoked command in '/home/u24/Documents/sw/carryall/build/carryall_msgs' returned '0': CMAKE_PREFIX_PATH=${CMAKE_PREFIX_PATH}:/opt/ros/jazzy DEBUGINFOD_URLS=https://debuginfod.ubuntu.com /usr/bin/cmake --build /home/u24/Documents/sw/carryall/build/carryall_msgs -- -j4 -l4
[1.603s] Invoking command in '/home/u24/Documents/sw/carryall/build/carryall_msgs': CMAKE_PREFIX_PATH=${CMAKE_PREFIX_PATH}:/opt/ros/jazzy DEBUGINFOD_URLS=https://debuginfod.ubuntu.com /usr/bin/cmake --install /home/u24/Documents/sw/carryall/build/carryall_msgs
[1.622s] -- Install configuration: ""
[1.624s] -- Execute custom install script
[1.625s] -- Symlinking: /home/u24/Documents/sw/carryall/install/carryall_msgs/share/ament_index/resource_index/package_run_dependencies/carryall_msgs
[1.648s] -- Symlinking: /home/u24/Documents/sw/carryall/install/carryall_msgs/share/ament_index/resource_index/parent_prefix_path/carryall_msgs
[1.672s] -- Symlinking: /home/u24/Documents/sw/carryall/install/carryall_msgs/share/carryall_msgs/environment/ament_prefix_path.sh
[1.692s] -- Symlinking: /home/u24/Documents/sw/carryall/install/carryall_msgs/share/carryall_msgs/environment/ament_prefix_path.dsv
[1.711s] -- Symlinking: /home/u24/Documents/sw/carryall/install/carryall_msgs/share/carryall_msgs/environment/path.sh
[1.733s] -- Symlinking: /home/u24/Documents/sw/carryall/install/carryall_msgs/share/carryall_msgs/environment/path.dsv
[1.758s] -- Symlinking: /home/u24/Documents/sw/carryall/install/carryall_msgs/share/carryall_msgs/local_setup.bash
[1.782s] -- Symlinking: /home/u24/Documents/sw/carryall/install/carryall_msgs/share/carryall_msgs/local_setup.sh
[1.805s] -- Symlinking: /home/u24/Documents/sw/carryall/install/carryall_msgs/share/carryall_msgs/local_setup.zsh
[1.829s] -- Symlinking: /home/u24/Documents/sw/carryall/install/carryall_msgs/share/carryall_msgs/local_setup.dsv
[1.848s] -- Symlinking: /home/u24/Documents/sw/carryall/install/carryall_msgs/share/carryall_msgs/package.dsv
[1.869s] -- Symlinking: /home/u24/Documents/sw/carryall/install/carryall_msgs/share/ament_index/resource_index/packages/carryall_msgs
[1.892s] -- Symlinking: /home/u24/Documents/sw/carryall/install/carryall_msgs/share/carryall_msgs/cmake/carryall_msgsConfig.cmake
[1.911s] -- Symlinking: /home/u24/Documents/sw/carryall/install/carryall_msgs/share/carryall_msgs/cmake/carryall_msgsConfig-version.cmake
[1.931s] -- Symlinking: /home/u24/Documents/sw/carryall/install/carryall_msgs/share/carryall_msgs/package.xml
[1.959s] Invoked command in '/home/u24/Documents/sw/carryall/build/carryall_msgs' returned '0': CMAKE_PREFIX_PATH=${CMAKE_PREFIX_PATH}:/opt/ros/jazzy DEBUGINFOD_URLS=https://debuginfod.ubuntu.com /usr/bin/cmake --install /home/u24/Documents/sw/carryall/build/carryall_msgs
