[0.425s] Invoking command in '/home/u24/Documents/sw/carryall/build/hins_laser_interfaces': CMAKE_PREFIX_PATH=${CMAKE_PREFIX_PATH}:/opt/ros/jazzy DEBUGINFOD_URLS=https://debuginfod.ubuntu.com /usr/bin/cmake /home/u24/Documents/sw/carryall/src/drivers/Hinson_laser_interfaces_ROS2/hins_laser_interfaces -DAMENT_CMAKE_SYMLINK_INSTALL=1 -DCMAKE_INSTALL_PREFIX=/home/u24/Documents/sw/carryall/install/hins_laser_interfaces
[0.742s] -- The C compiler identification is GNU 13.3.0
[1.006s] -- The CXX compiler identification is GNU 13.3.0
[1.058s] -- Detecting C compiler ABI info
[1.327s] -- Detecting C compiler ABI info - done
[1.360s] -- Check for working C compiler: /usr/bin/cc - skipped
[1.367s] -- Detecting C compile features
[1.368s] -- Detecting C compile features - done
[1.396s] -- Detecting CXX compiler ABI info
[1.708s] -- Detecting CXX compiler ABI info - done
[1.785s] -- Check for working CXX compiler: /usr/bin/c++ - skipped
[1.788s] -- Detecting CXX compile features
[1.790s] -- Detecting CXX compile features - done
[1.813s] -- Found ament_cmake: 2.5.5 (/opt/ros/jazzy/share/ament_cmake/cmake)
[2.313s] -- Found Python3: /usr/bin/python3 (found version "3.12.3") found components: Interpreter 
[2.547s] -- Override CMake install command with custom implementation using symlinks instead of copying resources
[2.706s] -- Found rosidl_default_generators: 1.6.0 (/opt/ros/jazzy/share/rosidl_default_generators/cmake)
[2.741s] -- Using all available rosidl_typesupport_c: rosidl_typesupport_fastrtps_c;rosidl_typesupport_introspection_c
[3.012s] -- Using all available rosidl_typesupport_cpp: rosidl_typesupport_fastrtps_cpp;rosidl_typesupport_introspection_cpp
[3.199s] -- Found rosidl_adapter: 4.6.7 (/opt/ros/jazzy/share/rosidl_adapter/cmake)
[4.665s] -- Found ament_cmake_ros: 0.12.0 (/opt/ros/jazzy/share/ament_cmake_ros/cmake)
[5.411s] -- Using all available rosidl_typesupport_c: rosidl_typesupport_fastrtps_c;rosidl_typesupport_introspection_c
[6.398s] -- Using all available rosidl_typesupport_cpp: rosidl_typesupport_fastrtps_cpp;rosidl_typesupport_introspection_cpp
[6.405s] -- Found python_cmake_module: 0.11.1 (/opt/ros/jazzy/share/python_cmake_module/cmake)
[6.644s] -- Found PythonExtra: /usr/bin/python3  
[7.438s] -- Found Python3: /usr/bin/python3 (found version "3.12.3") found components: Interpreter Development NumPy Development.Module Development.Embed 
[7.506s] -- Found ament_lint_auto: 0.17.4 (/opt/ros/jazzy/share/ament_lint_auto/cmake)
[7.576s] -- Added test 'copyright' to check source files copyright and LICENSE
[7.581s] -- Added test 'lint_cmake' to check CMake code style
[7.584s] -- Added test 'xmllint' to check XML markup files
[7.596s] -- Configuring done (7.2s)
[7.676s] -- Generating done (0.1s)
[7.697s] -- Build files have been written to: /home/u24/Documents/sw/carryall/build/hins_laser_interfaces
