[0.428s] Invoking command in '/home/u24/Documents/sw/carryall/build/carryall_description': CMAKE_PREFIX_PATH=${CMAKE_PREFIX_PATH}:/opt/ros/jazzy DEBUGINFOD_URLS=https://debuginfod.ubuntu.com /usr/bin/cmake --build /home/u24/Documents/sw/carryall/build/carryall_description -- -j4 -l4
[0.590s] Invoked command in '/home/u24/Documents/sw/carryall/build/carryall_description' returned '0': CMAKE_PREFIX_PATH=${CMAKE_PREFIX_PATH}:/opt/ros/jazzy DEBUGINFOD_URLS=https://debuginfod.ubuntu.com /usr/bin/cmake --build /home/u24/Documents/sw/carryall/build/carryall_description -- -j4 -l4
[0.591s] Invoking command in '/home/u24/Documents/sw/carryall/build/carryall_description': CMAKE_PREFIX_PATH=${CMAKE_PREFIX_PATH}:/opt/ros/jazzy DEBUGINFOD_URLS=https://debuginfod.ubuntu.com /usr/bin/cmake --install /home/u24/Documents/sw/carryall/build/carryall_description
[0.636s] -- Install configuration: ""
[0.643s] -- Execute custom install script
[0.644s] -- Up-to-date symlink: /home/u24/Documents/sw/carryall/install/carryall_description/share/carryall_description/urdf/carryall.urdf.xacro
[0.644s] -- Up-to-date symlink: /home/u24/Documents/sw/carryall/install/carryall_description/share/carryall_description/urdf/carryall_gazebo.xacro
[0.649s] -- Up-to-date symlink: /home/u24/Documents/sw/carryall/install/carryall_description/share/carryall_description/urdf/sensors.xacro
[0.650s] -- Up-to-date symlink: /home/u24/Documents/sw/carryall/install/carryall_description/share/carryall_description/launch/display.launch.py
[0.650s] -- Up-to-date symlink: /home/u24/Documents/sw/carryall/install/carryall_description/share/carryall_description/launch/gazebo.launch.py
[0.655s] -- Up-to-date symlink: /home/u24/Documents/sw/carryall/install/carryall_description/share/carryall_description/worlds/warehouse.sdf
[0.657s] -- Up-to-date symlink: /home/u24/Documents/sw/carryall/install/carryall_description/share/ament_index/resource_index/package_run_dependencies/carryall_description
[0.661s] -- Up-to-date symlink: /home/u24/Documents/sw/carryall/install/carryall_description/share/ament_index/resource_index/parent_prefix_path/carryall_description
[0.661s] -- Up-to-date symlink: /home/u24/Documents/sw/carryall/install/carryall_description/share/carryall_description/environment/ament_prefix_path.sh
[0.662s] -- Up-to-date symlink: /home/u24/Documents/sw/carryall/install/carryall_description/share/carryall_description/environment/ament_prefix_path.dsv
[0.662s] -- Up-to-date symlink: /home/u24/Documents/sw/carryall/install/carryall_description/share/carryall_description/environment/path.sh
[0.663s] -- Up-to-date symlink: /home/u24/Documents/sw/carryall/install/carryall_description/share/carryall_description/environment/path.dsv
[0.667s] -- Up-to-date symlink: /home/u24/Documents/sw/carryall/install/carryall_description/share/carryall_description/local_setup.bash
[0.667s] -- Up-to-date symlink: /home/u24/Documents/sw/carryall/install/carryall_description/share/carryall_description/local_setup.sh
[0.670s] -- Up-to-date symlink: /home/u24/Documents/sw/carryall/install/carryall_description/share/carryall_description/local_setup.zsh
[0.670s] -- Up-to-date symlink: /home/u24/Documents/sw/carryall/install/carryall_description/share/carryall_description/local_setup.dsv
[0.671s] -- Symlinking: /home/u24/Documents/sw/carryall/install/carryall_description/share/carryall_description/package.dsv
[0.700s] -- Up-to-date symlink: /home/u24/Documents/sw/carryall/install/carryall_description/share/ament_index/resource_index/packages/carryall_description
[0.701s] -- Up-to-date symlink: /home/u24/Documents/sw/carryall/install/carryall_description/share/carryall_description/cmake/carryall_descriptionConfig.cmake
[0.702s] -- Up-to-date symlink: /home/u24/Documents/sw/carryall/install/carryall_description/share/carryall_description/cmake/carryall_descriptionConfig-version.cmake
[0.702s] -- Up-to-date symlink: /home/u24/Documents/sw/carryall/install/carryall_description/share/carryall_description/package.xml
[0.713s] Invoked command in '/home/u24/Documents/sw/carryall/build/carryall_description' returned '0': CMAKE_PREFIX_PATH=${CMAKE_PREFIX_PATH}:/opt/ros/jazzy DEBUGINFOD_URLS=https://debuginfod.ubuntu.com /usr/bin/cmake --install /home/u24/Documents/sw/carryall/build/carryall_description
